{"/home/tejas/Desktop/slcm/course/src/error.ts": {"path":"/home/tejas/Desktop/slcm/course/src/error.ts","statementMap":{"0":{"start":{"line":6,"column":8},"end":{"line":6,"column":null}},"1":{"start":{"line":7,"column":8},"end":{"line":7,"column":null}},"2":{"start":{"line":8,"column":8},"end":{"line":8,"column":null}},"3":{"start":{"line":12,"column":0},"end":{"line":12,"column":null}}},"fnMap":{"0":{"name":"(anonymous_0)","decl":{"start":{"line":5,"column":4},"end":{"line":5,"column":16}},"loc":{"start":{"line":5,"column":67},"end":{"line":9,"column":5}}}},"branchMap":{},"s":{"0":0,"1":0,"2":0,"3":1},"f":{"0":0},"b":{}}
,"/home/tejas/Desktop/slcm/course/src/index.ts": {"path":"/home/tejas/Desktop/slcm/course/src/index.ts","statementMap":{"0":{"start":{"line":1,"column":0},"end":{"line":1,"column":25}},"1":{"start":{"line":2,"column":0},"end":{"line":2,"column":22}},"2":{"start":{"line":3,"column":0},"end":{"line":3,"column":66}},"3":{"start":{"line":4,"column":0},"end":{"line":4,"column":30}},"4":{"start":{"line":5,"column":0},"end":{"line":5,"column":32}},"5":{"start":{"line":6,"column":0},"end":{"line":6,"column":61}},"6":{"start":{"line":7,"column":0},"end":{"line":7,"column":61}},"7":{"start":{"line":8,"column":0},"end":{"line":8,"column":59}},"8":{"start":{"line":9,"column":0},"end":{"line":9,"column":69}},"9":{"start":{"line":11,"column":33},"end":{"line":11,"column":42}},"10":{"start":{"line":12,"column":13},"end":{"line":12,"column":null}},"11":{"start":{"line":13,"column":0},"end":{"line":13,"column":null}},"12":{"start":{"line":15,"column":15},"end":{"line":18,"column":2}},"13":{"start":{"line":16,"column":4},"end":{"line":16,"column":null}},"14":{"start":{"line":17,"column":4},"end":{"line":17,"column":null}},"15":{"start":{"line":20,"column":17},"end":{"line":22,"column":1}},"16":{"start":{"line":21,"column":4},"end":{"line":21,"column":null}},"17":{"start":{"line":24,"column":0},"end":{"line":24,"column":null}},"18":{"start":{"line":25,"column":0},"end":{"line":25,"column":null}},"19":{"start":{"line":26,"column":0},"end":{"line":26,"column":null}},"20":{"start":{"line":27,"column":0},"end":{"line":27,"column":null}},"21":{"start":{"line":28,"column":0},"end":{"line":33,"column":null}},"22":{"start":{"line":29,"column":4},"end":{"line":32,"column":null}},"23":{"start":{"line":35,"column":0},"end":{"line":46,"column":null}},"24":{"start":{"line":35,"column":76},"end":{"line":46,"column":2}},"25":{"start":{"line":36,"column":4},"end":{"line":41,"column":null}},"26":{"start":{"line":37,"column":8},"end":{"line":37,"column":null}},"27":{"start":{"line":38,"column":8},"end":{"line":40,"column":null}},"28":{"start":{"line":42,"column":4},"end":{"line":45,"column":null}},"29":{"start":{"line":48,"column":0},"end":{"line":51,"column":null}},"30":{"start":{"line":50,"column":8},"end":{"line":50,"column":null}},"31":{"start":{"line":52,"column":0},"end":{"line":55,"column":null}},"32":{"start":{"line":54,"column":8},"end":{"line":54,"column":null}},"33":{"start":{"line":57,"column":0},"end":{"line":57,"column":null}},"34":{"start":{"line":57,"column":28},"end":{"line":57,"column":43}},"35":{"start":{"line":58,"column":0},"end":{"line":58,"column":null}},"36":{"start":{"line":58,"column":27},"end":{"line":58,"column":42}},"37":{"start":{"line":60,"column":0},"end":{"line":60,"column":null}}},"fnMap":{"0":{"name":"(anonymous_8)","decl":{"start":{"line":15,"column":44},"end":{"line":15,"column":47}},"loc":{"start":{"line":15,"column":49},"end":{"line":18,"column":1}}},"1":{"name":"(anonymous_9)","decl":{"start":{"line":20,"column":17},"end":{"line":20,"column":20}},"loc":{"start":{"line":20,"column":22},"end":{"line":22,"column":1}}},"2":{"name":"(anonymous_10)","decl":{"start":{"line":28,"column":13},"end":{"line":28,"column":14}},"loc":{"start":{"line":28,"column":45},"end":{"line":33,"column":1}}},"3":{"name":"(anonymous_11)","decl":{"start":{"line":35,"column":8},"end":{"line":35,"column":15}},"loc":{"start":{"line":35,"column":76},"end":{"line":46,"column":2}}},"4":{"name":"(anonymous_12)","decl":{"start":{"line":35,"column":76},"end":{"line":35,"column":null}},"loc":{"start":{"line":35,"column":76},"end":{"line":46,"column":1}}},"5":{"name":"(anonymous_13)","decl":{"start":{"line":49,"column":36},"end":{"line":49,"column":37}},"loc":{"start":{"line":49,"column":44},"end":{"line":51,"column":5}}},"6":{"name":"(anonymous_14)","decl":{"start":{"line":53,"column":37},"end":{"line":53,"column":38}},"loc":{"start":{"line":53,"column":45},"end":{"line":55,"column":5}}},"7":{"name":"(anonymous_15)","decl":{"start":{"line":57,"column":22},"end":{"line":57,"column":25}},"loc":{"start":{"line":57,"column":28},"end":{"line":57,"column":43}}},"8":{"name":"(anonymous_16)","decl":{"start":{"line":58,"column":21},"end":{"line":58,"column":24}},"loc":{"start":{"line":58,"column":27},"end":{"line":58,"column":42}}}},"branchMap":{"0":{"loc":{"start":{"line":36,"column":4},"end":{"line":41,"column":null}},"type":"if","locations":[{"start":{"line":36,"column":4},"end":{"line":41,"column":null}}]},"1":{"loc":{"start":{"line":48,"column":0},"end":{"line":51,"column":6}},"type":"binary-expr","locations":[{"start":{"line":48,"column":0},"end":{"line":48,"column":37}},{"start":{"line":49,"column":4},"end":{"line":51,"column":6}}]},"2":{"loc":{"start":{"line":52,"column":0},"end":{"line":55,"column":6}},"type":"binary-expr","locations":[{"start":{"line":52,"column":0},"end":{"line":52,"column":37}},{"start":{"line":53,"column":4},"end":{"line":55,"column":6}}]}},"s":{"0":1,"1":1,"2":1,"3":1,"4":1,"5":1,"6":1,"7":1,"8":1,"9":1,"10":1,"11":1,"12":1,"13":1,"14":1,"15":1,"16":1,"17":1,"18":1,"19":1,"20":1,"21":1,"22":10,"23":1,"24":0,"25":0,"26":0,"27":0,"28":0,"29":1,"30":0,"31":1,"32":0,"33":1,"34":0,"35":1,"36":0,"37":1},"f":{"0":1,"1":1,"2":10,"3":0,"4":0,"5":0,"6":0,"7":0,"8":0},"b":{"0":[0],"1":[1,1],"2":[1,1]}}
,"/home/tejas/Desktop/slcm/course/src/mockData.ts": {"path":"/home/tejas/Desktop/slcm/course/src/mockData.ts","statementMap":{"0":{"start":{"line":1,"column":0},"end":{"line":1,"column":67}},"1":{"start":{"line":2,"column":0},"end":{"line":2,"column":32}},"2":{"start":{"line":7,"column":26},"end":{"line":7,"column":27}},"3":{"start":{"line":8,"column":27},"end":{"line":8,"column":30}},"4":{"start":{"line":10,"column":13},"end":{"line":29,"column":null}},"5":{"start":{"line":31,"column":13},"end":{"line":64,"column":null}},"6":{"start":{"line":66,"column":13},"end":{"line":109,"column":null}},"7":{"start":{"line":111,"column":13},"end":{"line":111,"column":null}},"8":{"start":{"line":112,"column":0},"end":{"line":122,"column":null}},"9":{"start":{"line":112,"column":13},"end":{"line":112,"column":14}},"10":{"start":{"line":113,"column":4},"end":{"line":121,"column":null}},"11":{"start":{"line":124,"column":13},"end":{"line":124,"column":null}},"12":{"start":{"line":125,"column":0},"end":{"line":126,"column":null}},"13":{"start":{"line":125,"column":13},"end":{"line":125,"column":14}},"14":{"start":{"line":126,"column":4},"end":{"line":126,"column":null}},"15":{"start":{"line":128,"column":13},"end":{"line":134,"column":null}},"16":{"start":{"line":136,"column":13},"end":{"line":147,"column":null}}},"fnMap":{},"branchMap":{},"s":{"0":1,"1":1,"2":1,"3":1,"4":1,"5":1,"6":1,"7":1,"8":1,"9":1,"10":4,"11":1,"12":1,"13":1,"14":250,"15":1,"16":1},"f":{},"b":{}}
,"/home/tejas/Desktop/slcm/course/src/controllers/ClassController.ts": {"path":"/home/tejas/Desktop/slcm/course/src/controllers/ClassController.ts","statementMap":{"0":{"start":{"line":1,"column":0},"end":{"line":1,"column":34}},"1":{"start":{"line":3,"column":0},"end":{"line":3,"column":32}},"2":{"start":{"line":4,"column":0},"end":{"line":4,"column":51}},"3":{"start":{"line":5,"column":0},"end":{"line":5,"column":57}},"4":{"start":{"line":8,"column":0},"end":{"line":191,"column":null}},"5":{"start":{"line":11,"column":25},"end":{"line":11,"column":39}},"6":{"start":{"line":12,"column":25},"end":{"line":12,"column":41}},"7":{"start":{"line":190,"column":4},"end":{"line":190,"column":null}},"8":{"start":{"line":190,"column":22},"end":{"line":190,"column":33}},"9":{"start":{"line":14,"column":8},"end":{"line":14,"column":null}},"10":{"start":{"line":15,"column":8},"end":{"line":26,"column":null}},"11":{"start":{"line":19,"column":16},"end":{"line":24,"column":null}},"12":{"start":{"line":22,"column":24},"end":{"line":22,"column":69}},"13":{"start":{"line":24,"column":36},"end":{"line":24,"column":45}},"14":{"start":{"line":27,"column":8},"end":{"line":42,"column":null}},"15":{"start":{"line":31,"column":53},"end":{"line":31,"column":61}},"16":{"start":{"line":32,"column":16},"end":{"line":40,"column":null}},"17":{"start":{"line":35,"column":24},"end":{"line":38,"column":26}},"18":{"start":{"line":40,"column":36},"end":{"line":40,"column":45}},"19":{"start":{"line":43,"column":8},"end":{"line":55,"column":null}},"20":{"start":{"line":47,"column":53},"end":{"line":47,"column":61}},"21":{"start":{"line":48,"column":16},"end":{"line":53,"column":null}},"22":{"start":{"line":51,"column":24},"end":{"line":51,"column":69}},"23":{"start":{"line":53,"column":36},"end":{"line":53,"column":45}},"24":{"start":{"line":56,"column":8},"end":{"line":75,"column":null}},"25":{"start":{"line":60,"column":53},"end":{"line":60,"column":61}},"26":{"start":{"line":61,"column":16},"end":{"line":73,"column":null}},"27":{"start":{"line":68,"column":24},"end":{"line":71,"column":26}},"28":{"start":{"line":73,"column":36},"end":{"line":73,"column":45}},"29":{"start":{"line":76,"column":8},"end":{"line":96,"column":null}},"30":{"start":{"line":80,"column":63},"end":{"line":80,"column":71}},"31":{"start":{"line":81,"column":16},"end":{"line":94,"column":null}},"32":{"start":{"line":89,"column":24},"end":{"line":92,"column":26}},"33":{"start":{"line":94,"column":36},"end":{"line":94,"column":45}},"34":{"start":{"line":97,"column":8},"end":{"line":112,"column":null}},"35":{"start":{"line":101,"column":55},"end":{"line":101,"column":63}},"36":{"start":{"line":102,"column":16},"end":{"line":110,"column":null}},"37":{"start":{"line":105,"column":24},"end":{"line":108,"column":26}},"38":{"start":{"line":110,"column":36},"end":{"line":110,"column":45}},"39":{"start":{"line":113,"column":8},"end":{"line":128,"column":null}},"40":{"start":{"line":117,"column":44},"end":{"line":117,"column":52}},"41":{"start":{"line":118,"column":16},"end":{"line":126,"column":null}},"42":{"start":{"line":121,"column":24},"end":{"line":124,"column":26}},"43":{"start":{"line":126,"column":36},"end":{"line":126,"column":45}},"44":{"start":{"line":130,"column":8},"end":{"line":143,"column":null}},"45":{"start":{"line":134,"column":31},"end":{"line":134,"column":41}},"46":{"start":{"line":135,"column":43},"end":{"line":135,"column":51}},"47":{"start":{"line":136,"column":16},"end":{"line":141,"column":null}},"48":{"start":{"line":139,"column":24},"end":{"line":139,"column":69}},"49":{"start":{"line":141,"column":36},"end":{"line":141,"column":45}},"50":{"start":{"line":144,"column":8},"end":{"line":157,"column":null}},"51":{"start":{"line":148,"column":31},"end":{"line":148,"column":41}},"52":{"start":{"line":149,"column":53},"end":{"line":149,"column":61}},"53":{"start":{"line":150,"column":16},"end":{"line":155,"column":null}},"54":{"start":{"line":153,"column":24},"end":{"line":153,"column":69}},"55":{"start":{"line":155,"column":36},"end":{"line":155,"column":45}},"56":{"start":{"line":158,"column":8},"end":{"line":171,"column":null}},"57":{"start":{"line":162,"column":31},"end":{"line":162,"column":41}},"58":{"start":{"line":163,"column":34},"end":{"line":163,"column":42}},"59":{"start":{"line":164,"column":16},"end":{"line":169,"column":null}},"60":{"start":{"line":167,"column":24},"end":{"line":167,"column":69}},"61":{"start":{"line":169,"column":36},"end":{"line":169,"column":45}},"62":{"start":{"line":172,"column":8},"end":{"line":188,"column":null}},"63":{"start":{"line":176,"column":31},"end":{"line":176,"column":41}},"64":{"start":{"line":177,"column":34},"end":{"line":177,"column":42}},"65":{"start":{"line":178,"column":16},"end":{"line":186,"column":null}},"66":{"start":{"line":181,"column":24},"end":{"line":184,"column":26}},"67":{"start":{"line":186,"column":36},"end":{"line":186,"column":45}},"68":{"start":{"line":8,"column":21},"end":{"line":191,"column":null}},"69":{"start":{"line":8,"column":21},"end":{"line":8,"column":null}}},"fnMap":{"0":{"name":"(anonymous_9)","decl":{"start":{"line":10,"column":4},"end":{"line":10,"column":null}},"loc":{"start":{"line":12,"column":55},"end":{"line":189,"column":5}}},"1":{"name":"(anonymous_10)","decl":{"start":{"line":190,"column":16},"end":{"line":190,"column":19}},"loc":{"start":{"line":190,"column":22},"end":{"line":190,"column":33}}},"2":{"name":"(anonymous_11)","decl":{"start":{"line":18,"column":12},"end":{"line":18,"column":13}},"loc":{"start":{"line":18,"column":64},"end":{"line":25,"column":13}}},"3":{"name":"(anonymous_12)","decl":{"start":{"line":21,"column":26},"end":{"line":21,"column":27}},"loc":{"start":{"line":22,"column":24},"end":{"line":22,"column":69}}},"4":{"name":"(anonymous_13)","decl":{"start":{"line":24,"column":27},"end":{"line":24,"column":28}},"loc":{"start":{"line":24,"column":36},"end":{"line":24,"column":45}}},"5":{"name":"(anonymous_14)","decl":{"start":{"line":30,"column":12},"end":{"line":30,"column":13}},"loc":{"start":{"line":30,"column":64},"end":{"line":41,"column":13}}},"6":{"name":"(anonymous_15)","decl":{"start":{"line":34,"column":26},"end":{"line":34,"column":29}},"loc":{"start":{"line":35,"column":24},"end":{"line":38,"column":26}}},"7":{"name":"(anonymous_16)","decl":{"start":{"line":40,"column":27},"end":{"line":40,"column":28}},"loc":{"start":{"line":40,"column":36},"end":{"line":40,"column":45}}},"8":{"name":"(anonymous_17)","decl":{"start":{"line":46,"column":12},"end":{"line":46,"column":13}},"loc":{"start":{"line":46,"column":64},"end":{"line":54,"column":13}}},"9":{"name":"(anonymous_18)","decl":{"start":{"line":50,"column":26},"end":{"line":50,"column":27}},"loc":{"start":{"line":51,"column":24},"end":{"line":51,"column":69}}},"10":{"name":"(anonymous_19)","decl":{"start":{"line":53,"column":27},"end":{"line":53,"column":28}},"loc":{"start":{"line":53,"column":36},"end":{"line":53,"column":45}}},"11":{"name":"(anonymous_20)","decl":{"start":{"line":59,"column":12},"end":{"line":59,"column":13}},"loc":{"start":{"line":59,"column":64},"end":{"line":74,"column":13}}},"12":{"name":"(anonymous_21)","decl":{"start":{"line":67,"column":26},"end":{"line":67,"column":29}},"loc":{"start":{"line":68,"column":24},"end":{"line":71,"column":26}}},"13":{"name":"(anonymous_22)","decl":{"start":{"line":73,"column":27},"end":{"line":73,"column":28}},"loc":{"start":{"line":73,"column":36},"end":{"line":73,"column":45}}},"14":{"name":"(anonymous_23)","decl":{"start":{"line":79,"column":12},"end":{"line":79,"column":13}},"loc":{"start":{"line":79,"column":64},"end":{"line":95,"column":13}}},"15":{"name":"(anonymous_24)","decl":{"start":{"line":88,"column":26},"end":{"line":88,"column":27}},"loc":{"start":{"line":89,"column":24},"end":{"line":92,"column":26}}},"16":{"name":"(anonymous_25)","decl":{"start":{"line":94,"column":27},"end":{"line":94,"column":28}},"loc":{"start":{"line":94,"column":36},"end":{"line":94,"column":45}}},"17":{"name":"(anonymous_26)","decl":{"start":{"line":100,"column":12},"end":{"line":100,"column":13}},"loc":{"start":{"line":100,"column":64},"end":{"line":111,"column":13}}},"18":{"name":"(anonymous_27)","decl":{"start":{"line":104,"column":26},"end":{"line":104,"column":27}},"loc":{"start":{"line":105,"column":24},"end":{"line":108,"column":26}}},"19":{"name":"(anonymous_28)","decl":{"start":{"line":110,"column":27},"end":{"line":110,"column":28}},"loc":{"start":{"line":110,"column":36},"end":{"line":110,"column":45}}},"20":{"name":"(anonymous_29)","decl":{"start":{"line":116,"column":12},"end":{"line":116,"column":13}},"loc":{"start":{"line":116,"column":64},"end":{"line":127,"column":13}}},"21":{"name":"(anonymous_30)","decl":{"start":{"line":120,"column":26},"end":{"line":120,"column":29}},"loc":{"start":{"line":121,"column":24},"end":{"line":124,"column":26}}},"22":{"name":"(anonymous_31)","decl":{"start":{"line":126,"column":27},"end":{"line":126,"column":28}},"loc":{"start":{"line":126,"column":36},"end":{"line":126,"column":45}}},"23":{"name":"(anonymous_32)","decl":{"start":{"line":133,"column":12},"end":{"line":133,"column":13}},"loc":{"start":{"line":133,"column":64},"end":{"line":142,"column":13}}},"24":{"name":"(anonymous_33)","decl":{"start":{"line":138,"column":26},"end":{"line":138,"column":27}},"loc":{"start":{"line":139,"column":24},"end":{"line":139,"column":69}}},"25":{"name":"(anonymous_34)","decl":{"start":{"line":141,"column":27},"end":{"line":141,"column":28}},"loc":{"start":{"line":141,"column":36},"end":{"line":141,"column":45}}},"26":{"name":"(anonymous_35)","decl":{"start":{"line":147,"column":12},"end":{"line":147,"column":13}},"loc":{"start":{"line":147,"column":64},"end":{"line":156,"column":13}}},"27":{"name":"(anonymous_36)","decl":{"start":{"line":152,"column":26},"end":{"line":152,"column":27}},"loc":{"start":{"line":153,"column":24},"end":{"line":153,"column":69}}},"28":{"name":"(anonymous_37)","decl":{"start":{"line":155,"column":27},"end":{"line":155,"column":28}},"loc":{"start":{"line":155,"column":36},"end":{"line":155,"column":45}}},"29":{"name":"(anonymous_38)","decl":{"start":{"line":161,"column":12},"end":{"line":161,"column":13}},"loc":{"start":{"line":161,"column":64},"end":{"line":170,"column":13}}},"30":{"name":"(anonymous_39)","decl":{"start":{"line":166,"column":26},"end":{"line":166,"column":27}},"loc":{"start":{"line":167,"column":24},"end":{"line":167,"column":69}}},"31":{"name":"(anonymous_40)","decl":{"start":{"line":169,"column":27},"end":{"line":169,"column":28}},"loc":{"start":{"line":169,"column":36},"end":{"line":169,"column":45}}},"32":{"name":"(anonymous_41)","decl":{"start":{"line":175,"column":12},"end":{"line":175,"column":13}},"loc":{"start":{"line":175,"column":64},"end":{"line":187,"column":13}}},"33":{"name":"(anonymous_42)","decl":{"start":{"line":180,"column":26},"end":{"line":180,"column":29}},"loc":{"start":{"line":181,"column":24},"end":{"line":184,"column":26}}},"34":{"name":"(anonymous_43)","decl":{"start":{"line":186,"column":27},"end":{"line":186,"column":28}},"loc":{"start":{"line":186,"column":36},"end":{"line":186,"column":45}}}},"branchMap":{},"s":{"0":1,"1":1,"2":1,"3":1,"4":1,"5":1,"6":1,"7":1,"8":1,"9":1,"10":1,"11":1,"12":1,"13":0,"14":1,"15":1,"16":1,"17":1,"18":0,"19":1,"20":1,"21":1,"22":1,"23":0,"24":1,"25":1,"26":1,"27":1,"28":0,"29":1,"30":1,"31":1,"32":1,"33":0,"34":1,"35":0,"36":0,"37":0,"38":0,"39":1,"40":0,"41":0,"42":0,"43":0,"44":1,"45":7,"46":7,"47":7,"48":7,"49":0,"50":1,"51":0,"52":0,"53":0,"54":0,"55":0,"56":1,"57":1,"58":1,"59":1,"60":1,"61":0,"62":1,"63":1,"64":1,"65":1,"66":1,"67":0,"68":1,"69":1},"f":{"0":1,"1":1,"2":1,"3":1,"4":0,"5":1,"6":1,"7":0,"8":1,"9":1,"10":0,"11":1,"12":1,"13":0,"14":1,"15":1,"16":0,"17":0,"18":0,"19":0,"20":0,"21":0,"22":0,"23":7,"24":7,"25":0,"26":0,"27":0,"28":0,"29":1,"30":1,"31":0,"32":1,"33":1,"34":0},"b":{}}
,"/home/tejas/Desktop/slcm/course/src/controllers/CourseController.ts": {"path":"/home/tejas/Desktop/slcm/course/src/controllers/CourseController.ts","statementMap":{"0":{"start":{"line":1,"column":0},"end":{"line":1,"column":32}},"1":{"start":{"line":3,"column":0},"end":{"line":3,"column":34}},"2":{"start":{"line":4,"column":0},"end":{"line":4,"column":53}},"3":{"start":{"line":5,"column":0},"end":{"line":5,"column":59}},"4":{"start":{"line":8,"column":0},"end":{"line":90,"column":null}},"5":{"start":{"line":11,"column":25},"end":{"line":11,"column":40}},"6":{"start":{"line":12,"column":25},"end":{"line":12,"column":42}},"7":{"start":{"line":87,"column":4},"end":{"line":89,"column":null}},"8":{"start":{"line":88,"column":8},"end":{"line":88,"column":null}},"9":{"start":{"line":14,"column":8},"end":{"line":14,"column":null}},"10":{"start":{"line":15,"column":8},"end":{"line":26,"column":null}},"11":{"start":{"line":19,"column":16},"end":{"line":24,"column":null}},"12":{"start":{"line":22,"column":24},"end":{"line":22,"column":69}},"13":{"start":{"line":24,"column":36},"end":{"line":24,"column":45}},"14":{"start":{"line":27,"column":8},"end":{"line":42,"column":null}},"15":{"start":{"line":31,"column":31},"end":{"line":31,"column":41}},"16":{"start":{"line":32,"column":16},"end":{"line":40,"column":null}},"17":{"start":{"line":35,"column":24},"end":{"line":38,"column":26}},"18":{"start":{"line":40,"column":36},"end":{"line":40,"column":45}},"19":{"start":{"line":43,"column":8},"end":{"line":55,"column":null}},"20":{"start":{"line":47,"column":31},"end":{"line":47,"column":41}},"21":{"start":{"line":48,"column":16},"end":{"line":53,"column":null}},"22":{"start":{"line":51,"column":24},"end":{"line":51,"column":69}},"23":{"start":{"line":53,"column":36},"end":{"line":53,"column":45}},"24":{"start":{"line":56,"column":8},"end":{"line":70,"column":null}},"25":{"start":{"line":60,"column":16},"end":{"line":68,"column":null}},"26":{"start":{"line":63,"column":24},"end":{"line":66,"column":26}},"27":{"start":{"line":68,"column":36},"end":{"line":68,"column":45}},"28":{"start":{"line":71,"column":8},"end":{"line":85,"column":null}},"29":{"start":{"line":75,"column":16},"end":{"line":83,"column":null}},"30":{"start":{"line":78,"column":24},"end":{"line":81,"column":26}},"31":{"start":{"line":83,"column":36},"end":{"line":83,"column":45}},"32":{"start":{"line":8,"column":6},"end":{"line":90,"column":null}},"33":{"start":{"line":92,"column":0},"end":{"line":92,"column":null}}},"fnMap":{"0":{"name":"(anonymous_9)","decl":{"start":{"line":10,"column":4},"end":{"line":10,"column":null}},"loc":{"start":{"line":12,"column":57},"end":{"line":86,"column":5}}},"1":{"name":"(anonymous_10)","decl":{"start":{"line":87,"column":16},"end":{"line":87,"column":19}},"loc":{"start":{"line":87,"column":21},"end":{"line":89,"column":5}}},"2":{"name":"(anonymous_11)","decl":{"start":{"line":18,"column":12},"end":{"line":18,"column":13}},"loc":{"start":{"line":18,"column":64},"end":{"line":25,"column":13}}},"3":{"name":"(anonymous_12)","decl":{"start":{"line":21,"column":26},"end":{"line":21,"column":27}},"loc":{"start":{"line":22,"column":24},"end":{"line":22,"column":69}}},"4":{"name":"(anonymous_13)","decl":{"start":{"line":24,"column":27},"end":{"line":24,"column":28}},"loc":{"start":{"line":24,"column":36},"end":{"line":24,"column":45}}},"5":{"name":"(anonymous_14)","decl":{"start":{"line":30,"column":12},"end":{"line":30,"column":13}},"loc":{"start":{"line":30,"column":64},"end":{"line":41,"column":13}}},"6":{"name":"(anonymous_15)","decl":{"start":{"line":34,"column":26},"end":{"line":34,"column":27}},"loc":{"start":{"line":35,"column":24},"end":{"line":38,"column":26}}},"7":{"name":"(anonymous_16)","decl":{"start":{"line":40,"column":27},"end":{"line":40,"column":28}},"loc":{"start":{"line":40,"column":36},"end":{"line":40,"column":45}}},"8":{"name":"(anonymous_17)","decl":{"start":{"line":46,"column":12},"end":{"line":46,"column":13}},"loc":{"start":{"line":46,"column":64},"end":{"line":54,"column":13}}},"9":{"name":"(anonymous_18)","decl":{"start":{"line":50,"column":26},"end":{"line":50,"column":27}},"loc":{"start":{"line":51,"column":24},"end":{"line":51,"column":69}}},"10":{"name":"(anonymous_19)","decl":{"start":{"line":53,"column":27},"end":{"line":53,"column":28}},"loc":{"start":{"line":53,"column":36},"end":{"line":53,"column":45}}},"11":{"name":"(anonymous_20)","decl":{"start":{"line":59,"column":12},"end":{"line":59,"column":13}},"loc":{"start":{"line":59,"column":64},"end":{"line":69,"column":13}}},"12":{"name":"(anonymous_21)","decl":{"start":{"line":62,"column":26},"end":{"line":62,"column":29}},"loc":{"start":{"line":63,"column":24},"end":{"line":66,"column":26}}},"13":{"name":"(anonymous_22)","decl":{"start":{"line":68,"column":27},"end":{"line":68,"column":28}},"loc":{"start":{"line":68,"column":36},"end":{"line":68,"column":45}}},"14":{"name":"(anonymous_23)","decl":{"start":{"line":74,"column":12},"end":{"line":74,"column":13}},"loc":{"start":{"line":74,"column":64},"end":{"line":84,"column":13}}},"15":{"name":"(anonymous_24)","decl":{"start":{"line":77,"column":26},"end":{"line":77,"column":29}},"loc":{"start":{"line":78,"column":24},"end":{"line":81,"column":26}}},"16":{"name":"(anonymous_25)","decl":{"start":{"line":83,"column":27},"end":{"line":83,"column":28}},"loc":{"start":{"line":83,"column":36},"end":{"line":83,"column":45}}}},"branchMap":{},"s":{"0":1,"1":1,"2":1,"3":1,"4":1,"5":1,"6":1,"7":1,"8":1,"9":1,"10":1,"11":4,"12":4,"13":0,"14":1,"15":4,"16":4,"17":4,"18":0,"19":1,"20":14,"21":14,"22":14,"23":0,"24":1,"25":7,"26":7,"27":0,"28":1,"29":7,"30":7,"31":0,"32":1,"33":1},"f":{"0":1,"1":1,"2":4,"3":4,"4":0,"5":4,"6":4,"7":0,"8":14,"9":14,"10":0,"11":7,"12":7,"13":0,"14":7,"15":7,"16":0},"b":{}}
,"/home/tejas/Desktop/slcm/course/src/controllers/DepartmentController.ts": {"path":"/home/tejas/Desktop/slcm/course/src/controllers/DepartmentController.ts","statementMap":{"0":{"start":{"line":1,"column":0},"end":{"line":1,"column":32}},"1":{"start":{"line":3,"column":0},"end":{"line":3,"column":34}},"2":{"start":{"line":4,"column":0},"end":{"line":4,"column":61}},"3":{"start":{"line":5,"column":0},"end":{"line":5,"column":67}},"4":{"start":{"line":8,"column":0},"end":{"line":72,"column":null}},"5":{"start":{"line":11,"column":25},"end":{"line":11,"column":46}},"6":{"start":{"line":12,"column":25},"end":{"line":12,"column":44}},"7":{"start":{"line":71,"column":4},"end":{"line":71,"column":null}},"8":{"start":{"line":71,"column":22},"end":{"line":71,"column":33}},"9":{"start":{"line":14,"column":8},"end":{"line":14,"column":null}},"10":{"start":{"line":15,"column":8},"end":{"line":25,"column":null}},"11":{"start":{"line":19,"column":16},"end":{"line":24,"column":46}},"12":{"start":{"line":22,"column":24},"end":{"line":22,"column":69}},"13":{"start":{"line":24,"column":36},"end":{"line":24,"column":45}},"14":{"start":{"line":26,"column":8},"end":{"line":35,"column":null}},"15":{"start":{"line":29,"column":16},"end":{"line":34,"column":46}},"16":{"start":{"line":32,"column":24},"end":{"line":32,"column":69}},"17":{"start":{"line":34,"column":36},"end":{"line":34,"column":45}},"18":{"start":{"line":36,"column":8},"end":{"line":45,"column":null}},"19":{"start":{"line":39,"column":16},"end":{"line":44,"column":46}},"20":{"start":{"line":42,"column":24},"end":{"line":42,"column":69}},"21":{"start":{"line":44,"column":36},"end":{"line":44,"column":45}},"22":{"start":{"line":46,"column":8},"end":{"line":55,"column":null}},"23":{"start":{"line":49,"column":16},"end":{"line":54,"column":46}},"24":{"start":{"line":52,"column":24},"end":{"line":52,"column":69}},"25":{"start":{"line":54,"column":36},"end":{"line":54,"column":45}},"26":{"start":{"line":56,"column":8},"end":{"line":69,"column":null}},"27":{"start":{"line":60,"column":16},"end":{"line":68,"column":46}},"28":{"start":{"line":63,"column":24},"end":{"line":66,"column":26}},"29":{"start":{"line":68,"column":36},"end":{"line":68,"column":45}},"30":{"start":{"line":8,"column":21},"end":{"line":72,"column":null}},"31":{"start":{"line":8,"column":21},"end":{"line":8,"column":null}}},"fnMap":{"0":{"name":"(anonymous_9)","decl":{"start":{"line":10,"column":4},"end":{"line":10,"column":null}},"loc":{"start":{"line":12,"column":61},"end":{"line":70,"column":5}}},"1":{"name":"(anonymous_10)","decl":{"start":{"line":71,"column":16},"end":{"line":71,"column":19}},"loc":{"start":{"line":71,"column":22},"end":{"line":71,"column":33}}},"2":{"name":"(anonymous_11)","decl":{"start":{"line":18,"column":12},"end":{"line":18,"column":13}},"loc":{"start":{"line":19,"column":16},"end":{"line":24,"column":46}}},"3":{"name":"(anonymous_12)","decl":{"start":{"line":21,"column":26},"end":{"line":21,"column":27}},"loc":{"start":{"line":22,"column":24},"end":{"line":22,"column":69}}},"4":{"name":"(anonymous_13)","decl":{"start":{"line":24,"column":27},"end":{"line":24,"column":28}},"loc":{"start":{"line":24,"column":36},"end":{"line":24,"column":45}}},"5":{"name":"(anonymous_14)","decl":{"start":{"line":28,"column":12},"end":{"line":28,"column":13}},"loc":{"start":{"line":29,"column":16},"end":{"line":34,"column":46}}},"6":{"name":"(anonymous_15)","decl":{"start":{"line":31,"column":26},"end":{"line":31,"column":27}},"loc":{"start":{"line":32,"column":24},"end":{"line":32,"column":69}}},"7":{"name":"(anonymous_16)","decl":{"start":{"line":34,"column":27},"end":{"line":34,"column":28}},"loc":{"start":{"line":34,"column":36},"end":{"line":34,"column":45}}},"8":{"name":"(anonymous_17)","decl":{"start":{"line":38,"column":12},"end":{"line":38,"column":13}},"loc":{"start":{"line":39,"column":16},"end":{"line":44,"column":46}}},"9":{"name":"(anonymous_18)","decl":{"start":{"line":41,"column":26},"end":{"line":41,"column":27}},"loc":{"start":{"line":42,"column":24},"end":{"line":42,"column":69}}},"10":{"name":"(anonymous_19)","decl":{"start":{"line":44,"column":27},"end":{"line":44,"column":28}},"loc":{"start":{"line":44,"column":36},"end":{"line":44,"column":45}}},"11":{"name":"(anonymous_20)","decl":{"start":{"line":48,"column":12},"end":{"line":48,"column":13}},"loc":{"start":{"line":49,"column":16},"end":{"line":54,"column":46}}},"12":{"name":"(anonymous_21)","decl":{"start":{"line":51,"column":26},"end":{"line":51,"column":27}},"loc":{"start":{"line":52,"column":24},"end":{"line":52,"column":69}}},"13":{"name":"(anonymous_22)","decl":{"start":{"line":54,"column":27},"end":{"line":54,"column":28}},"loc":{"start":{"line":54,"column":36},"end":{"line":54,"column":45}}},"14":{"name":"(anonymous_23)","decl":{"start":{"line":59,"column":12},"end":{"line":59,"column":13}},"loc":{"start":{"line":60,"column":16},"end":{"line":68,"column":46}}},"15":{"name":"(anonymous_24)","decl":{"start":{"line":62,"column":26},"end":{"line":62,"column":29}},"loc":{"start":{"line":63,"column":24},"end":{"line":66,"column":26}}},"16":{"name":"(anonymous_25)","decl":{"start":{"line":68,"column":27},"end":{"line":68,"column":28}},"loc":{"start":{"line":68,"column":36},"end":{"line":68,"column":45}}}},"branchMap":{},"s":{"0":1,"1":1,"2":1,"3":1,"4":1,"5":1,"6":1,"7":1,"8":1,"9":1,"10":1,"11":1,"12":1,"13":0,"14":1,"15":2,"16":2,"17":0,"18":1,"19":3,"20":3,"21":0,"22":1,"23":1,"24":1,"25":0,"26":1,"27":0,"28":0,"29":0,"30":1,"31":1},"f":{"0":1,"1":1,"2":1,"3":1,"4":0,"5":2,"6":2,"7":0,"8":3,"9":3,"10":0,"11":1,"12":1,"13":0,"14":0,"15":0,"16":0},"b":{}}
,"/home/tejas/Desktop/slcm/course/src/controllers/StreamController.ts": {"path":"/home/tejas/Desktop/slcm/course/src/controllers/StreamController.ts","statementMap":{"0":{"start":{"line":1,"column":0},"end":{"line":1,"column":32}},"1":{"start":{"line":3,"column":0},"end":{"line":3,"column":34}},"2":{"start":{"line":4,"column":0},"end":{"line":4,"column":53}},"3":{"start":{"line":5,"column":0},"end":{"line":5,"column":59}},"4":{"start":{"line":8,"column":0},"end":{"line":114,"column":null}},"5":{"start":{"line":11,"column":25},"end":{"line":11,"column":40}},"6":{"start":{"line":12,"column":25},"end":{"line":12,"column":42}},"7":{"start":{"line":113,"column":4},"end":{"line":113,"column":null}},"8":{"start":{"line":113,"column":22},"end":{"line":113,"column":33}},"9":{"start":{"line":14,"column":8},"end":{"line":14,"column":null}},"10":{"start":{"line":15,"column":8},"end":{"line":25,"column":null}},"11":{"start":{"line":18,"column":16},"end":{"line":23,"column":null}},"12":{"start":{"line":21,"column":24},"end":{"line":21,"column":69}},"13":{"start":{"line":23,"column":36},"end":{"line":23,"column":45}},"14":{"start":{"line":26,"column":8},"end":{"line":37,"column":null}},"15":{"start":{"line":29,"column":33},"end":{"line":29,"column":43}},"16":{"start":{"line":30,"column":16},"end":{"line":35,"column":null}},"17":{"start":{"line":33,"column":24},"end":{"line":33,"column":69}},"18":{"start":{"line":35,"column":36},"end":{"line":35,"column":45}},"19":{"start":{"line":38,"column":8},"end":{"line":49,"column":null}},"20":{"start":{"line":41,"column":33},"end":{"line":41,"column":43}},"21":{"start":{"line":42,"column":16},"end":{"line":47,"column":null}},"22":{"start":{"line":45,"column":24},"end":{"line":45,"column":69}},"23":{"start":{"line":47,"column":36},"end":{"line":47,"column":45}},"24":{"start":{"line":50,"column":8},"end":{"line":62,"column":null}},"25":{"start":{"line":54,"column":39},"end":{"line":54,"column":47}},"26":{"start":{"line":55,"column":16},"end":{"line":60,"column":null}},"27":{"start":{"line":58,"column":24},"end":{"line":58,"column":69}},"28":{"start":{"line":60,"column":36},"end":{"line":60,"column":45}},"29":{"start":{"line":63,"column":8},"end":{"line":78,"column":null}},"30":{"start":{"line":67,"column":31},"end":{"line":67,"column":41}},"31":{"start":{"line":68,"column":16},"end":{"line":76,"column":null}},"32":{"start":{"line":71,"column":24},"end":{"line":74,"column":null}},"33":{"start":{"line":76,"column":36},"end":{"line":76,"column":45}},"34":{"start":{"line":79,"column":8},"end":{"line":93,"column":null}},"35":{"start":{"line":83,"column":16},"end":{"line":91,"column":null}},"36":{"start":{"line":86,"column":24},"end":{"line":89,"column":26}},"37":{"start":{"line":91,"column":36},"end":{"line":91,"column":45}},"38":{"start":{"line":94,"column":8},"end":{"line":111,"column":null}},"39":{"start":{"line":98,"column":16},"end":{"line":109,"column":null}},"40":{"start":{"line":104,"column":24},"end":{"line":107,"column":26}},"41":{"start":{"line":109,"column":36},"end":{"line":109,"column":45}},"42":{"start":{"line":8,"column":21},"end":{"line":114,"column":null}},"43":{"start":{"line":8,"column":21},"end":{"line":8,"column":null}}},"fnMap":{"0":{"name":"(anonymous_9)","decl":{"start":{"line":10,"column":4},"end":{"line":10,"column":null}},"loc":{"start":{"line":12,"column":57},"end":{"line":112,"column":5}}},"1":{"name":"(anonymous_10)","decl":{"start":{"line":113,"column":16},"end":{"line":113,"column":19}},"loc":{"start":{"line":113,"column":22},"end":{"line":113,"column":33}}},"2":{"name":"(anonymous_11)","decl":{"start":{"line":17,"column":12},"end":{"line":17,"column":13}},"loc":{"start":{"line":17,"column":64},"end":{"line":24,"column":13}}},"3":{"name":"(anonymous_12)","decl":{"start":{"line":20,"column":26},"end":{"line":20,"column":27}},"loc":{"start":{"line":21,"column":24},"end":{"line":21,"column":69}}},"4":{"name":"(anonymous_13)","decl":{"start":{"line":23,"column":27},"end":{"line":23,"column":28}},"loc":{"start":{"line":23,"column":36},"end":{"line":23,"column":45}}},"5":{"name":"(anonymous_14)","decl":{"start":{"line":28,"column":12},"end":{"line":28,"column":13}},"loc":{"start":{"line":28,"column":64},"end":{"line":36,"column":13}}},"6":{"name":"(anonymous_15)","decl":{"start":{"line":32,"column":26},"end":{"line":32,"column":27}},"loc":{"start":{"line":33,"column":24},"end":{"line":33,"column":69}}},"7":{"name":"(anonymous_16)","decl":{"start":{"line":35,"column":27},"end":{"line":35,"column":28}},"loc":{"start":{"line":35,"column":36},"end":{"line":35,"column":45}}},"8":{"name":"(anonymous_17)","decl":{"start":{"line":40,"column":12},"end":{"line":40,"column":13}},"loc":{"start":{"line":40,"column":64},"end":{"line":48,"column":13}}},"9":{"name":"(anonymous_18)","decl":{"start":{"line":44,"column":26},"end":{"line":44,"column":27}},"loc":{"start":{"line":45,"column":24},"end":{"line":45,"column":69}}},"10":{"name":"(anonymous_19)","decl":{"start":{"line":47,"column":27},"end":{"line":47,"column":28}},"loc":{"start":{"line":47,"column":36},"end":{"line":47,"column":45}}},"11":{"name":"(anonymous_20)","decl":{"start":{"line":53,"column":12},"end":{"line":53,"column":13}},"loc":{"start":{"line":53,"column":64},"end":{"line":61,"column":13}}},"12":{"name":"(anonymous_21)","decl":{"start":{"line":57,"column":26},"end":{"line":57,"column":27}},"loc":{"start":{"line":58,"column":24},"end":{"line":58,"column":69}}},"13":{"name":"(anonymous_22)","decl":{"start":{"line":60,"column":27},"end":{"line":60,"column":28}},"loc":{"start":{"line":60,"column":36},"end":{"line":60,"column":45}}},"14":{"name":"(anonymous_23)","decl":{"start":{"line":66,"column":12},"end":{"line":66,"column":13}},"loc":{"start":{"line":66,"column":64},"end":{"line":77,"column":13}}},"15":{"name":"(anonymous_24)","decl":{"start":{"line":70,"column":26},"end":{"line":70,"column":29}},"loc":{"start":{"line":70,"column":31},"end":{"line":75,"column":21}}},"16":{"name":"(anonymous_25)","decl":{"start":{"line":76,"column":27},"end":{"line":76,"column":28}},"loc":{"start":{"line":76,"column":36},"end":{"line":76,"column":45}}},"17":{"name":"(anonymous_26)","decl":{"start":{"line":82,"column":12},"end":{"line":82,"column":13}},"loc":{"start":{"line":82,"column":64},"end":{"line":92,"column":13}}},"18":{"name":"(anonymous_27)","decl":{"start":{"line":85,"column":26},"end":{"line":85,"column":29}},"loc":{"start":{"line":86,"column":24},"end":{"line":89,"column":26}}},"19":{"name":"(anonymous_28)","decl":{"start":{"line":91,"column":27},"end":{"line":91,"column":28}},"loc":{"start":{"line":91,"column":36},"end":{"line":91,"column":45}}},"20":{"name":"(anonymous_29)","decl":{"start":{"line":97,"column":12},"end":{"line":97,"column":13}},"loc":{"start":{"line":97,"column":64},"end":{"line":110,"column":13}}},"21":{"name":"(anonymous_30)","decl":{"start":{"line":103,"column":26},"end":{"line":103,"column":29}},"loc":{"start":{"line":104,"column":24},"end":{"line":107,"column":26}}},"22":{"name":"(anonymous_31)","decl":{"start":{"line":109,"column":27},"end":{"line":109,"column":28}},"loc":{"start":{"line":109,"column":36},"end":{"line":109,"column":45}}}},"branchMap":{},"s":{"0":1,"1":1,"2":1,"3":1,"4":1,"5":1,"6":1,"7":1,"8":1,"9":1,"10":1,"11":6,"12":6,"13":0,"14":1,"15":0,"16":0,"17":0,"18":0,"19":1,"20":1,"21":1,"22":1,"23":0,"24":1,"25":2,"26":2,"27":2,"28":0,"29":1,"30":2,"31":2,"32":2,"33":0,"34":1,"35":1,"36":1,"37":0,"38":1,"39":0,"40":0,"41":0,"42":1,"43":1},"f":{"0":1,"1":1,"2":6,"3":6,"4":0,"5":0,"6":0,"7":0,"8":1,"9":1,"10":0,"11":2,"12":2,"13":0,"14":2,"15":2,"16":0,"17":1,"18":1,"19":0,"20":0,"21":0,"22":0},"b":{}}
,"/home/tejas/Desktop/slcm/course/src/integrationTests/class.ts": {"path":"/home/tejas/Desktop/slcm/course/src/integrationTests/class.ts","statementMap":{"0":{"start":{"line":1,"column":0},"end":{"line":1,"column":29}},"1":{"start":{"line":3,"column":0},"end":{"line":3,"column":31}},"2":{"start":{"line":7,"column":8},"end":{"line":7,"column":null}},"3":{"start":{"line":9,"column":4},"end":{"line":33,"column":null}},"4":{"start":{"line":17,"column":8},"end":{"line":33,"column":null}},"5":{"start":{"line":18,"column":33},"end":{"line":20,"column":26}},"6":{"start":{"line":21,"column":8},"end":{"line":32,"column":null}},"7":{"start":{"line":22,"column":12},"end":{"line":22,"column":null}},"8":{"start":{"line":23,"column":12},"end":{"line":23,"column":49}},"9":{"start":{"line":23,"column":43},"end":{"line":23,"column":49}},"10":{"start":{"line":24,"column":29},"end":{"line":24,"column":33}},"11":{"start":{"line":25,"column":12},"end":{"line":25,"column":null}},"12":{"start":{"line":26,"column":12},"end":{"line":28,"column":null}},"13":{"start":{"line":27,"column":16},"end":{"line":27,"column":null}},"14":{"start":{"line":30,"column":12},"end":{"line":30,"column":null}},"15":{"start":{"line":31,"column":12},"end":{"line":31,"column":null}},"16":{"start":{"line":34,"column":4},"end":{"line":56,"column":null}},"17":{"start":{"line":37,"column":8},"end":{"line":56,"column":null}},"18":{"start":{"line":38,"column":21},"end":{"line":53,"column":null}},"19":{"start":{"line":39,"column":51},"end":{"line":53,"column":14}},"20":{"start":{"line":40,"column":41},"end":{"line":42,"column":36}},"21":{"start":{"line":43,"column":16},"end":{"line":52,"column":null}},"22":{"start":{"line":44,"column":20},"end":{"line":44,"column":null}},"23":{"start":{"line":45,"column":20},"end":{"line":45,"column":57}},"24":{"start":{"line":45,"column":51},"end":{"line":45,"column":57}},"25":{"start":{"line":46,"column":37},"end":{"line":46,"column":41}},"26":{"start":{"line":47,"column":20},"end":{"line":47,"column":null}},"27":{"start":{"line":48,"column":20},"end":{"line":48,"column":null}},"28":{"start":{"line":50,"column":20},"end":{"line":50,"column":null}},"29":{"start":{"line":51,"column":20},"end":{"line":51,"column":null}},"30":{"start":{"line":55,"column":8},"end":{"line":55,"column":null}},"31":{"start":{"line":57,"column":4},"end":{"line":74,"column":null}},"32":{"start":{"line":60,"column":8},"end":{"line":74,"column":null}},"33":{"start":{"line":61,"column":8},"end":{"line":73,"column":null}},"34":{"start":{"line":62,"column":51},"end":{"line":72,"column":14}},"35":{"start":{"line":63,"column":41},"end":{"line":65,"column":36}},"36":{"start":{"line":66,"column":16},"end":{"line":71,"column":null}},"37":{"start":{"line":67,"column":20},"end":{"line":67,"column":null}},"38":{"start":{"line":69,"column":20},"end":{"line":69,"column":null}},"39":{"start":{"line":70,"column":20},"end":{"line":70,"column":null}},"40":{"start":{"line":75,"column":4},"end":{"line":90,"column":null}},"41":{"start":{"line":78,"column":8},"end":{"line":90,"column":null}},"42":{"start":{"line":79,"column":33},"end":{"line":81,"column":23}},"43":{"start":{"line":82,"column":8},"end":{"line":89,"column":null}},"44":{"start":{"line":83,"column":12},"end":{"line":83,"column":null}},"45":{"start":{"line":84,"column":12},"end":{"line":84,"column":49}},"46":{"start":{"line":84,"column":43},"end":{"line":84,"column":49}},"47":{"start":{"line":85,"column":29},"end":{"line":85,"column":33}},"48":{"start":{"line":87,"column":12},"end":{"line":87,"column":null}},"49":{"start":{"line":88,"column":12},"end":{"line":88,"column":null}},"50":{"start":{"line":91,"column":4},"end":{"line":108,"column":null}},"51":{"start":{"line":94,"column":8},"end":{"line":108,"column":null}},"52":{"start":{"line":95,"column":33},"end":{"line":97,"column":23}},"53":{"start":{"line":98,"column":8},"end":{"line":107,"column":null}},"54":{"start":{"line":99,"column":12},"end":{"line":99,"column":null}},"55":{"start":{"line":100,"column":12},"end":{"line":100,"column":49}},"56":{"start":{"line":100,"column":43},"end":{"line":100,"column":49}},"57":{"start":{"line":101,"column":29},"end":{"line":101,"column":33}},"58":{"start":{"line":102,"column":12},"end":{"line":102,"column":null}},"59":{"start":{"line":103,"column":12},"end":{"line":103,"column":null}},"60":{"start":{"line":105,"column":12},"end":{"line":105,"column":null}},"61":{"start":{"line":106,"column":12},"end":{"line":106,"column":null}},"62":{"start":{"line":109,"column":4},"end":{"line":134,"column":null}},"63":{"start":{"line":116,"column":8},"end":{"line":134,"column":null}},"64":{"start":{"line":117,"column":8},"end":{"line":133,"column":null}},"65":{"start":{"line":118,"column":58},"end":{"line":132,"column":14}},"66":{"start":{"line":119,"column":41},"end":{"line":121,"column":45}},"67":{"start":{"line":122,"column":16},"end":{"line":131,"column":null}},"68":{"start":{"line":123,"column":20},"end":{"line":123,"column":null}},"69":{"start":{"line":124,"column":20},"end":{"line":124,"column":57}},"70":{"start":{"line":124,"column":51},"end":{"line":124,"column":57}},"71":{"start":{"line":125,"column":37},"end":{"line":125,"column":41}},"72":{"start":{"line":126,"column":20},"end":{"line":126,"column":null}},"73":{"start":{"line":127,"column":20},"end":{"line":127,"column":null}},"74":{"start":{"line":129,"column":20},"end":{"line":129,"column":null}},"75":{"start":{"line":130,"column":20},"end":{"line":130,"column":null}},"76":{"start":{"line":135,"column":4},"end":{"line":152,"column":null}},"77":{"start":{"line":139,"column":9},"end":{"line":152,"column":null}},"78":{"start":{"line":140,"column":33},"end":{"line":142,"column":23}},"79":{"start":{"line":143,"column":8},"end":{"line":151,"column":null}},"80":{"start":{"line":144,"column":12},"end":{"line":144,"column":null}},"81":{"start":{"line":145,"column":29},"end":{"line":145,"column":33}},"82":{"start":{"line":146,"column":12},"end":{"line":146,"column":null}},"83":{"start":{"line":147,"column":12},"end":{"line":147,"column":null}},"84":{"start":{"line":149,"column":12},"end":{"line":149,"column":null}},"85":{"start":{"line":150,"column":12},"end":{"line":150,"column":null}},"86":{"start":{"line":153,"column":4},"end":{"line":171,"column":null}},"87":{"start":{"line":158,"column":8},"end":{"line":171,"column":null}},"88":{"start":{"line":159,"column":33},"end":{"line":161,"column":57}},"89":{"start":{"line":162,"column":8},"end":{"line":170,"column":null}},"90":{"start":{"line":163,"column":12},"end":{"line":163,"column":null}},"91":{"start":{"line":164,"column":29},"end":{"line":164,"column":33}},"92":{"start":{"line":165,"column":12},"end":{"line":165,"column":null}},"93":{"start":{"line":166,"column":12},"end":{"line":166,"column":null}},"94":{"start":{"line":168,"column":12},"end":{"line":168,"column":null}},"95":{"start":{"line":169,"column":12},"end":{"line":169,"column":null}},"96":{"start":{"line":172,"column":4},"end":{"line":188,"column":null}},"97":{"start":{"line":176,"column":8},"end":{"line":188,"column":null}},"98":{"start":{"line":177,"column":33},"end":{"line":179,"column":49}},"99":{"start":{"line":180,"column":8},"end":{"line":187,"column":null}},"100":{"start":{"line":181,"column":12},"end":{"line":181,"column":null}},"101":{"start":{"line":182,"column":29},"end":{"line":182,"column":33}},"102":{"start":{"line":183,"column":12},"end":{"line":183,"column":null}},"103":{"start":{"line":184,"column":12},"end":{"line":184,"column":null}},"104":{"start":{"line":186,"column":12},"end":{"line":186,"column":null}},"105":{"start":{"line":189,"column":4},"end":{"line":212,"column":null}},"106":{"start":{"line":196,"column":8},"end":{"line":212,"column":null}},"107":{"start":{"line":197,"column":8},"end":{"line":211,"column":null}},"108":{"start":{"line":198,"column":68},"end":{"line":210,"column":14}},"109":{"start":{"line":199,"column":41},"end":{"line":201,"column":55}},"110":{"start":{"line":202,"column":16},"end":{"line":209,"column":null}},"111":{"start":{"line":203,"column":20},"end":{"line":203,"column":null}},"112":{"start":{"line":204,"column":37},"end":{"line":204,"column":41}},"113":{"start":{"line":205,"column":20},"end":{"line":205,"column":null}},"114":{"start":{"line":206,"column":20},"end":{"line":206,"column":null}},"115":{"start":{"line":208,"column":20},"end":{"line":208,"column":null}},"116":{"start":{"line":213,"column":4},"end":{"line":227,"column":null}},"117":{"start":{"line":216,"column":9},"end":{"line":227,"column":null}},"118":{"start":{"line":217,"column":33},"end":{"line":219,"column":23}},"119":{"start":{"line":220,"column":8},"end":{"line":226,"column":null}},"120":{"start":{"line":221,"column":12},"end":{"line":221,"column":null}},"121":{"start":{"line":222,"column":12},"end":{"line":222,"column":null}},"122":{"start":{"line":224,"column":12},"end":{"line":224,"column":null}},"123":{"start":{"line":225,"column":12},"end":{"line":225,"column":null}},"124":{"start":{"line":5,"column":0},"end":{"line":5,"column":21}}},"fnMap":{"0":{"name":"(anonymous_8)","decl":{"start":{"line":6,"column":4},"end":{"line":6,"column":16}},"loc":{"start":{"line":6,"column":40},"end":{"line":8,"column":5}}},"1":{"name":"(anonymous_9)","decl":{"start":{"line":9,"column":20},"end":{"line":9,"column":null}},"loc":{"start":{"line":17,"column":8},"end":{"line":33,"column":null}}},"2":{"name":"(anonymous_10)","decl":{"start":{"line":17,"column":8},"end":{"line":17,"column":null}},"loc":{"start":{"line":17,"column":8},"end":{"line":33,"column":5}}},"3":{"name":"(anonymous_11)","decl":{"start":{"line":26,"column":28},"end":{"line":26,"column":29}},"loc":{"start":{"line":26,"column":39},"end":{"line":28,"column":13}}},"4":{"name":"(anonymous_12)","decl":{"start":{"line":34,"column":30},"end":{"line":34,"column":null}},"loc":{"start":{"line":37,"column":8},"end":{"line":56,"column":null}}},"5":{"name":"(anonymous_13)","decl":{"start":{"line":37,"column":8},"end":{"line":37,"column":null}},"loc":{"start":{"line":37,"column":8},"end":{"line":56,"column":5}}},"6":{"name":"(anonymous_14)","decl":{"start":{"line":39,"column":21},"end":{"line":39,"column":28}},"loc":{"start":{"line":39,"column":51},"end":{"line":53,"column":14}}},"7":{"name":"(anonymous_15)","decl":{"start":{"line":39,"column":51},"end":{"line":39,"column":null}},"loc":{"start":{"line":39,"column":51},"end":{"line":53,"column":13}}},"8":{"name":"(anonymous_16)","decl":{"start":{"line":57,"column":33},"end":{"line":57,"column":null}},"loc":{"start":{"line":60,"column":8},"end":{"line":74,"column":null}}},"9":{"name":"(anonymous_17)","decl":{"start":{"line":60,"column":8},"end":{"line":60,"column":null}},"loc":{"start":{"line":60,"column":8},"end":{"line":74,"column":5}}},"10":{"name":"(anonymous_18)","decl":{"start":{"line":62,"column":21},"end":{"line":62,"column":28}},"loc":{"start":{"line":62,"column":51},"end":{"line":72,"column":14}}},"11":{"name":"(anonymous_19)","decl":{"start":{"line":62,"column":51},"end":{"line":62,"column":null}},"loc":{"start":{"line":62,"column":51},"end":{"line":72,"column":13}}},"12":{"name":"(anonymous_20)","decl":{"start":{"line":75,"column":19},"end":{"line":75,"column":null}},"loc":{"start":{"line":78,"column":8},"end":{"line":90,"column":null}}},"13":{"name":"(anonymous_21)","decl":{"start":{"line":78,"column":8},"end":{"line":78,"column":null}},"loc":{"start":{"line":78,"column":8},"end":{"line":90,"column":5}}},"14":{"name":"(anonymous_22)","decl":{"start":{"line":91,"column":24},"end":{"line":91,"column":null}},"loc":{"start":{"line":94,"column":8},"end":{"line":108,"column":null}}},"15":{"name":"(anonymous_23)","decl":{"start":{"line":94,"column":8},"end":{"line":94,"column":null}},"loc":{"start":{"line":94,"column":8},"end":{"line":108,"column":5}}},"16":{"name":"(anonymous_24)","decl":{"start":{"line":109,"column":25},"end":{"line":109,"column":null}},"loc":{"start":{"line":116,"column":8},"end":{"line":134,"column":null}}},"17":{"name":"(anonymous_25)","decl":{"start":{"line":116,"column":8},"end":{"line":116,"column":null}},"loc":{"start":{"line":116,"column":8},"end":{"line":134,"column":5}}},"18":{"name":"(anonymous_26)","decl":{"start":{"line":118,"column":21},"end":{"line":118,"column":28}},"loc":{"start":{"line":118,"column":58},"end":{"line":132,"column":14}}},"19":{"name":"(anonymous_27)","decl":{"start":{"line":118,"column":58},"end":{"line":118,"column":null}},"loc":{"start":{"line":118,"column":58},"end":{"line":132,"column":13}}},"20":{"name":"(anonymous_28)","decl":{"start":{"line":135,"column":27},"end":{"line":135,"column":34}},"loc":{"start":{"line":139,"column":9},"end":{"line":152,"column":null}}},"21":{"name":"(anonymous_29)","decl":{"start":{"line":139,"column":9},"end":{"line":139,"column":null}},"loc":{"start":{"line":139,"column":9},"end":{"line":152,"column":5}}},"22":{"name":"(anonymous_30)","decl":{"start":{"line":153,"column":22},"end":{"line":153,"column":null}},"loc":{"start":{"line":158,"column":8},"end":{"line":171,"column":null}}},"23":{"name":"(anonymous_31)","decl":{"start":{"line":158,"column":8},"end":{"line":158,"column":null}},"loc":{"start":{"line":158,"column":8},"end":{"line":171,"column":5}}},"24":{"name":"(anonymous_32)","decl":{"start":{"line":172,"column":27},"end":{"line":172,"column":null}},"loc":{"start":{"line":176,"column":8},"end":{"line":188,"column":null}}},"25":{"name":"(anonymous_33)","decl":{"start":{"line":176,"column":8},"end":{"line":176,"column":null}},"loc":{"start":{"line":176,"column":8},"end":{"line":188,"column":5}}},"26":{"name":"(anonymous_34)","decl":{"start":{"line":189,"column":25},"end":{"line":189,"column":null}},"loc":{"start":{"line":196,"column":8},"end":{"line":212,"column":null}}},"27":{"name":"(anonymous_35)","decl":{"start":{"line":196,"column":8},"end":{"line":196,"column":null}},"loc":{"start":{"line":196,"column":8},"end":{"line":212,"column":5}}},"28":{"name":"(anonymous_36)","decl":{"start":{"line":198,"column":21},"end":{"line":198,"column":28}},"loc":{"start":{"line":198,"column":68},"end":{"line":210,"column":14}}},"29":{"name":"(anonymous_37)","decl":{"start":{"line":198,"column":68},"end":{"line":198,"column":null}},"loc":{"start":{"line":198,"column":68},"end":{"line":210,"column":13}}},"30":{"name":"(anonymous_38)","decl":{"start":{"line":213,"column":30},"end":{"line":213,"column":37}},"loc":{"start":{"line":216,"column":9},"end":{"line":227,"column":null}}},"31":{"name":"(anonymous_39)","decl":{"start":{"line":216,"column":9},"end":{"line":216,"column":null}},"loc":{"start":{"line":216,"column":9},"end":{"line":227,"column":5}}}},"branchMap":{"0":{"loc":{"start":{"line":23,"column":12},"end":{"line":23,"column":49}},"type":"if","locations":[{"start":{"line":23,"column":12},"end":{"line":23,"column":49}}]},"1":{"loc":{"start":{"line":45,"column":20},"end":{"line":45,"column":57}},"type":"if","locations":[{"start":{"line":45,"column":20},"end":{"line":45,"column":57}}]},"2":{"loc":{"start":{"line":84,"column":12},"end":{"line":84,"column":49}},"type":"if","locations":[{"start":{"line":84,"column":12},"end":{"line":84,"column":49}}]},"3":{"loc":{"start":{"line":100,"column":12},"end":{"line":100,"column":49}},"type":"if","locations":[{"start":{"line":100,"column":12},"end":{"line":100,"column":49}}]},"4":{"loc":{"start":{"line":124,"column":20},"end":{"line":124,"column":57}},"type":"if","locations":[{"start":{"line":124,"column":20},"end":{"line":124,"column":57}}]}},"s":{"0":1,"1":1,"2":9,"3":9,"4":1,"5":1,"6":1,"7":1,"8":1,"9":0,"10":1,"11":1,"12":1,"13":1,"14":0,"15":0,"16":9,"17":1,"18":1,"19":1,"20":1,"21":1,"22":1,"23":1,"24":0,"25":1,"26":1,"27":1,"28":0,"29":0,"30":1,"31":9,"32":1,"33":1,"34":1,"35":1,"36":1,"37":1,"38":0,"39":0,"40":9,"41":1,"42":1,"43":1,"44":1,"45":1,"46":0,"47":1,"48":0,"49":0,"50":9,"51":1,"52":1,"53":1,"54":1,"55":1,"56":0,"57":1,"58":1,"59":1,"60":0,"61":0,"62":9,"63":1,"64":1,"65":7,"66":7,"67":7,"68":7,"69":7,"70":0,"71":7,"72":7,"73":7,"74":0,"75":0,"76":9,"77":1,"78":1,"79":1,"80":1,"81":1,"82":1,"83":1,"84":0,"85":0,"86":9,"87":1,"88":1,"89":1,"90":1,"91":1,"92":1,"93":1,"94":0,"95":0,"96":9,"97":0,"98":0,"99":0,"100":0,"101":0,"102":0,"103":0,"104":0,"105":9,"106":1,"107":1,"108":10,"109":10,"110":10,"111":10,"112":0,"113":0,"114":0,"115":10,"116":9,"117":0,"118":0,"119":0,"120":0,"121":0,"122":0,"123":0,"124":1},"f":{"0":9,"1":1,"2":1,"3":1,"4":1,"5":1,"6":1,"7":1,"8":1,"9":1,"10":1,"11":1,"12":1,"13":1,"14":1,"15":1,"16":1,"17":1,"18":7,"19":7,"20":1,"21":1,"22":1,"23":1,"24":0,"25":0,"26":1,"27":1,"28":10,"29":10,"30":0,"31":0},"b":{"0":[0],"1":[0],"2":[0],"3":[0],"4":[0]}}
,"/home/tejas/Desktop/slcm/course/src/integrationTests/common.ts": {"path":"/home/tejas/Desktop/slcm/course/src/integrationTests/common.ts","statementMap":{"0":{"start":{"line":2,"column":0},"end":{"line":2,"column":32}},"1":{"start":{"line":9,"column":14},"end":{"line":11,"column":null}},"2":{"start":{"line":10,"column":8},"end":{"line":10,"column":null}},"3":{"start":{"line":7,"column":8},"end":{"line":7,"column":null}},"4":{"start":{"line":4,"column":0},"end":{"line":4,"column":21}}},"fnMap":{"0":{"name":"(anonymous_0)","decl":{"start":{"line":6,"column":4},"end":{"line":6,"column":16}},"loc":{"start":{"line":6,"column":40},"end":{"line":8,"column":5}}},"1":{"name":"(anonymous_1)","decl":{"start":{"line":9,"column":27},"end":{"line":9,"column":28}},"loc":{"start":{"line":9,"column":42},"end":{"line":11,"column":5}}}},"branchMap":{},"s":{"0":1,"1":36,"2":7,"3":36,"4":1},"f":{"0":36,"1":7},"b":{}}
,"/home/tejas/Desktop/slcm/course/src/integrationTests/courses.ts": {"path":"/home/tejas/Desktop/slcm/course/src/integrationTests/courses.ts","statementMap":{"0":{"start":{"line":1,"column":0},"end":{"line":1,"column":31}},"1":{"start":{"line":3,"column":0},"end":{"line":3,"column":29}},"2":{"start":{"line":9,"column":8},"end":{"line":9,"column":null}},"3":{"start":{"line":11,"column":4},"end":{"line":40,"column":null}},"4":{"start":{"line":14,"column":8},"end":{"line":40,"column":null}},"5":{"start":{"line":15,"column":21},"end":{"line":28,"column":null}},"6":{"start":{"line":16,"column":41},"end":{"line":28,"column":14}},"7":{"start":{"line":17,"column":41},"end":{"line":26,"column":22}},"8":{"start":{"line":27,"column":16},"end":{"line":27,"column":null}},"9":{"start":{"line":30,"column":8},"end":{"line":39,"column":null}},"10":{"start":{"line":31,"column":12},"end":{"line":38,"column":null}},"11":{"start":{"line":32,"column":16},"end":{"line":32,"column":null}},"12":{"start":{"line":33,"column":16},"end":{"line":33,"column":53}},"13":{"start":{"line":33,"column":47},"end":{"line":33,"column":53}},"14":{"start":{"line":34,"column":16},"end":{"line":34,"column":null}},"15":{"start":{"line":36,"column":16},"end":{"line":36,"column":null}},"16":{"start":{"line":37,"column":16},"end":{"line":37,"column":null}},"17":{"start":{"line":41,"column":4},"end":{"line":53,"column":null}},"18":{"start":{"line":41,"column":46},"end":{"line":53,"column":null}},"19":{"start":{"line":42,"column":33},"end":{"line":43,"column":null}},"20":{"start":{"line":45,"column":8},"end":{"line":51,"column":null}},"21":{"start":{"line":46,"column":12},"end":{"line":46,"column":null}},"22":{"start":{"line":47,"column":12},"end":{"line":47,"column":null}},"23":{"start":{"line":49,"column":12},"end":{"line":49,"column":null}},"24":{"start":{"line":50,"column":12},"end":{"line":50,"column":null}},"25":{"start":{"line":52,"column":8},"end":{"line":52,"column":null}},"26":{"start":{"line":54,"column":4},"end":{"line":66,"column":null}},"27":{"start":{"line":54,"column":48},"end":{"line":66,"column":null}},"28":{"start":{"line":55,"column":33},"end":{"line":56,"column":null}},"29":{"start":{"line":58,"column":8},"end":{"line":64,"column":null}},"30":{"start":{"line":59,"column":12},"end":{"line":59,"column":null}},"31":{"start":{"line":60,"column":12},"end":{"line":60,"column":null}},"32":{"start":{"line":62,"column":12},"end":{"line":62,"column":null}},"33":{"start":{"line":63,"column":12},"end":{"line":63,"column":null}},"34":{"start":{"line":65,"column":8},"end":{"line":65,"column":null}},"35":{"start":{"line":65,"column":55},"end":{"line":65,"column":65}},"36":{"start":{"line":67,"column":4},"end":{"line":84,"column":null}},"37":{"start":{"line":67,"column":77},"end":{"line":84,"column":null}},"38":{"start":{"line":68,"column":24},"end":{"line":74,"column":null}},"39":{"start":{"line":69,"column":41},"end":{"line":74,"column":14}},"40":{"start":{"line":70,"column":41},"end":{"line":71,"column":null}},"41":{"start":{"line":73,"column":16},"end":{"line":73,"column":null}},"42":{"start":{"line":76,"column":8},"end":{"line":83,"column":null}},"43":{"start":{"line":77,"column":12},"end":{"line":82,"column":null}},"44":{"start":{"line":78,"column":16},"end":{"line":78,"column":null}},"45":{"start":{"line":80,"column":16},"end":{"line":80,"column":null}},"46":{"start":{"line":81,"column":16},"end":{"line":81,"column":null}},"47":{"start":{"line":85,"column":4},"end":{"line":110,"column":null}},"48":{"start":{"line":93,"column":8},"end":{"line":110,"column":null}},"49":{"start":{"line":94,"column":23},"end":{"line":100,"column":null}},"50":{"start":{"line":95,"column":43},"end":{"line":100,"column":14}},"51":{"start":{"line":96,"column":41},"end":{"line":98,"column":31}},"52":{"start":{"line":99,"column":16},"end":{"line":99,"column":null}},"53":{"start":{"line":102,"column":8},"end":{"line":109,"column":null}},"54":{"start":{"line":103,"column":12},"end":{"line":108,"column":null}},"55":{"start":{"line":104,"column":16},"end":{"line":104,"column":null}},"56":{"start":{"line":106,"column":16},"end":{"line":106,"column":null}},"57":{"start":{"line":107,"column":16},"end":{"line":107,"column":null}},"58":{"start":{"line":111,"column":4},"end":{"line":134,"column":null}},"59":{"start":{"line":117,"column":8},"end":{"line":134,"column":null}},"60":{"start":{"line":118,"column":23},"end":{"line":124,"column":null}},"61":{"start":{"line":119,"column":43},"end":{"line":124,"column":14}},"62":{"start":{"line":120,"column":41},"end":{"line":122,"column":31}},"63":{"start":{"line":123,"column":16},"end":{"line":123,"column":null}},"64":{"start":{"line":126,"column":8},"end":{"line":133,"column":null}},"65":{"start":{"line":127,"column":12},"end":{"line":132,"column":null}},"66":{"start":{"line":128,"column":16},"end":{"line":128,"column":null}},"67":{"start":{"line":130,"column":16},"end":{"line":130,"column":null}},"68":{"start":{"line":131,"column":16},"end":{"line":131,"column":null}},"69":{"start":{"line":135,"column":4},"end":{"line":158,"column":null}},"70":{"start":{"line":138,"column":8},"end":{"line":158,"column":null}},"71":{"start":{"line":139,"column":23},"end":{"line":145,"column":null}},"72":{"start":{"line":140,"column":35},"end":{"line":145,"column":14}},"73":{"start":{"line":141,"column":41},"end":{"line":142,"column":null}},"74":{"start":{"line":144,"column":16},"end":{"line":144,"column":null}},"75":{"start":{"line":147,"column":8},"end":{"line":156,"column":null}},"76":{"start":{"line":148,"column":12},"end":{"line":155,"column":null}},"77":{"start":{"line":149,"column":16},"end":{"line":149,"column":null}},"78":{"start":{"line":150,"column":16},"end":{"line":150,"column":53}},"79":{"start":{"line":150,"column":47},"end":{"line":150,"column":53}},"80":{"start":{"line":151,"column":16},"end":{"line":151,"column":null}},"81":{"start":{"line":153,"column":16},"end":{"line":153,"column":null}},"82":{"start":{"line":154,"column":16},"end":{"line":154,"column":null}},"83":{"start":{"line":157,"column":8},"end":{"line":157,"column":null}},"84":{"start":{"line":157,"column":40},"end":{"line":157,"column":49}},"85":{"start":{"line":161,"column":0},"end":{"line":161,"column":null}}},"fnMap":{"0":{"name":"(anonymous_8)","decl":{"start":{"line":8,"column":4},"end":{"line":8,"column":16}},"loc":{"start":{"line":8,"column":40},"end":{"line":10,"column":5}}},"1":{"name":"(anonymous_9)","decl":{"start":{"line":11,"column":20},"end":{"line":11,"column":null}},"loc":{"start":{"line":14,"column":8},"end":{"line":40,"column":null}}},"2":{"name":"(anonymous_10)","decl":{"start":{"line":14,"column":8},"end":{"line":14,"column":null}},"loc":{"start":{"line":14,"column":8},"end":{"line":40,"column":5}}},"3":{"name":"(anonymous_11)","decl":{"start":{"line":16,"column":24},"end":{"line":16,"column":31}},"loc":{"start":{"line":16,"column":41},"end":{"line":28,"column":14}}},"4":{"name":"(anonymous_12)","decl":{"start":{"line":16,"column":41},"end":{"line":16,"column":null}},"loc":{"start":{"line":16,"column":41},"end":{"line":28,"column":13}}},"5":{"name":"(anonymous_13)","decl":{"start":{"line":30,"column":21},"end":{"line":30,"column":22}},"loc":{"start":{"line":30,"column":42},"end":{"line":39,"column":9}}},"6":{"name":"(anonymous_14)","decl":{"start":{"line":41,"column":23},"end":{"line":41,"column":30}},"loc":{"start":{"line":41,"column":46},"end":{"line":53,"column":null}}},"7":{"name":"(anonymous_15)","decl":{"start":{"line":41,"column":46},"end":{"line":41,"column":null}},"loc":{"start":{"line":41,"column":46},"end":{"line":53,"column":5}}},"8":{"name":"(anonymous_16)","decl":{"start":{"line":54,"column":25},"end":{"line":54,"column":32}},"loc":{"start":{"line":54,"column":48},"end":{"line":66,"column":null}}},"9":{"name":"(anonymous_17)","decl":{"start":{"line":54,"column":48},"end":{"line":54,"column":null}},"loc":{"start":{"line":54,"column":48},"end":{"line":66,"column":5}}},"10":{"name":"(anonymous_18)","decl":{"start":{"line":65,"column":41},"end":{"line":65,"column":42}},"loc":{"start":{"line":65,"column":55},"end":{"line":65,"column":65}}},"11":{"name":"(anonymous_19)","decl":{"start":{"line":67,"column":24},"end":{"line":67,"column":31}},"loc":{"start":{"line":67,"column":77},"end":{"line":84,"column":null}}},"12":{"name":"(anonymous_20)","decl":{"start":{"line":67,"column":77},"end":{"line":67,"column":null}},"loc":{"start":{"line":67,"column":77},"end":{"line":84,"column":5}}},"13":{"name":"(anonymous_21)","decl":{"start":{"line":69,"column":24},"end":{"line":69,"column":31}},"loc":{"start":{"line":69,"column":41},"end":{"line":74,"column":14}}},"14":{"name":"(anonymous_22)","decl":{"start":{"line":69,"column":41},"end":{"line":69,"column":null}},"loc":{"start":{"line":69,"column":41},"end":{"line":74,"column":13}}},"15":{"name":"(anonymous_23)","decl":{"start":{"line":76,"column":24},"end":{"line":76,"column":25}},"loc":{"start":{"line":76,"column":45},"end":{"line":83,"column":9}}},"16":{"name":"(anonymous_24)","decl":{"start":{"line":85,"column":26},"end":{"line":85,"column":null}},"loc":{"start":{"line":93,"column":8},"end":{"line":110,"column":null}}},"17":{"name":"(anonymous_25)","decl":{"start":{"line":93,"column":8},"end":{"line":93,"column":null}},"loc":{"start":{"line":93,"column":8},"end":{"line":110,"column":5}}},"18":{"name":"(anonymous_26)","decl":{"start":{"line":95,"column":28},"end":{"line":95,"column":35}},"loc":{"start":{"line":95,"column":43},"end":{"line":100,"column":14}}},"19":{"name":"(anonymous_27)","decl":{"start":{"line":95,"column":43},"end":{"line":95,"column":null}},"loc":{"start":{"line":95,"column":43},"end":{"line":100,"column":13}}},"20":{"name":"(anonymous_28)","decl":{"start":{"line":102,"column":23},"end":{"line":102,"column":24}},"loc":{"start":{"line":102,"column":44},"end":{"line":109,"column":9}}},"21":{"name":"(anonymous_29)","decl":{"start":{"line":111,"column":30},"end":{"line":111,"column":null}},"loc":{"start":{"line":117,"column":8},"end":{"line":134,"column":null}}},"22":{"name":"(anonymous_30)","decl":{"start":{"line":117,"column":8},"end":{"line":117,"column":null}},"loc":{"start":{"line":117,"column":8},"end":{"line":134,"column":5}}},"23":{"name":"(anonymous_31)","decl":{"start":{"line":119,"column":28},"end":{"line":119,"column":35}},"loc":{"start":{"line":119,"column":43},"end":{"line":124,"column":14}}},"24":{"name":"(anonymous_32)","decl":{"start":{"line":119,"column":43},"end":{"line":119,"column":null}},"loc":{"start":{"line":119,"column":43},"end":{"line":124,"column":13}}},"25":{"name":"(anonymous_33)","decl":{"start":{"line":126,"column":23},"end":{"line":126,"column":24}},"loc":{"start":{"line":126,"column":44},"end":{"line":133,"column":9}}},"26":{"name":"(anonymous_34)","decl":{"start":{"line":135,"column":27},"end":{"line":135,"column":null}},"loc":{"start":{"line":138,"column":8},"end":{"line":158,"column":null}}},"27":{"name":"(anonymous_35)","decl":{"start":{"line":138,"column":8},"end":{"line":138,"column":null}},"loc":{"start":{"line":138,"column":8},"end":{"line":158,"column":5}}},"28":{"name":"(anonymous_36)","decl":{"start":{"line":140,"column":22},"end":{"line":140,"column":29}},"loc":{"start":{"line":140,"column":35},"end":{"line":145,"column":14}}},"29":{"name":"(anonymous_37)","decl":{"start":{"line":140,"column":35},"end":{"line":140,"column":null}},"loc":{"start":{"line":140,"column":35},"end":{"line":145,"column":13}}},"30":{"name":"(anonymous_38)","decl":{"start":{"line":147,"column":23},"end":{"line":147,"column":24}},"loc":{"start":{"line":147,"column":44},"end":{"line":156,"column":9}}},"31":{"name":"(anonymous_39)","decl":{"start":{"line":157,"column":26},"end":{"line":157,"column":27}},"loc":{"start":{"line":157,"column":40},"end":{"line":157,"column":49}}}},"branchMap":{"0":{"loc":{"start":{"line":33,"column":16},"end":{"line":33,"column":53}},"type":"if","locations":[{"start":{"line":33,"column":16},"end":{"line":33,"column":53}}]},"1":{"loc":{"start":{"line":150,"column":16},"end":{"line":150,"column":53}},"type":"if","locations":[{"start":{"line":150,"column":16},"end":{"line":150,"column":53}}]}},"s":{"0":1,"1":1,"2":9,"3":9,"4":1,"5":1,"6":4,"7":4,"8":4,"9":1,"10":4,"11":4,"12":4,"13":0,"14":4,"15":0,"16":0,"17":9,"18":3,"19":3,"20":3,"21":3,"22":3,"23":0,"24":0,"25":3,"26":9,"27":1,"28":1,"29":1,"30":1,"31":1,"32":0,"33":0,"34":1,"35":4,"36":9,"37":1,"38":1,"39":4,"40":4,"41":4,"42":1,"43":4,"44":4,"45":0,"46":0,"47":9,"48":1,"49":1,"50":7,"51":7,"52":7,"53":1,"54":7,"55":7,"56":0,"57":0,"58":9,"59":1,"60":1,"61":7,"62":7,"63":7,"64":1,"65":7,"66":7,"67":0,"68":0,"69":9,"70":2,"71":2,"72":14,"73":14,"74":14,"75":2,"76":14,"77":14,"78":14,"79":0,"80":14,"81":0,"82":0,"83":2,"84":14,"85":1},"f":{"0":9,"1":1,"2":1,"3":4,"4":4,"5":4,"6":3,"7":3,"8":1,"9":1,"10":4,"11":1,"12":1,"13":4,"14":4,"15":4,"16":1,"17":1,"18":7,"19":7,"20":7,"21":1,"22":1,"23":7,"24":7,"25":7,"26":2,"27":2,"28":14,"29":14,"30":14,"31":14},"b":{"0":[0],"1":[0]}}
,"/home/tejas/Desktop/slcm/course/src/integrationTests/departments.ts": {"path":"/home/tejas/Desktop/slcm/course/src/integrationTests/departments.ts","statementMap":{"0":{"start":{"line":2,"column":0},"end":{"line":2,"column":31}},"1":{"start":{"line":5,"column":0},"end":{"line":5,"column":29}},"2":{"start":{"line":9,"column":8},"end":{"line":9,"column":null}},"3":{"start":{"line":11,"column":4},"end":{"line":27,"column":null}},"4":{"start":{"line":14,"column":8},"end":{"line":27,"column":null}},"5":{"start":{"line":15,"column":33},"end":{"line":17,"column":67}},"6":{"start":{"line":18,"column":8},"end":{"line":25,"column":null}},"7":{"start":{"line":19,"column":12},"end":{"line":19,"column":null}},"8":{"start":{"line":20,"column":12},"end":{"line":20,"column":49}},"9":{"start":{"line":20,"column":43},"end":{"line":20,"column":49}},"10":{"start":{"line":21,"column":12},"end":{"line":21,"column":null}},"11":{"start":{"line":23,"column":12},"end":{"line":23,"column":null}},"12":{"start":{"line":24,"column":12},"end":{"line":24,"column":null}},"13":{"start":{"line":26,"column":8},"end":{"line":26,"column":null}},"14":{"start":{"line":28,"column":4},"end":{"line":38,"column":null}},"15":{"start":{"line":28,"column":35},"end":{"line":38,"column":null}},"16":{"start":{"line":29,"column":33},"end":{"line":29,"column":77}},"17":{"start":{"line":30,"column":8},"end":{"line":36,"column":null}},"18":{"start":{"line":31,"column":12},"end":{"line":31,"column":null}},"19":{"start":{"line":32,"column":12},"end":{"line":32,"column":null}},"20":{"start":{"line":34,"column":12},"end":{"line":34,"column":null}},"21":{"start":{"line":35,"column":12},"end":{"line":35,"column":null}},"22":{"start":{"line":37,"column":8},"end":{"line":37,"column":null}},"23":{"start":{"line":39,"column":4},"end":{"line":59,"column":null}},"24":{"start":{"line":42,"column":8},"end":{"line":59,"column":null}},"25":{"start":{"line":43,"column":24},"end":{"line":49,"column":null}},"26":{"start":{"line":44,"column":43},"end":{"line":49,"column":14}},"27":{"start":{"line":45,"column":41},"end":{"line":46,"column":null}},"28":{"start":{"line":48,"column":16},"end":{"line":48,"column":null}},"29":{"start":{"line":51,"column":8},"end":{"line":58,"column":null}},"30":{"start":{"line":52,"column":12},"end":{"line":57,"column":null}},"31":{"start":{"line":53,"column":16},"end":{"line":53,"column":null}},"32":{"start":{"line":55,"column":16},"end":{"line":55,"column":null}},"33":{"start":{"line":56,"column":16},"end":{"line":56,"column":null}},"34":{"start":{"line":7,"column":0},"end":{"line":7,"column":21}}},"fnMap":{"0":{"name":"(anonymous_8)","decl":{"start":{"line":8,"column":4},"end":{"line":8,"column":16}},"loc":{"start":{"line":8,"column":40},"end":{"line":10,"column":5}}},"1":{"name":"(anonymous_9)","decl":{"start":{"line":11,"column":24},"end":{"line":11,"column":null}},"loc":{"start":{"line":14,"column":8},"end":{"line":27,"column":null}}},"2":{"name":"(anonymous_10)","decl":{"start":{"line":14,"column":8},"end":{"line":14,"column":null}},"loc":{"start":{"line":14,"column":8},"end":{"line":27,"column":5}}},"3":{"name":"(anonymous_11)","decl":{"start":{"line":28,"column":24},"end":{"line":28,"column":33}},"loc":{"start":{"line":28,"column":35},"end":{"line":38,"column":null}}},"4":{"name":"(anonymous_12)","decl":{"start":{"line":28,"column":35},"end":{"line":28,"column":null}},"loc":{"start":{"line":28,"column":35},"end":{"line":38,"column":5}}},"5":{"name":"(anonymous_13)","decl":{"start":{"line":39,"column":27},"end":{"line":39,"column":null}},"loc":{"start":{"line":42,"column":8},"end":{"line":59,"column":null}}},"6":{"name":"(anonymous_14)","decl":{"start":{"line":42,"column":8},"end":{"line":42,"column":null}},"loc":{"start":{"line":42,"column":8},"end":{"line":59,"column":5}}},"7":{"name":"(anonymous_15)","decl":{"start":{"line":44,"column":28},"end":{"line":44,"column":35}},"loc":{"start":{"line":44,"column":43},"end":{"line":49,"column":14}}},"8":{"name":"(anonymous_16)","decl":{"start":{"line":44,"column":43},"end":{"line":44,"column":null}},"loc":{"start":{"line":44,"column":43},"end":{"line":49,"column":13}}},"9":{"name":"(anonymous_17)","decl":{"start":{"line":51,"column":24},"end":{"line":51,"column":25}},"loc":{"start":{"line":51,"column":45},"end":{"line":58,"column":9}}}},"branchMap":{"0":{"loc":{"start":{"line":20,"column":12},"end":{"line":20,"column":49}},"type":"if","locations":[{"start":{"line":20,"column":12},"end":{"line":20,"column":49}}]}},"s":{"0":1,"1":1,"2":9,"3":9,"4":1,"5":1,"6":1,"7":1,"8":1,"9":0,"10":1,"11":0,"12":0,"13":1,"14":9,"15":2,"16":2,"17":2,"18":2,"19":2,"20":0,"21":0,"22":2,"23":9,"24":1,"25":1,"26":1,"27":1,"28":1,"29":1,"30":1,"31":1,"32":0,"33":0,"34":1},"f":{"0":9,"1":1,"2":1,"3":2,"4":2,"5":1,"6":1,"7":1,"8":1,"9":1},"b":{"0":[0]}}
,"/home/tejas/Desktop/slcm/course/src/integrationTests/streams.ts": {"path":"/home/tejas/Desktop/slcm/course/src/integrationTests/streams.ts","statementMap":{"0":{"start":{"line":1,"column":0},"end":{"line":1,"column":31}},"1":{"start":{"line":4,"column":0},"end":{"line":4,"column":29}},"2":{"start":{"line":9,"column":8},"end":{"line":9,"column":null}},"3":{"start":{"line":11,"column":4},"end":{"line":36,"column":null}},"4":{"start":{"line":14,"column":8},"end":{"line":36,"column":null}},"5":{"start":{"line":15,"column":21},"end":{"line":24,"column":null}},"6":{"start":{"line":16,"column":41},"end":{"line":24,"column":14}},"7":{"start":{"line":17,"column":41},"end":{"line":22,"column":22}},"8":{"start":{"line":23,"column":16},"end":{"line":23,"column":null}},"9":{"start":{"line":26,"column":8},"end":{"line":35,"column":null}},"10":{"start":{"line":27,"column":12},"end":{"line":34,"column":null}},"11":{"start":{"line":28,"column":16},"end":{"line":28,"column":null}},"12":{"start":{"line":29,"column":16},"end":{"line":29,"column":53}},"13":{"start":{"line":29,"column":47},"end":{"line":29,"column":53}},"14":{"start":{"line":30,"column":16},"end":{"line":30,"column":null}},"15":{"start":{"line":32,"column":16},"end":{"line":32,"column":null}},"16":{"start":{"line":33,"column":16},"end":{"line":33,"column":null}},"17":{"start":{"line":37,"column":4},"end":{"line":42,"column":null}},"18":{"start":{"line":37,"column":31},"end":{"line":42,"column":null}},"19":{"start":{"line":38,"column":33},"end":{"line":38,"column":73}},"20":{"start":{"line":39,"column":8},"end":{"line":39,"column":null}},"21":{"start":{"line":40,"column":8},"end":{"line":40,"column":null}},"22":{"start":{"line":41,"column":8},"end":{"line":41,"column":null}},"23":{"start":{"line":43,"column":4},"end":{"line":60,"column":null}},"24":{"start":{"line":43,"column":77},"end":{"line":60,"column":null}},"25":{"start":{"line":44,"column":24},"end":{"line":50,"column":null}},"26":{"start":{"line":45,"column":41},"end":{"line":50,"column":14}},"27":{"start":{"line":46,"column":41},"end":{"line":47,"column":null}},"28":{"start":{"line":49,"column":16},"end":{"line":49,"column":null}},"29":{"start":{"line":52,"column":8},"end":{"line":59,"column":null}},"30":{"start":{"line":53,"column":12},"end":{"line":58,"column":null}},"31":{"start":{"line":54,"column":16},"end":{"line":54,"column":null}},"32":{"start":{"line":56,"column":16},"end":{"line":56,"column":null}},"33":{"start":{"line":57,"column":16},"end":{"line":57,"column":null}},"34":{"start":{"line":61,"column":4},"end":{"line":75,"column":null}},"35":{"start":{"line":65,"column":8},"end":{"line":75,"column":null}},"36":{"start":{"line":66,"column":33},"end":{"line":68,"column":30}},"37":{"start":{"line":69,"column":8},"end":{"line":74,"column":null}},"38":{"start":{"line":70,"column":12},"end":{"line":70,"column":null}},"39":{"start":{"line":72,"column":12},"end":{"line":72,"column":null}},"40":{"start":{"line":73,"column":12},"end":{"line":73,"column":null}},"41":{"start":{"line":7,"column":0},"end":{"line":7,"column":21}}},"fnMap":{"0":{"name":"(anonymous_8)","decl":{"start":{"line":8,"column":4},"end":{"line":8,"column":16}},"loc":{"start":{"line":8,"column":32},"end":{"line":10,"column":5}}},"1":{"name":"(anonymous_9)","decl":{"start":{"line":11,"column":20},"end":{"line":11,"column":null}},"loc":{"start":{"line":14,"column":8},"end":{"line":36,"column":null}}},"2":{"name":"(anonymous_10)","decl":{"start":{"line":14,"column":8},"end":{"line":14,"column":null}},"loc":{"start":{"line":14,"column":8},"end":{"line":36,"column":5}}},"3":{"name":"(anonymous_11)","decl":{"start":{"line":16,"column":24},"end":{"line":16,"column":31}},"loc":{"start":{"line":16,"column":41},"end":{"line":24,"column":14}}},"4":{"name":"(anonymous_12)","decl":{"start":{"line":16,"column":41},"end":{"line":16,"column":null}},"loc":{"start":{"line":16,"column":41},"end":{"line":24,"column":13}}},"5":{"name":"(anonymous_13)","decl":{"start":{"line":26,"column":21},"end":{"line":26,"column":22}},"loc":{"start":{"line":26,"column":42},"end":{"line":35,"column":9}}},"6":{"name":"(anonymous_14)","decl":{"start":{"line":37,"column":20},"end":{"line":37,"column":29}},"loc":{"start":{"line":37,"column":31},"end":{"line":42,"column":null}}},"7":{"name":"(anonymous_15)","decl":{"start":{"line":37,"column":31},"end":{"line":37,"column":null}},"loc":{"start":{"line":37,"column":31},"end":{"line":42,"column":5}}},"8":{"name":"(anonymous_16)","decl":{"start":{"line":43,"column":24},"end":{"line":43,"column":31}},"loc":{"start":{"line":43,"column":77},"end":{"line":60,"column":null}}},"9":{"name":"(anonymous_17)","decl":{"start":{"line":43,"column":77},"end":{"line":43,"column":null}},"loc":{"start":{"line":43,"column":77},"end":{"line":60,"column":5}}},"10":{"name":"(anonymous_18)","decl":{"start":{"line":45,"column":24},"end":{"line":45,"column":31}},"loc":{"start":{"line":45,"column":41},"end":{"line":50,"column":14}}},"11":{"name":"(anonymous_19)","decl":{"start":{"line":45,"column":41},"end":{"line":45,"column":null}},"loc":{"start":{"line":45,"column":41},"end":{"line":50,"column":13}}},"12":{"name":"(anonymous_20)","decl":{"start":{"line":52,"column":24},"end":{"line":52,"column":25}},"loc":{"start":{"line":52,"column":45},"end":{"line":59,"column":9}}},"13":{"name":"(anonymous_21)","decl":{"start":{"line":61,"column":25},"end":{"line":61,"column":null}},"loc":{"start":{"line":65,"column":8},"end":{"line":75,"column":null}}},"14":{"name":"(anonymous_22)","decl":{"start":{"line":65,"column":8},"end":{"line":65,"column":null}},"loc":{"start":{"line":65,"column":8},"end":{"line":75,"column":5}}}},"branchMap":{"0":{"loc":{"start":{"line":29,"column":16},"end":{"line":29,"column":53}},"type":"if","locations":[{"start":{"line":29,"column":16},"end":{"line":29,"column":53}}]}},"s":{"0":1,"1":1,"2":9,"3":9,"4":1,"5":1,"6":2,"7":2,"8":2,"9":1,"10":2,"11":2,"12":2,"13":0,"14":2,"15":0,"16":0,"17":9,"18":6,"19":6,"20":6,"21":6,"22":6,"23":9,"24":1,"25":1,"26":2,"27":2,"28":2,"29":1,"30":2,"31":2,"32":0,"33":0,"34":9,"35":1,"36":1,"3
[...]
,"/home/tejas/Desktop/slcm/course/src/validators/ClassValidator.ts": {"path":"/home/tejas/Desktop/slcm/course/src/validators/ClassValidator.ts","statementMap":{"0":{"start":{"line":1,"column":0},"end":{"line":1,"column":32}},"1":{"start":{"line":3,"column":0},"end":{"line":3,"column":21}},"2":{"start":{"line":4,"column":0},"end":{"line":4,"column":35}},"3":{"start":{"line":7,"column":0},"end":{"line":138,"column":null}},"4":{"start":{"line":8,"column":4},"end":{"line":28,"column":null}},"5":{"start":{"line":9,"column":23},"end":{"line":21,"column":23}},"6":{"start":{"line":22,"column":8},"end":{"line":27,"column":null}},"7":{"start":{"line":23,"column":12},"end":{"line":23,"column":null}},"8":{"start":{"line":24,"column":12},"end":{"line":24,"column":null}},"9":{"start":{"line":26,"column":12},"end":{"line":26,"column":null}},"10":{"start":{"line":29,"column":4},"end":{"line":41,"column":null}},"11":{"start":{"line":30,"column":28},"end":{"line":32,"column":10}},"12":{"start":{"line":33,"column":27},"end":{"line":33,"column":73}},"13":{"start":{"line":34,"column":8},"end":{"line":40,"column":null}},"14":{"start":{"line":35,"column":12},"end":{"line":35,"column":null}},"15":{"start":{"line":36,"column":12},"end":{"line":36,"column":null}},"16":{"start":{"line":37,"column":12},"end":{"line":37,"column":null}},"17":{"start":{"line":39,"column":12},"end":{"line":39,"column":null}},"18":{"start":{"line":42,"column":4},"end":{"line":58,"column":null}},"19":{"start":{"line":47,"column":23},"end":{"line":51,"column":10}},"20":{"start":{"line":52,"column":8},"end":{"line":57,"column":null}},"21":{"start":{"line":53,"column":12},"end":{"line":53,"column":null}},"22":{"start":{"line":54,"column":12},"end":{"line":54,"column":null}},"23":{"start":{"line":56,"column":12},"end":{"line":56,"column":null}},"24":{"start":{"line":59,"column":4},"end":{"line":78,"column":null}},"25":{"start":{"line":64,"column":28},"end":{"line":66,"column":10}},"26":{"start":{"line":67,"column":27},"end":{"line":70,"column":10}},"27":{"start":{"line":71,"column":8},"end":{"line":77,"column":null}},"28":{"start":{"line":72,"column":12},"end":{"line":72,"column":null}},"29":{"start":{"line":73,"column":12},"end":{"line":73,"column":null}},"30":{"start":{"line":74,"column":12},"end":{"line":74,"column":null}},"31":{"start":{"line":76,"column":12},"end":{"line":76,"column":null}},"32":{"start":{"line":79,"column":4},"end":{"line":99,"column":null}},"33":{"start":{"line":84,"column":23},"end":{"line":92,"column":10}},"34":{"start":{"line":93,"column":8},"end":{"line":98,"column":null}},"35":{"start":{"line":94,"column":12},"end":{"line":94,"column":null}},"36":{"start":{"line":95,"column":12},"end":{"line":95,"column":null}},"37":{"start":{"line":97,"column":12},"end":{"line":97,"column":null}},"38":{"start":{"line":100,"column":4},"end":{"line":116,"column":null}},"39":{"start":{"line":105,"column":23},"end":{"line":109,"column":10}},"40":{"start":{"line":110,"column":8},"end":{"line":115,"column":null}},"41":{"start":{"line":111,"column":12},"end":{"line":111,"column":null}},"42":{"start":{"line":112,"column":12},"end":{"line":112,"column":null}},"43":{"start":{"line":114,"column":12},"end":{"line":114,"column":null}},"44":{"start":{"line":117,"column":4},"end":{"line":137,"column":null}},"45":{"start":{"line":122,"column":28},"end":{"line":124,"column":10}},"46":{"start":{"line":125,"column":27},"end":{"line":129,"column":10}},"47":{"start":{"line":130,"column":8},"end":{"line":136,"column":null}},"48":{"start":{"line":131,"column":12},"end":{"line":131,"column":null}},"49":{"start":{"line":132,"column":12},"end":{"line":132,"column":null}},"50":{"start":{"line":133,"column":12},"end":{"line":133,"column":null}},"51":{"start":{"line":135,"column":12},"end":{"line":135,"column":null}},"52":{"start":{"line":7,"column":21},"end":{"line":138,"column":null}},"53":{"start":{"line":7,"column":21},"end":{"line":7,"column":36}}},"fnMap":{"0":{"name":"(anonymous_2)","decl":{"start":{"line":7,"column":0},"end":{"line":7,"column":21}},"loc":{"start":{"line":7,"column":0},"end":{"line":138,"column":1}}},"1":{"name":"(anonymous_3)","decl":{"start":{"line":8,"column":18},"end":{"line":8,"column":19}},"loc":{"start":{"line":8,"column":70},"end":{"line":28,"column":5}}},"2":{"name":"(anonymous_4)","decl":{"start":{"line":29,"column":23},"end":{"line":29,"column":24}},"loc":{"start":{"line":29,"column":75},"end":{"line":41,"column":5}}},"3":{"name":"(anonymous_5)","decl":{"start":{"line":42,"column":30},"end":{"line":42,"column":null}},"loc":{"start":{"line":46,"column":8},"end":{"line":58,"column":5}}},"4":{"name":"(anonymous_6)","decl":{"start":{"line":59,"column":36},"end":{"line":59,"column":null}},"loc":{"start":{"line":63,"column":8},"end":{"line":78,"column":5}}},"5":{"name":"(anonymous_7)","decl":{"start":{"line":79,"column":29},"end":{"line":79,"column":null}},"loc":{"start":{"line":83,"column":8},"end":{"line":99,"column":5}}},"6":{"name":"(anonymous_8)","decl":{"start":{"line":100,"column":28},"end":{"line":100,"column":null}},"loc":{"start":{"line":104,"column":8},"end":{"line":116,"column":5}}},"7":{"name":"(anonymous_9)","decl":{"start":{"line":117,"column":30},"end":{"line":117,"column":null}},"loc":{"start":{"line":121,"column":8},"end":{"line":137,"column":5}}}},"branchMap":{},"s":{"0":1,"1":1,"2":1,"3":1,"4":1,"5":1,"6":1,"7":1,"8":1,"9":0,"10":1,"11":2,"12":2,"13":2,"14":2,"15":2,"16":2,"17":0,"18":1,"19":3,"20":3,"21":3,"22":3,"23":0,"24":1,"25":7,"26":7,"27":7,"28":7,"29":7,"30":7,"31":0,"32":1,"33":1,"34":1,"35":1,"36":1,"37":0,"38":1,"39":0,"40":0,"41":0,"42":0,"43":0,"44":1,"45":0,"46":0,"47":0,"48":0,"49":0,"50":0,"51":0,"52":1,"53":1},"f":{"0":1,"1":1,"2":2,"3":3,"4":7,"5":1,"6":0,"7":0},"b":{}}
,"/home/tejas/Desktop/slcm/course/src/validators/CourseValidator.ts": {"path":"/home/tejas/Desktop/slcm/course/src/validators/CourseValidator.ts","statementMap":{"0":{"start":{"line":1,"column":0},"end":{"line":1,"column":32}},"1":{"start":{"line":3,"column":0},"end":{"line":3,"column":21}},"2":{"start":{"line":4,"column":0},"end":{"line":4,"column":55}},"3":{"start":{"line":5,"column":0},"end":{"line":5,"column":35}},"4":{"start":{"line":8,"column":0},"end":{"line":76,"column":null}},"5":{"start":{"line":9,"column":4},"end":{"line":26,"column":null}},"6":{"start":{"line":9,"column":77},"end":{"line":26,"column":null}},"7":{"start":{"line":10,"column":23},"end":{"line":19,"column":10}},"8":{"start":{"line":20,"column":8},"end":{"line":25,"column":null}},"9":{"start":{"line":21,"column":12},"end":{"line":21,"column":null}},"10":{"start":{"line":22,"column":12},"end":{"line":22,"column":null}},"11":{"start":{"line":24,"column":12},"end":{"line":24,"column":null}},"12":{"start":{"line":27,"column":4},"end":{"line":46,"column":null}},"13":{"start":{"line":31,"column":8},"end":{"line":46,"column":null}},"14":{"start":{"line":32,"column":23},"end":{"line":39,"column":10}},"15":{"start":{"line":40,"column":8},"end":{"line":45,"column":null}},"16":{"start":{"line":41,"column":12},"end":{"line":41,"column":null}},"17":{"start":{"line":42,"column":12},"end":{"line":42,"column":null}},"18":{"start":{"line":44,"column":12},"end":{"line":44,"column":null}},"19":{"start":{"line":47,"column":4},"end":{"line":64,"column":null}},"20":{"start":{"line":51,"column":8},"end":{"line":64,"column":null}},"21":{"start":{"line":52,"column":23},"end":{"line":57,"column":10}},"22":{"start":{"line":58,"column":8},"end":{"line":63,"column":null}},"23":{"start":{"line":59,"column":12},"end":{"line":59,"column":null}},"24":{"start":{"line":60,"column":12},"end":{"line":60,"column":null}},"25":{"start":{"line":62,"column":12},"end":{"line":62,"column":null}},"26":{"start":{"line":65,"column":4},"end":{"line":75,"column":null}},"27":{"start":{"line":65,"column":73},"end":{"line":75,"column":null}},"28":{"start":{"line":66,"column":23},"end":{"line":68,"column":10}},"29":{"start":{"line":69,"column":8},"end":{"line":74,"column":null}},"30":{"start":{"line":70,"column":12},"end":{"line":70,"column":null}},"31":{"start":{"line":71,"column":12},"end":{"line":71,"column":null}},"32":{"start":{"line":73,"column":12},"end":{"line":73,"column":null}},"33":{"start":{"line":8,"column":21},"end":{"line":76,"column":null}},"34":{"start":{"line":8,"column":21},"end":{"line":8,"column":37}}},"fnMap":{"0":{"name":"(anonymous_9)","decl":{"start":{"line":8,"column":0},"end":{"line":8,"column":21}},"loc":{"start":{"line":8,"column":0},"end":{"line":76,"column":1}}},"1":{"name":"(anonymous_10)","decl":{"start":{"line":9,"column":19},"end":{"line":9,"column":26}},"loc":{"start":{"line":9,"column":77},"end":{"line":26,"column":null}}},"2":{"name":"(anonymous_11)","decl":{"start":{"line":9,"column":77},"end":{"line":9,"column":null}},"loc":{"start":{"line":9,"column":77},"end":{"line":26,"column":5}}},"3":{"name":"(anonymous_12)","decl":{"start":{"line":27,"column":27},"end":{"line":27,"column":null}},"loc":{"start":{"line":31,"column":8},"end":{"line":46,"column":null}}},"4":{"name":"(anonymous_13)","decl":{"start":{"line":31,"column":8},"end":{"line":31,"column":null}},"loc":{"start":{"line":31,"column":8},"end":{"line":46,"column":5}}},"5":{"name":"(anonymous_14)","decl":{"start":{"line":47,"column":30},"end":{"line":47,"column":null}},"loc":{"start":{"line":51,"column":8},"end":{"line":64,"column":null}}},"6":{"name":"(anonymous_15)","decl":{"start":{"line":51,"column":8},"end":{"line":51,"column":null}},"loc":{"start":{"line":51,"column":8},"end":{"line":64,"column":5}}},"7":{"name":"(anonymous_16)","decl":{"start":{"line":65,"column":15},"end":{"line":65,"column":22}},"loc":{"start":{"line":65,"column":73},"end":{"line":75,"column":null}}},"8":{"name":"(anonymous_17)","decl":{"start":{"line":65,"column":73},"end":{"line":65,"column":null}},"loc":{"start":{"line":65,"column":73},"end":{"line":75,"column":5}}}},"branchMap":{},"s":{"0":1,"1":1,"2":1,"3":1,"4":1,"5":1,"6":4,"7":4,"8":4,"9":4,"10":4,"11":0,"12":1,"13":7,"14":7,"15":7,"16":7,"17":7,"18":0,"19":1,"20":7,"21":7,"22":7,"23":7,"24":7,"25":0,"26":1,"27":18,"28":18,"29":18,"30":18,"31":18,"32":0,"33":1,"34":1},"f":{"0":1,"1":4,"2":4,"3":7,"4":7,"5":7,"6":7,"7":18,"8":18},"b":{}}
,"/home/tejas/Desktop/slcm/course/src/validators/DepartmentValidator.ts": {"path":"/home/tejas/Desktop/slcm/course/src/validators/DepartmentValidator.ts","statementMap":{"0":{"start":{"line":1,"column":0},"end":{"line":1,"column":32}},"1":{"start":{"line":3,"column":0},"end":{"line":3,"column":21}},"2":{"start":{"line":4,"column":0},"end":{"line":4,"column":35}},"3":{"start":{"line":7,"column":0},"end":{"line":35,"column":null}},"4":{"start":{"line":8,"column":4},"end":{"line":19,"column":null}},"5":{"start":{"line":9,"column":23},"end":{"line":12,"column":10}},"6":{"start":{"line":13,"column":8},"end":{"line":18,"column":null}},"7":{"start":{"line":14,"column":12},"end":{"line":14,"column":null}},"8":{"start":{"line":15,"column":12},"end":{"line":15,"column":null}},"9":{"start":{"line":17,"column":12},"end":{"line":17,"column":null}},"10":{"start":{"line":20,"column":4},"end":{"line":34,"column":null}},"11":{"start":{"line":21,"column":27},"end":{"line":23,"column":10}},"12":{"start":{"line":24,"column":29},"end":{"line":26,"column":10}},"13":{"start":{"line":27,"column":8},"end":{"line":33,"column":null}},"14":{"start":{"line":28,"column":12},"end":{"line":28,"column":null}},"15":{"start":{"line":29,"column":12},"end":{"line":29,"column":null}},"16":{"start":{"line":30,"column":12},"end":{"line":30,"column":null}},"17":{"start":{"line":32,"column":12},"end":{"line":32,"column":null}},"18":{"start":{"line":7,"column":21},"end":{"line":35,"column":null}},"19":{"start":{"line":7,"column":21},"end":{"line":7,"column":41}}},"fnMap":{"0":{"name":"(anonymous_2)","decl":{"start":{"line":7,"column":0},"end":{"line":7,"column":21}},"loc":{"start":{"line":7,"column":0},"end":{"line":35,"column":1}}},"1":{"name":"(anonymous_3)","decl":{"start":{"line":8,"column":23},"end":{"line":8,"column":24}},"loc":{"start":{"line":8,"column":75},"end":{"line":19,"column":5}}},"2":{"name":"(anonymous_4)","decl":{"start":{"line":20,"column":19},"end":{"line":20,"column":20}},"loc":{"start":{"line":20,"column":71},"end":{"line":34,"column":5}}}},"branchMap":{},"s":{"0":1,"1":1,"2":1,"3":1,"4":1,"5":1,"6":1,"7":1,"8":1,"9":0,"10":1,"11":0,"12":0,"13":0,"14":0,"15":0,"16":0,"17":0,"18":1,"19":1},"f":{"0":1,"1":1,"2":0},"b":{}}
,"/home/tejas/Desktop/slcm/course/src/validators/StreamValidator.ts": {"path":"/home/tejas/Desktop/slcm/course/src/validators/StreamValidator.ts","statementMap":{"0":{"start":{"line":1,"column":0},"end":{"line":1,"column":32}},"1":{"start":{"line":3,"column":0},"end":{"line":3,"column":21}},"2":{"start":{"line":4,"column":0},"end":{"line":4,"column":35}},"3":{"start":{"line":7,"column":0},"end":{"line":74,"column":null}},"4":{"start":{"line":8,"column":4},"end":{"line":22,"column":null}},"5":{"start":{"line":9,"column":8},"end":{"line":21,"column":null}},"6":{"start":{"line":10,"column":12},"end":{"line":17,"column":null}},"7":{"start":{"line":18,"column":12},"end":{"line":18,"column":null}},"8":{"start":{"line":20,"column":12},"end":{"line":20,"column":null}},"9":{"start":{"line":23,"column":4},"end":{"line":34,"column":null}},"10":{"start":{"line":24,"column":23},"end":{"line":27,"column":10}},"11":{"start":{"line":28,"column":8},"end":{"line":33,"column":null}},"12":{"start":{"line":29,"column":12},"end":{"line":29,"column":null}},"13":{"start":{"line":30,"column":12},"end":{"line":30,"column":null}},"14":{"start":{"line":32,"column":12},"end":{"line":32,"column":null}},"15":{"start":{"line":35,"column":4},"end":{"line":58,"column":null}},"16":{"start":{"line":36,"column":23},"end":{"line":47,"column":10}},"17":{"start":{"line":48,"column":25},"end":{"line":50,"column":10}},"18":{"start":{"line":51,"column":8},"end":{"line":57,"column":null}},"19":{"start":{"line":52,"column":12},"end":{"line":52,"column":null}},"20":{"start":{"line":53,"column":12},"end":{"line":53,"column":null}},"21":{"start":{"line":54,"column":12},"end":{"line":54,"column":null}},"22":{"start":{"line":56,"column":12},"end":{"line":56,"column":null}},"23":{"start":{"line":59,"column":4},"end":{"line":73,"column":null}},"24":{"start":{"line":60,"column":27},"end":{"line":62,"column":10}},"25":{"start":{"line":63,"column":29},"end":{"line":65,"column":10}},"26":{"start":{"line":66,"column":8},"end":{"line":72,"column":null}},"27":{"start":{"line":67,"column":12},"end":{"line":67,"column":null}},"28":{"start":{"line":68,"column":12},"end":{"line":68,"column":null}},"29":{"start":{"line":69,"column":12},"end":{"line":69,"column":null}},"30":{"start":{"line":71,"column":12},"end":{"line":71,"column":null}},"31":{"start":{"line":7,"column":21},"end":{"line":74,"column":null}},"32":{"start":{"line":7,"column":21},"end":{"line":7,"column":37}}},"fnMap":{"0":{"name":"(anonymous_2)","decl":{"start":{"line":7,"column":0},"end":{"line":7,"column":21}},"loc":{"start":{"line":7,"column":0},"end":{"line":74,"column":1}}},"1":{"name":"(anonymous_3)","decl":{"start":{"line":8,"column":15},"end":{"line":8,"column":16}},"loc":{"start":{"line":8,"column":67},"end":{"line":22,"column":5}}},"2":{"name":"(anonymous_4)","decl":{"start":{"line":23,"column":19},"end":{"line":23,"column":20}},"loc":{"start":{"line":23,"column":71},"end":{"line":34,"column":5}}},"3":{"name":"(anonymous_5)","decl":{"start":{"line":35,"column":17},"end":{"line":35,"column":18}},"loc":{"start":{"line":35,"column":69},"end":{"line":58,"column":5}}},"4":{"name":"(anonymous_6)","decl":{"start":{"line":59,"column":19},"end":{"line":59,"column":20}},"loc":{"start":{"line":59,"column":71},"end":{"line":73,"column":5}}}},"branchMap":{},"s":{"0":1,"1":1,"2":1,"3":1,"4":1,"5":2,"6":2,"7":2,"8":0,"9":1,"10":2,"11":2,"12":2,"13":2,"14":0,"15":1,"16":1,"17":1,"18":1,"19":1,"20":1,"21":1,"22":0,"23":1,"24":0,"25":0,"26":0,"27":0,"28":0,"29":0,"30":0,"31":1,"32":1},"f":{"0":1,"1":2,"2":2,"3":1,"4":0},"b":{}}
,"/home/tejas/Desktop/slcm/course/src/validators/validator.ts": {"path":"/home/tejas/Desktop/slcm/course/src/validators/validator.ts","statementMap":{"0":{"start":{"line":3,"column":0},"end":{"line":3,"column":32}},"1":{"start":{"line":4,"column":0},"end":{"line":4,"column":34}},"2":{"start":{"line":7,"column":14},"end":{"line":15,"column":null}},"3":{"start":{"line":11,"column":8},"end":{"line":13,"column":null}},"4":{"start":{"line":12,"column":12},"end":{"line":12,"column":null}},"5":{"start":{"line":14,"column":8},"end":{"line":14,"column":null}},"6":{"start":{"line":17,"column":14},"end":{"line":26,"column":null}},"7":{"start":{"line":21,"column":26},"end":{"line":21,"column":47}},"8":{"start":{"line":22,"column":8},"end":{"line":24,"column":null}},"9":{"start":{"line":23,"column":12},"end":{"line":23,"column":null}},"10":{"start":{"line":25,"column":8},"end":{"line":25,"column":null}},"11":{"start":{"line":6,"column":0},"end":{"line":6,"column":21}}},"fnMap":{"0":{"name":"(anonymous_1)","decl":{"start":{"line":6,"column":0},"end":{"line":6,"column":21}},"loc":{"start":{"line":6,"column":0},"end":{"line":27,"column":1}}},"1":{"name":"(anonymous_2)","decl":{"start":{"line":7,"column":36},"end":{"line":7,"column":null}},"loc":{"start":{"line":10,"column":8},"end":{"line":15,"column":5}}},"2":{"name":"(anonymous_3)","decl":{"start":{"line":17,"column":25},"end":{"line":17,"column":null}},"loc":{"start":{"line":20,"column":8},"end":{"line":26,"column":5}}}},"branchMap":{"0":{"loc":{"start":{"line":11,"column":8},"end":{"line":13,"column":null}},"type":"if","locations":[{"start":{"line":11,"column":8},"end":{"line":13,"column":null}}]},"1":{"loc":{"start":{"line":22,"column":8},"end":{"line":24,"column":null}},"type":"if","locations":[{"start":{"line":22,"column":8},"end":{"line":24,"column":null}}]}},"s":{"0":1,"1":1,"2":4,"3":317,"4":0,"5":317,"6":4,"7":66,"8":66,"9":0,"10":66,"11":1},"f":{"0":4,"1":317,"2":66},"b":{"0":[0],"1":[0]}}
}
