TN:
SF:src/error.ts
FN:5,(anonymous_0)
FNF:1
FNH:0
FNDA:0,(anonymous_0)
DA:6,0
DA:7,0
DA:8,0
DA:12,1
LF:4
LH:1
BRF:0
BRH:0
end_of_record
TN:
SF:src/index.ts
FN:15,(anonymous_8)
FN:20,(anonymous_9)
FN:28,(anonymous_10)
FN:35,(anonymous_11)
FN:35,(anonymous_12)
FN:49,(anonymous_13)
FN:53,(anonymous_14)
FN:57,(anonymous_15)
FN:58,(anonymous_16)
FNF:9
FNH:2
FNDA:1,(anonymous_8)
FNDA:1,(anonymous_9)
FNDA:0,(anonymous_10)
FNDA:0,(anonymous_11)
FNDA:0,(anonymous_12)
FNDA:0,(anonymous_13)
FNDA:0,(anonymous_14)
FNDA:0,(anonymous_15)
FNDA:0,(anonymous_16)
DA:1,1
DA:2,1
DA:3,1
DA:4,1
DA:5,1
DA:6,1
DA:7,1
DA:8,1
DA:9,1
DA:11,1
DA:12,1
DA:13,1
DA:15,1
DA:16,1
DA:17,1
DA:20,1
DA:21,1
DA:24,1
DA:25,1
DA:26,1
DA:27,1
DA:28,1
DA:29,0
DA:35,1
DA:36,0
DA:37,0
DA:38,0
DA:42,0
DA:48,1
DA:50,0
DA:52,1
DA:54,0
DA:57,1
DA:58,1
DA:60,1
LF:35
LH:28
BRDA:36,0,0,0
BRDA:48,1,0,1
BRDA:48,1,1,1
BRDA:52,2,0,1
BRDA:52,2,1,1
BRF:5
BRH:4
end_of_record
TN:
SF:src/mockData.ts
FNF:0
FNH:0
DA:1,1
DA:2,1
DA:7,1
DA:8,1
DA:10,1
DA:31,1
DA:66,1
DA:111,1
DA:112,1
DA:113,4
DA:124,1
DA:125,1
DA:126,250
DA:128,1
DA:136,1
LF:15
LH:15
BRF:0
BRH:0
end_of_record
TN:
SF:src/controllers/ClassController.ts
FN:10,(anonymous_9)
FN:176,(anonymous_10)
FN:18,(anonymous_11)
FN:21,(anonymous_12)
FN:24,(anonymous_13)
FN:30,(anonymous_14)
FN:34,(anonymous_15)
FN:40,(anonymous_16)
FN:46,(anonymous_17)
FN:50,(anonymous_18)
FN:53,(anonymous_19)
FN:59,(anonymous_20)
FN:67,(anonymous_21)
FN:73,(anonymous_22)
FN:79,(anonymous_23)
FN:88,(anonymous_24)
FN:94,(anonymous_25)
FN:100,(anonymous_26)
FN:104,(anonymous_27)
FN:110,(anonymous_28)
FN:116,(anonymous_29)
FN:120,(anonymous_30)
FN:126,(anonymous_31)
FN:133,(anonymous_32)
FN:138,(anonymous_33)
FN:141,(anonymous_34)
FN:147,(anonymous_35)
FN:152,(anonymous_36)
FN:155,(anonymous_37)
FN:161,(anonymous_38)
FN:166,(anonymous_39)
FN:172,(anonymous_40)
FNF:32
FNH:16
FNDA:1,(anonymous_9)
FNDA:1,(anonymous_10)
FNDA:1,(anonymous_11)
FNDA:1,(anonymous_12)
FNDA:0,(anonymous_13)
FNDA:1,(anonymous_14)
FNDA:1,(anonymous_15)
FNDA:0,(anonymous_16)
FNDA:1,(anonymous_17)
FNDA:1,(anonymous_18)
FNDA:0,(anonymous_19)
FNDA:1,(anonymous_20)
FNDA:1,(anonymous_21)
FNDA:0,(anonymous_22)
FNDA:0,(anonymous_23)
FNDA:0,(anonymous_24)
FNDA:0,(anonymous_25)
FNDA:0,(anonymous_26)
FNDA:0,(anonymous_27)
FNDA:0,(anonymous_28)
FNDA:0,(anonymous_29)
FNDA:0,(anonymous_30)
FNDA:0,(anonymous_31)
FNDA:7,(anonymous_32)
FNDA:7,(anonymous_33)
FNDA:0,(anonymous_34)
FNDA:1,(anonymous_35)
FNDA:1,(anonymous_36)
FNDA:0,(anonymous_37)
FNDA:1,(anonymous_38)
FNDA:1,(anonymous_39)
FNDA:0,(anonymous_40)
DA:1,1
DA:3,1
DA:4,1
DA:5,1
DA:8,1
DA:11,1
DA:12,1
DA:14,1
DA:15,1
DA:19,1
DA:22,1
DA:24,0
DA:27,1
DA:31,1
DA:32,1
DA:35,1
DA:40,0
DA:43,1
DA:47,1
DA:48,1
DA:51,1
DA:53,0
DA:56,1
DA:60,1
DA:61,1
DA:68,1
DA:73,0
DA:76,1
DA:80,0
DA:81,0
DA:89,0
DA:94,0
DA:97,1
DA:101,0
DA:102,0
DA:105,0
DA:110,0
DA:113,1
DA:117,0
DA:118,0
DA:121,0
DA:126,0
DA:130,1
DA:134,7
DA:135,7
DA:136,7
DA:139,7
DA:141,0
DA:144,1
DA:148,1
DA:149,1
DA:150,1
DA:153,1
DA:155,0
DA:158,1
DA:162,1
DA:163,1
DA:164,1
DA:167,1
DA:172,0
DA:176,1
LF:61
LH:42
BRF:0
BRH:0
end_of_record
TN:
SF:src/controllers/CourseController.ts
FN:10,(anonymous_9)
FN:87,(anonymous_10)
FN:18,(anonymous_11)
FN:21,(anonymous_12)
FN:24,(anonymous_13)
FN:30,(anonymous_14)
FN:34,(anonymous_15)
FN:40,(anonymous_16)
FN:46,(anonymous_17)
FN:50,(anonymous_18)
FN:53,(anonymous_19)
FN:59,(anonymous_20)
FN:62,(anonymous_21)
FN:68,(anonymous_22)
FN:74,(anonymous_23)
FN:77,(anonymous_24)
FN:83,(anonymous_25)
FNF:17
FNH:12
FNDA:1,(anonymous_9)
FNDA:1,(anonymous_10)
FNDA:4,(anonymous_11)
FNDA:4,(anonymous_12)
FNDA:0,(anonymous_13)
FNDA:4,(anonymous_14)
FNDA:4,(anonymous_15)
FNDA:0,(anonymous_16)
FNDA:14,(anonymous_17)
FNDA:14,(anonymous_18)
FNDA:0,(anonymous_19)
FNDA:7,(anonymous_20)
FNDA:7,(anonymous_21)
FNDA:0,(anonymous_22)
FNDA:7,(anonymous_23)
FNDA:7,(anonymous_24)
FNDA:0,(anonymous_25)
DA:1,1
DA:3,1
DA:4,1
DA:5,1
DA:8,1
DA:11,1
DA:12,1
DA:14,1
DA:15,1
DA:19,4
DA:22,4
DA:24,0
DA:27,1
DA:31,4
DA:32,4
DA:35,4
DA:40,0
DA:43,1
DA:47,14
DA:48,14
DA:51,14
DA:53,0
DA:56,1
DA:60,7
DA:63,7
DA:68,0
DA:71,1
DA:75,7
DA:78,7
DA:83,0
DA:87,1
DA:88,1
DA:92,1
LF:33
LH:28
BRF:0
BRH:0
end_of_record
TN:
SF:src/controllers/DepartmentController.ts
FN:10,(anonymous_9)
FN:71,(anonymous_10)
FN:18,(anonymous_11)
FN:21,(anonymous_12)
FN:24,(anonymous_13)
FN:28,(anonymous_14)
FN:31,(anonymous_15)
FN:34,(anonymous_16)
FN:38,(anonymous_17)
FN:41,(anonymous_18)
FN:44,(anonymous_19)
FN:48,(anonymous_20)
FN:51,(anonymous_21)
FN:54,(anonymous_22)
FN:59,(anonymous_23)
FN:62,(anonymous_24)
FN:68,(anonymous_25)
FNF:17
FNH:10
FNDA:1,(anonymous_9)
FNDA:1,(anonymous_10)
FNDA:1,(anonymous_11)
FNDA:1,(anonymous_12)
FNDA:0,(anonymous_13)
FNDA:2,(anonymous_14)
FNDA:2,(anonymous_15)
FNDA:0,(anonymous_16)
FNDA:3,(anonymous_17)
FNDA:3,(anonymous_18)
FNDA:0,(anonymous_19)
FNDA:1,(anonymous_20)
FNDA:1,(anonymous_21)
FNDA:0,(anonymous_22)
FNDA:0,(anonymous_23)
FNDA:0,(anonymous_24)
FNDA:0,(anonymous_25)
DA:1,1
DA:3,1
DA:4,1
DA:5,1
DA:8,1
DA:11,1
DA:12,1
DA:14,1
DA:15,1
DA:19,1
DA:22,1
DA:24,0
DA:26,1
DA:29,2
DA:32,2
DA:34,0
DA:36,1
DA:39,3
DA:42,3
DA:44,0
DA:46,1
DA:49,1
DA:52,1
DA:54,0
DA:56,1
DA:60,0
DA:63,0
DA:68,0
DA:71,1
LF:29
LH:22
BRF:0
BRH:0
end_of_record
TN:
SF:src/controllers/StreamController.ts
FN:10,(anonymous_9)
FN:113,(anonymous_10)
FN:17,(anonymous_11)
FN:20,(anonymous_12)
FN:23,(anonymous_13)
FN:28,(anonymous_14)
FN:32,(anonymous_15)
FN:35,(anonymous_16)
FN:40,(anonymous_17)
FN:44,(anonymous_18)
FN:47,(anonymous_19)
FN:53,(anonymous_20)
FN:57,(anonymous_21)
FN:60,(anonymous_22)
FN:66,(anonymous_23)
FN:70,(anonymous_24)
FN:76,(anonymous_25)
FN:82,(anonymous_26)
FN:85,(anonymous_27)
FN:91,(anonymous_28)
FN:97,(anonymous_29)
FN:103,(anonymous_30)
FN:109,(anonymous_31)
FNF:23
FNH:12
FNDA:1,(anonymous_9)
FNDA:1,(anonymous_10)
FNDA:5,(anonymous_11)
FNDA:5,(anonymous_12)
FNDA:0,(anonymous_13)
FNDA:0,(anonymous_14)
FNDA:0,(anonymous_15)
FNDA:0,(anonymous_16)
FNDA:1,(anonymous_17)
FNDA:1,(anonymous_18)
FNDA:0,(anonymous_19)
FNDA:2,(anonymous_20)
FNDA:2,(anonymous_21)
FNDA:0,(anonymous_22)
FNDA:2,(anonymous_23)
FNDA:2,(anonymous_24)
FNDA:0,(anonymous_25)
FNDA:1,(anonymous_26)
FNDA:1,(anonymous_27)
FNDA:0,(anonymous_28)
FNDA:0,(anonymous_29)
FNDA:0,(anonymous_30)
FNDA:0,(anonymous_31)
DA:1,1
DA:3,1
DA:4,1
DA:5,1
DA:8,1
DA:11,1
DA:12,1
DA:14,1
DA:15,1
DA:18,5
DA:21,5
DA:23,0
DA:26,1
DA:29,0
DA:30,0
DA:33,0
DA:35,0
DA:38,1
DA:41,1
DA:42,1
DA:45,1
DA:47,0
DA:50,1
DA:54,2
DA:55,2
DA:58,2
DA:60,0
DA:63,1
DA:67,2
DA:68,2
DA:71,2
DA:76,0
DA:79,1
DA:83,1
DA:86,1
DA:91,0
DA:94,1
DA:98,0
DA:104,0
DA:109,0
DA:113,1
LF:41
LH:29
BRF:0
BRH:0
end_of_record
TN:
SF:src/integrationTests/class.ts
FN:6,(anonymous_8)
FN:9,(anonymous_9)
FN:17,(anonymous_10)
FN:26,(anonymous_11)
FN:34,(anonymous_12)
FN:37,(anonymous_13)
FN:39,(anonymous_14)
FN:39,(anonymous_15)
FN:57,(anonymous_16)
FN:60,(anonymous_17)
FN:62,(anonymous_18)
FN:62,(anonymous_19)
FN:75,(anonymous_20)
FN:78,(anonymous_21)
FN:91,(anonymous_22)
FN:94,(anonymous_23)
FN:109,(anonymous_24)
FN:116,(anonymous_25)
FN:118,(anonymous_26)
FN:118,(anonymous_27)
FN:135,(anonymous_28)
FN:139,(anonymous_29)
FNF:22
FNH:22
FNDA:8,(anonymous_8)
FNDA:1,(anonymous_9)
FNDA:1,(anonymous_10)
FNDA:1,(anonymous_11)
FNDA:1,(anonymous_12)
FNDA:1,(anonymous_13)
FNDA:1,(anonymous_14)
FNDA:1,(anonymous_15)
FNDA:1,(anonymous_16)
FNDA:1,(anonymous_17)
FNDA:1,(anonymous_18)
FNDA:1,(anonymous_19)
FNDA:1,(anonymous_20)
FNDA:1,(anonymous_21)
FNDA:1,(anonymous_22)
FNDA:1,(anonymous_23)
FNDA:1,(anonymous_24)
FNDA:1,(anonymous_25)
FNDA:7,(anonymous_26)
FNDA:7,(anonymous_27)
FNDA:1,(anonymous_28)
FNDA:1,(anonymous_29)
DA:1,1
DA:3,1
DA:5,1
DA:7,8
DA:9,8
DA:17,1
DA:18,1
DA:21,1
DA:22,1
DA:23,1
DA:24,1
DA:25,1
DA:26,1
DA:27,1
DA:30,0
DA:31,0
DA:34,8
DA:37,1
DA:38,1
DA:39,1
DA:40,1
DA:43,1
DA:44,1
DA:45,1
DA:46,1
DA:47,1
DA:48,1
DA:50,0
DA:51,0
DA:55,1
DA:57,8
DA:60,1
DA:61,1
DA:62,1
DA:63,1
DA:66,1
DA:67,1
DA:69,0
DA:70,0
DA:75,8
DA:78,1
DA:79,1
DA:82,1
DA:83,1
DA:84,1
DA:85,1
DA:87,0
DA:88,0
DA:91,8
DA:94,1
DA:95,1
DA:98,1
DA:99,1
DA:100,1
DA:101,1
DA:102,1
DA:103,1
DA:105,0
DA:106,0
DA:109,8
DA:116,1
DA:117,1
DA:118,7
DA:119,7
DA:122,7
DA:123,7
DA:124,7
DA:125,7
DA:126,7
DA:127,7
DA:129,0
DA:130,0
DA:135,8
DA:139,1
DA:140,1
DA:143,1
DA:144,1
DA:145,1
DA:146,1
DA:147,1
DA:149,0
DA:150,0
LF:82
LH:68
BRDA:23,0,0,0
BRDA:45,1,0,0
BRDA:84,2,0,0
BRDA:100,3,0,0
BRDA:124,4,0,0
BRF:5
BRH:0
end_of_record
TN:
SF:src/integrationTests/common.ts
FN:6,(anonymous_0)
FN:9,(anonymous_1)
FNF:2
FNH:2
FNDA:32,(anonymous_0)
FNDA:7,(anonymous_1)
DA:2,1
DA:4,1
DA:7,32
DA:9,32
DA:10,7
LF:5
LH:5
BRF:0
BRH:0
end_of_record
TN:
SF:src/integrationTests/courses.ts
FN:8,(anonymous_8)
FN:11,(anonymous_9)
FN:14,(anonymous_10)
FN:16,(anonymous_11)
FN:16,(anonymous_12)
FN:30,(anonymous_13)
FN:41,(anonymous_14)
FN:41,(anonymous_15)
FN:54,(anonymous_16)
FN:54,(anonymous_17)
FN:65,(anonymous_18)
FN:67,(anonymous_19)
FN:67,(anonymous_20)
FN:69,(anonymous_21)
FN:69,(anonymous_22)
FN:76,(anonymous_23)
FN:85,(anonymous_24)
FN:93,(anonymous_25)
FN:95,(anonymous_26)
FN:95,(anonymous_27)
FN:102,(anonymous_28)
FN:111,(anonymous_29)
FN:117,(anonymous_30)
FN:119,(anonymous_31)
FN:119,(anonymous_32)
FN:126,(anonymous_33)
FN:135,(anonymous_34)
FN:138,(anonymous_35)
FN:140,(anonymous_36)
FN:140,(anonymous_37)
FN:147,(anonymous_38)
FN:157,(anonymous_39)
FNF:32
FNH:32
FNDA:8,(anonymous_8)
FNDA:1,(anonymous_9)
FNDA:1,(anonymous_10)
FNDA:4,(anonymous_11)
FNDA:4,(anonymous_12)
FNDA:4,(anonymous_13)
FNDA:3,(anonymous_14)
FNDA:3,(anonymous_15)
FNDA:1,(anonymous_16)
FNDA:1,(anonymous_17)
FNDA:4,(anonymous_18)
FNDA:1,(anonymous_19)
FNDA:1,(anonymous_20)
FNDA:4,(anonymous_21)
FNDA:4,(anonymous_22)
FNDA:4,(anonymous_23)
FNDA:1,(anonymous_24)
FNDA:1,(anonymous_25)
FNDA:7,(anonymous_26)
FNDA:7,(anonymous_27)
FNDA:7,(anonymous_28)
FNDA:1,(anonymous_29)
FNDA:1,(anonymous_30)
FNDA:7,(anonymous_31)
FNDA:7,(anonymous_32)
FNDA:7,(anonymous_33)
FNDA:2,(anonymous_34)
FNDA:2,(anonymous_35)
FNDA:14,(anonymous_36)
FNDA:14,(anonymous_37)
FNDA:14,(anonymous_38)
FNDA:14,(anonymous_39)
DA:1,1
DA:3,1
DA:9,8
DA:11,8
DA:14,1
DA:15,1
DA:16,4
DA:17,4
DA:27,4
DA:30,1
DA:31,4
DA:32,4
DA:33,4
DA:34,4
DA:36,0
DA:37,0
DA:41,8
DA:42,3
DA:45,3
DA:46,3
DA:47,3
DA:49,0
DA:50,0
DA:52,3
DA:54,8
DA:55,1
DA:58,1
DA:59,1
DA:60,1
DA:62,0
DA:63,0
DA:65,4
DA:67,8
DA:68,1
DA:69,4
DA:70,4
DA:73,4
DA:76,1
DA:77,4
DA:78,4
DA:80,0
DA:81,0
DA:85,8
DA:93,1
DA:94,1
DA:95,7
DA:96,7
DA:99,7
DA:102,1
DA:103,7
DA:104,7
DA:106,0
DA:107,0
DA:111,8
DA:117,1
DA:118,1
DA:119,7
DA:120,7
DA:123,7
DA:126,1
DA:127,7
DA:128,7
DA:130,0
DA:131,0
DA:135,8
DA:138,2
DA:139,2
DA:140,14
DA:141,14
DA:144,14
DA:147,2
DA:148,14
DA:149,14
DA:150,14
DA:151,14
DA:153,0
DA:154,0
DA:157,14
DA:161,1
LF:79
LH:65
BRDA:33,0,0,0
BRDA:150,1,0,0
BRF:2
BRH:0
end_of_record
TN:
SF:src/integrationTests/departments.ts
FN:8,(anonymous_8)
FN:11,(anonymous_9)
FN:14,(anonymous_10)
FN:28,(anonymous_11)
FN:28,(anonymous_12)
FN:39,(anonymous_13)
FN:42,(anonymous_14)
FN:44,(anonymous_15)
FN:44,(anonymous_16)
FN:51,(anonymous_17)
FNF:10
FNH:10
FNDA:8,(anonymous_8)
FNDA:1,(anonymous_9)
FNDA:1,(anonymous_10)
FNDA:2,(anonymous_11)
FNDA:2,(anonymous_12)
FNDA:1,(anonymous_13)
FNDA:1,(anonymous_14)
FNDA:1,(anonymous_15)
FNDA:1,(anonymous_16)
FNDA:1,(anonymous_17)
DA:2,1
DA:5,1
DA:7,1
DA:9,8
DA:11,8
DA:14,1
DA:15,1
DA:18,1
DA:19,1
DA:20,1
DA:21,1
DA:23,0
DA:24,0
DA:26,1
DA:28,8
DA:29,2
DA:30,2
DA:31,2
DA:32,2
DA:34,0
DA:35,0
DA:37,2
DA:39,8
DA:42,1
DA:43,1
DA:44,1
DA:45,1
DA:48,1
DA:51,1
DA:52,1
DA:53,1
DA:55,0
DA:56,0
LF:33
LH:27
BRDA:20,0,0,0
BRF:1
BRH:0
end_of_record
TN:
SF:src/integrationTests/streams.ts
FN:8,(anonymous_8)
FN:11,(anonymous_9)
FN:14,(anonymous_10)
FN:16,(anonymous_11)
FN:16,(anonymous_12)
FN:26,(anonymous_13)
FN:37,(anonymous_14)
FN:37,(anonymous_15)
FN:43,(anonymous_16)
FN:43,(anonymous_17)
FN:45,(anonymous_18)
FN:45,(anonymous_19)
FN:52,(anonymous_20)
FN:61,(anonymous_21)
FN:65,(anonymous_22)
FNF:15
FNH:15
FNDA:8,(anonymous_8)
FNDA:1,(anonymous_9)
FNDA:1,(anonymous_10)
FNDA:2,(anonymous_11)
FNDA:2,(anonymous_12)
FNDA:2,(anonymous_13)
FNDA:5,(anonymous_14)
FNDA:5,(anonymous_15)
FNDA:1,(anonymous_16)
FNDA:1,(anonymous_17)
FNDA:2,(anonymous_18)
FNDA:2,(anonymous_19)
FNDA:2,(anonymous_20)
FNDA:1,(anonymous_21)
FNDA:1,(anonymous_22)
DA:1,1
DA:4,1
DA:7,1
DA:9,8
DA:11,8
DA:14,1
DA:15,1
DA:16,2
DA:17,2
DA:23,2
DA:26,1
DA:27,2
DA:28,2
DA:29,2
DA:30,2
DA:32,0
DA:33,0
DA:37,8
DA:38,5
DA:39,5
DA:40,5
DA:41,5
DA:43,8
DA:44,1
DA:45,2
DA:46,2
DA:49,2
DA:52,1
DA:53,2
DA:54,2
DA:56,0
DA:57,0
DA:61,8
DA:65,1
DA:66,1
DA:69,1
DA:70,1
DA:72,0
DA:73,0
LF:39
LH:33
BRDA:29,0,0,0
BRF:1
BRH:0
end_of_record
TN:
SF:src/models/Class.ts
FNF:0
FNH:0
DA:1,1
DA:18,1
DA:46,1
LF:3
LH:3
BRF:0
BRH:0
end_of_record
TN:
SF:src/models/Course.ts
FN:8,(anonymous_8)
FN:47,(anonymous_9)
FNF:2
FNH:1
FNDA:1,(anonymous_8)
FNDA:0,(anonymous_9)
DA:1,1
DA:3,1
DA:4,1
DA:5,1
DA:8,1
DA:9,1
DA:10,1
DA:22,1
DA:47,1
DA:48,0
DA:49,0
DA:53,0
DA:54,0
DA:68,0
DA:71,1
LF:15
LH:10
BRDA:8,0,0,1
BRDA:8,0,1,1
BRF:2
BRH:2
end_of_record
TN:
SF:src/models/Department.ts
FNF:0
FNH:0
DA:1,1
DA:13,1
DA:38,1
LF:3
LH:3
BRF:0
BRH:0
end_of_record
TN:
SF:src/models/Stream.ts
FNF:0
FNH:0
DA:2,1
DA:18,1
DA:46,1
LF:3
LH:3
BRF:0
BRH:0
end_of_record
TN:
SF:src/models/UserToClass.ts
FNF:0
FNH:0
DA:1,1
DA:20,1
DA:45,1
LF:3
LH:3
BRF:0
BRH:0
end_of_record
TN:
SF:src/models/UserToCourses.ts
FNF:0
FNH:0
DA:1,1
DA:17,1
DA:38,1
LF:3
LH:3
BRF:0
BRH:0
end_of_record
TN:
SF:src/repo/ClassRepo.ts
FN:7,(anonymous_9)
FN:8,(anonymous_10)
FN:8,(anonymous_11)
FN:12,(anonymous_12)
FN:15,(anonymous_13)
FN:25,(anonymous_14)
FN:25,(anonymous_15)
FN:31,(anonymous_16)
FN:31,(anonymous_17)
FN:37,(anonymous_18)
FN:37,(anonymous_19)
FN:39,(anonymous_20)
FN:44,(anonymous_21)
FN:44,(anonymous_22)
FN:47,(anonymous_23)
FN:51,(anonymous_24)
FN:58,(anonymous_25)
FN:58,(anonymous_26)
FN:61,(anonymous_27)
FN:61,(anonymous_28)
FN:67,(anonymous_29)
FN:67,(anonymous_30)
FN:70,(anonymous_31)
FN:73,(anonymous_32)
FN:76,(anonymous_33)
FN:80,(anonymous_34)
FN:87,(anonymous_35)
FN:91,(anonymous_36)
FN:111,(anonymous_37)
FN:111,(anonymous_38)
FN:115,(anonymous_39)
FN:119,(anonymous_40)
FN:126,(anonymous_41)
FN:126,(anonymous_42)
FNF:34
FNH:18
FNDA:1,(anonymous_9)
FNDA:0,(anonymous_10)
FNDA:0,(anonymous_11)
FNDA:1,(anonymous_12)
FNDA:1,(anonymous_13)
FNDA:0,(anonymous_14)
FNDA:0,(anonymous_15)
FNDA:1,(anonymous_16)
FNDA:1,(anonymous_17)
FNDA:1,(anonymous_18)
FNDA:1,(anonymous_19)
FNDA:4,(anonymous_20)
FNDA:1,(anonymous_21)
FNDA:1,(anonymous_22)
FNDA:0,(anonymous_23)
FNDA:0,(anonymous_24)
FNDA:0,(anonymous_25)
FNDA:0,(anonymous_26)
FNDA:0,(anonymous_27)
FNDA:0,(anonymous_28)
FNDA:0,(anonymous_29)
FNDA:0,(anonymous_30)
FNDA:0,(anonymous_31)
FNDA:0,(anonymous_32)
FNDA:1,(anonymous_33)
FNDA:1,(anonymous_34)
FNDA:7,(anonymous_35)
FNDA:7,(anonymous_36)
FNDA:1,(anonymous_37)
FNDA:1,(anonymous_38)
FNDA:1,(anonymous_39)
FNDA:1,(anonymous_40)
FNDA:0,(anonymous_41)
FNDA:0,(anonymous_42)
DA:2,1
DA:3,1
DA:4,1
DA:7,1
DA:8,1
DA:9,0
DA:10,0
DA:12,1
DA:15,1
DA:16,1
DA:17,1
DA:18,4
DA:23,1
DA:25,1
DA:26,0
DA:31,1
DA:32,1
DA:37,1
DA:38,1
DA:39,1
DA:40,4
DA:42,1
DA:44,1
DA:45,1
DA:47,1
DA:51,0
DA:52,0
DA:58,1
DA:59,0
DA:61,1
DA:62,0
DA:67,1
DA:68,0
DA:70,1
DA:73,0
DA:74,0
DA:76,1
DA:80,1
DA:81,1
DA:87,1
DA:91,7
DA:92,7
DA:104,7
DA:105,7
DA:111,1
DA:112,1
DA:113,1
DA:115,1
DA:119,1
DA:120,1
DA:126,1
DA:127,0
LF:52
LH:41
BRF:0
BRH:0
end_of_record
TN:
SF:src/repo/CourseRepo.ts
FN:7,(anonymous_9)
FN:8,(anonymous_10)
FN:8,(anonymous_11)
FN:12,(anonymous_12)
FN:12,(anonymous_13)
FN:15,(anonymous_14)
FN:15,(anonymous_15)
FN:21,(anonymous_16)
FN:21,(anonymous_17)
FN:28,(anonymous_18)
FN:28,(anonymous_19)
FN:34,(anonymous_20)
FN:34,(anonymous_21)
FN:45,(anonymous_22)
FN:45,(anonymous_23)
FN:51,(anonymous_24)
FN:51,(anonymous_25)
FN:59,(anonymous_26)
FN:59,(anonymous_27)
FNF:19
FNH:13
FNDA:1,(anonymous_9)
FNDA:4,(anonymous_10)
FNDA:4,(anonymous_11)
FNDA:0,(anonymous_12)
FNDA:0,(anonymous_13)
FNDA:0,(anonymous_14)
FNDA:0,(anonymous_15)
FNDA:7,(anonymous_16)
FNDA:7,(anonymous_17)
FNDA:7,(anonymous_18)
FNDA:7,(anonymous_19)
FNDA:1,(anonymous_20)
FNDA:1,(anonymous_21)
FNDA:14,(anonymous_22)
FNDA:14,(anonymous_23)
FNDA:4,(anonymous_24)
FNDA:4,(anonymous_25)
FNDA:0,(anonymous_26)
FNDA:0,(anonymous_27)
DA:1,1
DA:2,1
DA:3,1
DA:4,1
DA:7,1
DA:8,4
DA:9,4
DA:10,4
DA:12,1
DA:13,0
DA:15,1
DA:16,0
DA:21,7
DA:22,7
DA:23,7
DA:28,7
DA:29,7
DA:34,1
DA:35,1
DA:39,1
DA:45,14
DA:46,14
DA:51,4
DA:52,4
DA:53,4
DA:54,0
DA:56,4
DA:57,4
DA:59,1
DA:60,0
DA:61,0
DA:62,0
DA:64,0
LF:33
LH:26
BRDA:53,0,0,0
BRDA:61,1,0,0
BRF:2
BRH:0
end_of_record
TN:
SF:src/repo/DepartmentRepo.ts
FN:6,(anonymous_9)
FN:7,(anonymous_10)
FN:7,(anonymous_11)
FN:11,(anonymous_12)
FN:11,(anonymous_13)
FN:14,(anonymous_14)
FN:14,(anonymous_15)
FN:17,(anonymous_16)
FN:17,(anonymous_17)
FN:20,(anonymous_18)
FN:20,(anonymous_19)
FN:27,(anonymous_20)
FN:27,(anonymous_21)
FN:32,(anonymous_22)
FN:36,(anonymous_23)
FN:36,(anonymous_24)
FNF:16
FNH:11
FNDA:1,(anonymous_9)
FNDA:1,(anonymous_10)
FNDA:1,(anonymous_11)
FNDA:0,(anonymous_12)
FNDA:0,(anonymous_13)
FNDA:7,(anonymous_14)
FNDA:7,(anonymous_15)
FNDA:2,(anonymous_16)
FNDA:2,(anonymous_17)
FNDA:4,(anonymous_18)
FNDA:4,(anonymous_19)
FNDA:0,(anonymous_20)
FNDA:0,(anonymous_21)
FNDA:0,(anonymous_22)
FNDA:1,(anonymous_23)
FNDA:1,(anonymous_24)
DA:2,1
DA:3,1
DA:6,1
DA:7,1
DA:8,1
DA:9,1
DA:11,1
DA:12,0
DA:14,7
DA:15,7
DA:17,2
DA:18,2
DA:20,4
DA:21,4
DA:27,1
DA:28,0
DA:29,0
DA:30,0
DA:32,0
DA:33,0
DA:34,0
DA:36,1
DA:37,1
DA:38,1
DA:39,1
DA:40,1
LF:26
LH:19
BRDA:29,0,0,0
BRDA:38,1,0,0
BRF:2
BRH:0
end_of_record
TN:
SF:src/repo/StreamRepo.ts
FN:6,(anonymous_9)
FN:7,(anonymous_10)
FN:7,(anonymous_11)
FN:12,(anonymous_12)
FN:12,(anonymous_13)
FN:15,(anonymous_14)
FN:15,(anonymous_15)
FN:21,(anonymous_16)
FN:21,(anonymous_17)
FN:24,(anonymous_18)
FN:24,(anonymous_19)
FN:30,(anonymous_20)
FN:30,(anonymous_21)
FN:38,(anonymous_22)
FN:40,(anonymous_23)
FN:46,(anonymous_24)
FN:46,(anonymous_25)
FN:49,(anonymous_26)
FN:49,(anonymous_27)
FN:54,(anonymous_28)
FN:54,(anonymous_29)
FN:61,(anonymous_30)
FN:61,(anonymous_31)
FN:66,(anonymous_32)
FN:66,(anonymous_33)
FNF:25
FNH:19
FNDA:1,(anonymous_9)
FNDA:2,(anonymous_10)
FNDA:2,(anonymous_11)
FNDA:0,(anonymous_12)
FNDA:0,(anonymous_13)
FNDA:1,(anonymous_14)
FNDA:1,(anonymous_15)
FNDA:2,(anonymous_16)
FNDA:2,(anonymous_17)
FNDA:2,(anonymous_18)
FNDA:2,(anonymous_19)
FNDA:3,(anonymous_20)
FNDA:3,(anonymous_21)
FNDA:12,(anonymous_22)
FNDA:12,(anonymous_23)
FNDA:5,(anonymous_24)
FNDA:5,(anonymous_25)
FNDA:0,(anonymous_26)
FNDA:0,(anonymous_27)
FNDA:1,(anonymous_28)
FNDA:1,(anonymous_29)
FNDA:0,(anonymous_30)
FNDA:0,(anonymous_31)
FNDA:2,(anonymous_32)
FNDA:2,(anonymous_33)
DA:1,1
DA:2,1
DA:6,1
DA:7,2
DA:8,2
DA:9,2
DA:10,2
DA:12,1
DA:13,0
DA:15,1
DA:16,1
DA:19,1
DA:21,2
DA:22,2
DA:24,2
DA:25,2
DA:30,3
DA:31,3
DA:36,3
DA:37,3
DA:38,12
DA:40,12
DA:44,3
DA:46,5
DA:47,5
DA:49,1
DA:50,0
DA:54,1
DA:55,1
DA:61,1
DA:62,0
DA:66,2
DA:67,2
DA:68,2
DA:69,2
DA:71,2
DA:75,1
LF:37
LH:34
BRDA:36,0,0,0
BRDA:37,1,0,0
BRDA:37,1,1,3
BRDA:37,2,0,3
BRDA:37,2,1,3
BRDA:68,3,0,2
BRF:6
BRH:4
end_of_record
TN:
SF:src/repo/db.ts
FN:6,(anonymous_9)
FN:24,(anonymous_11)
FNF:2
FNH:2
FNDA:1,(anonymous_9)
FNDA:1,(anonymous_11)
DA:1,1
DA:2,1
DA:5,1
DA:8,1
DA:11,1
DA:12,1
DA:13,0
DA:15,1
DA:18,1
DA:20,0
DA:25,1
DA:29,1
LF:12
LH:10
BRDA:8,0,0,1
BRDA:8,0,1,0
BRDA:12,1,0,0
BRDA:16,2,0,0
BRDA:16,2,1,1
BRF:5
BRH:2
end_of_record
TN:
SF:src/services/ClassService.ts
FN:15,(anonymous_10)
FN:26,(anonymous_11)
FN:31,(anonymous_12)
FN:32,(anonymous_13)
FN:38,(anonymous_14)
FN:38,(anonymous_15)
FN:55,(anonymous_16)
FN:62,(anonymous_17)
FN:65,(anonymous_18)
FN:82,(anonymous_19)
FN:82,(anonymous_20)
FN:85,(anonymous_21)
FN:85,(anonymous_22)
FN:94,(anonymous_23)
FN:98,(anonymous_24)
FN:102,(anonymous_25)
FN:111,(anonymous_26)
FN:113,(anonymous_27)
FN:114,(anonymous_28)
FN:119,(anonymous_29)
FN:122,(anonymous_30)
FN:123,(anonymous_31)
FN:124,(anonymous_32)
FN:132,(anonymous_33)
FN:152,(anonymous_34)
FN:157,(anonymous_35)
FN:160,(anonymous_36)
FN:169,(anonymous_37)
FN:191,(anonymous_38)
FN:192,(anonymous_39)
FN:208,(anonymous_40)
FN:212,(anonymous_41)
FN:218,(anonymous_42)
FN:225,(anonymous_43)
FN:229,(anonymous_44)
FN:238,(anonymous_45)
FN:242,(anonymous_46)
FN:247,(anonymous_47)
FN:254,(anonymous_48)
FN:259,(anonymous_49)
FN:275,(anonymous_50)
FN:301,(anonymous_51)
FN:304,(anonymous_52)
FN:310,(anonymous_53)
FN:310,(anonymous_54)
FN:313,(anonymous_55)
FN:316,(anonymous_56)
FNF:47
FNH:38
FNDA:1,(anonymous_10)
FNDA:16,(anonymous_11)
FNDA:37,(anonymous_12)
FNDA:66,(anonymous_13)
FNDA:3,(anonymous_14)
FNDA:3,(anonymous_15)
FNDA:1,(anonymous_16)
FNDA:1,(anonymous_17)
FNDA:1,(anonymous_18)
FNDA:1,(anonymous_19)
FNDA:1,(anonymous_20)
FNDA:1,(anonymous_21)
FNDA:1,(anonymous_22)
FNDA:1,(anonymous_23)
FNDA:1,(anonymous_24)
FNDA:4,(anonymous_25)
FNDA:8,(anonymous_26)
FNDA:8,(anonymous_27)
FNDA:20,(anonymous_28)
FNDA:8,(anonymous_29)
FNDA:4,(anonymous_30)
FNDA:8,(anonymous_31)
FNDA:32,(anonymous_32)
FNDA:4,(anonymous_33)
FNDA:4,(anonymous_34)
FNDA:4,(anonymous_35)
FNDA:16,(anonymous_36)
FNDA:37,(anonymous_37)
FNDA:4,(anonymous_38)
FNDA:16,(anonymous_39)
FNDA:1,(anonymous_40)
FNDA:1,(anonymous_41)
FNDA:4,(anonymous_42)
FNDA:7,(anonymous_43)
FNDA:7,(anonymous_44)
FNDA:1,(anonymous_45)
FNDA:1,(anonymous_46)
FNDA:4,(anonymous_47)
FNDA:0,(anonymous_48)
FNDA:0,(anonymous_49)
FNDA:0,(anonymous_50)
FNDA:0,(anonymous_51)
FNDA:0,(anonymous_52)
FNDA:0,(anonymous_53)
FNDA:0,(anonymous_54)
FNDA:0,(anonymous_55)
FNDA:0,(anonymous_56)
DA:1,1
DA:2,1
DA:7,1
DA:8,1
DA:9,1
DA:14,1
DA:16,1
DA:17,1
DA:18,1
DA:26,1
DA:30,16
DA:32,37
DA:33,66
DA:36,16
DA:38,3
DA:39,3
DA:43,3
DA:44,0
DA:46,3
DA:55,1
DA:62,1
DA:64,1
DA:66,1
DA:67,1
DA:75,1
DA:82,1
DA:83,1
DA:85,1
DA:86,1
DA:94,1
DA:98,1
DA:101,1
DA:102,1
DA:103,4
DA:105,1
DA:111,1
DA:112,8
DA:114,20
DA:116,8
DA:118,1
DA:119,8
DA:122,1
DA:123,4
DA:124,8
DA:125,32
DA:126,8
DA:132,1
DA:133,4
DA:134,0
DA:142,1
DA:146,1
DA:147,0
DA:152,1
DA:153,4
DA:157,1
DA:159,4
DA:162,16
DA:167,16
DA:169,37
DA:174,16
DA:175,16
DA:190,1
DA:191,1
DA:192,4
DA:193,16
DA:202,1
DA:203,1
DA:208,1
DA:212,1
DA:213,1
DA:215,1
DA:218,4
DA:220,1
DA:225,1
DA:229,7
DA:231,7
DA:236,7
DA:238,1
DA:242,1
DA:243,1
DA:244,1
DA:247,4
DA:254,1
DA:259,0
DA:260,0
DA:265,0
DA:266,0
DA:267,0
DA:268,0
DA:270,0
DA:275,0
DA:276,0
DA:277,0
DA:278,0
DA:279,0
DA:280,0
DA:285,0
DA:291,0
DA:292,0
DA:293,0
DA:297,0
DA:298,0
DA:300,0
DA:302,0
DA:304,0
DA:308,0
DA:310,1
DA:311,0
DA:313,1
DA:316,0
DA:317,0
LF:111
LH:82
BRDA:43,0,0,0
BRDA:125,1,0,8
BRDA:133,2,0,0
BRDA:146,3,0,0
BRDA:267,4,0,0
BRDA:282,5,0,0
BRDA:282,5,1,0
BRF:7
BRH:1
end_of_record
TN:
SF:src/services/CourseService.ts
FN:11,(anonymous_10)
FN:19,(anonymous_11)
FN:19,(anonymous_12)
FN:41,(anonymous_13)
FN:41,(anonymous_14)
FN:44,(anonymous_15)
FN:44,(anonymous_16)
FN:47,(anonymous_17)
FN:47,(anonymous_18)
FN:57,(anonymous_19)
FN:57,(anonymous_20)
FN:60,(anonymous_21)
FN:60,(anonymous_22)
FNF:13
FNH:11
FNDA:1,(anonymous_10)
FNDA:4,(anonymous_11)
FNDA:4,(anonymous_12)
FNDA:4,(anonymous_13)
FNDA:4,(anonymous_14)
FNDA:7,(anonymous_15)
FNDA:7,(anonymous_16)
FNDA:14,(anonymous_17)
FNDA:14,(anonymous_18)
FNDA:7,(anonymous_19)
FNDA:7,(anonymous_20)
FNDA:0,(anonymous_21)
FNDA:0,(anonymous_22)
DA:1,1
DA:3,1
DA:6,1
DA:7,1
DA:10,1
DA:12,1
DA:13,1
DA:19,4
DA:21,4
DA:22,4
DA:29,4
DA:32,4
DA:33,0
DA:37,4
DA:38,4
DA:39,4
DA:41,4
DA:42,4
DA:44,7
DA:45,7
DA:47,14
DA:48,14
DA:49,14
DA:50,0
DA:52,14
DA:57,7
DA:58,7
DA:60,1
DA:61,0
DA:62,0
LF:30
LH:26
BRDA:32,0,0,0
BRDA:49,1,0,0
BRDA:61,2,0,0
BRF:3
BRH:0
end_of_record
TN:
SF:src/services/DepartmentService.ts
FN:8,(anonymous_10)
FN:9,(anonymous_11)
FN:9,(anonymous_12)
FN:12,(anonymous_13)
FN:12,(anonymous_14)
FN:16,(anonymous_15)
FN:16,(anonymous_16)
FN:27,(anonymous_17)
FN:27,(anonymous_18)
FN:38,(anonymous_19)
FN:38,(anonymous_20)
FN:41,(anonymous_21)
FN:41,(anonymous_22)
FNF:13
FNH:9
FNDA:1,(anonymous_10)
FNDA:1,(anonymous_11)
FNDA:1,(anonymous_12)
FNDA:2,(anonymous_13)
FNDA:2,(anonymous_14)
FNDA:0,(anonymous_15)
FNDA:0,(anonymous_16)
FNDA:3,(anonymous_17)
FNDA:3,(anonymous_18)
FNDA:0,(anonymous_19)
FNDA:0,(anonymous_20)
FNDA:1,(anonymous_21)
FNDA:1,(anonymous_22)
DA:1,1
DA:2,1
DA:4,1
DA:7,1
DA:8,1
DA:9,1
DA:10,1
DA:12,2
DA:13,2
DA:14,2
DA:16,1
DA:17,0
DA:18,0
DA:19,0
DA:25,0
DA:27,3
DA:28,3
DA:29,3
DA:30,0
DA:36,3
DA:38,1
DA:39,0
DA:41,1
DA:42,1
DA:43,1
DA:44,1
LF:26
LH:20
BRDA:18,0,0,0
BRDA:29,1,0,0
BRDA:43,2,0,0
BRF:3
BRH:0
end_of_record
TN:
SF:src/services/StreamService.ts
FN:8,(anonymous_10)
FN:9,(anonymous_11)
FN:9,(anonymous_12)
FN:32,(anonymous_13)
FN:32,(anonymous_14)
FN:36,(anonymous_15)
FN:36,(anonymous_16)
FN:43,(anonymous_17)
FN:43,(anonymous_18)
FN:54,(anonymous_19)
FN:54,(anonymous_20)
FN:65,(anonymous_21)
FN:65,(anonymous_22)
FN:68,(anonymous_23)
FN:68,(anonymous_24)
FN:71,(anonymous_25)
FN:71,(anonymous_26)
FNF:17
FNH:11
FNDA:1,(anonymous_10)
FNDA:2,(anonymous_11)
FNDA:2,(anonymous_12)
FNDA:5,(anonymous_13)
FNDA:5,(anonymous_14)
FNDA:0,(anonymous_15)
FNDA:0,(anonymous_16)
FNDA:0,(anonymous_17)
FNDA:0,(anonymous_18)
FNDA:1,(anonymous_19)
FNDA:1,(anonymous_20)
FNDA:1,(anonymous_21)
FNDA:1,(anonymous_22)
FNDA:0,(anonymous_23)
FNDA:0,(anonymous_24)
FNDA:2,(anonymous_25)
FNDA:2,(anonymous_26)
DA:1,1
DA:2,1
DA:4,1
DA:7,1
DA:8,1
DA:9,2
DA:10,2
DA:11,2
DA:12,0
DA:18,2
DA:19,2
DA:20,0
DA:26,2
DA:32,5
DA:33,5
DA:34,5
DA:36,1
DA:37,0
DA:38,0
DA:39,0
DA:41,0
DA:43,1
DA:44,0
DA:45,0
DA:46,0
DA:52,0
DA:54,1
DA:55,1
DA:56,1
DA:57,0
DA:63,1
DA:65,1
DA:66,1
DA:68,1
DA:69,0
DA:71,2
DA:72,2
DA:73,2
DA:74,0
LF:39
LH:26
BRDA:11,0,0,0
BRDA:19,1,0,0
BRDA:38,2,0,0
BRDA:45,3,0,0
BRDA:56,4,0,0
BRDA:73,5,0,0
BRF:6
BRH:0
end_of_record
TN:
SF:src/validators/ClassValidator.ts
FN:7,(anonymous_2)
FN:8,(anonymous_3)
FN:29,(anonymous_4)
FN:42,(anonymous_5)
FN:59,(anonymous_6)
FN:79,(anonymous_7)
FN:100,(anonymous_8)
FNF:7
FNH:5
FNDA:1,(anonymous_2)
FNDA:1,(anonymous_3)
FNDA:2,(anonymous_4)
FNDA:3,(anonymous_5)
FNDA:7,(anonymous_6)
FNDA:0,(anonymous_7)
FNDA:0,(anonymous_8)
DA:1,1
DA:3,1
DA:4,1
DA:7,1
DA:8,1
DA:9,1
DA:22,1
DA:23,1
DA:24,1
DA:26,0
DA:29,1
DA:30,2
DA:33,2
DA:34,2
DA:35,2
DA:36,2
DA:37,2
DA:39,0
DA:42,1
DA:47,3
DA:52,3
DA:53,3
DA:54,3
DA:56,0
DA:59,1
DA:64,7
DA:67,7
DA:71,7
DA:72,7
DA:73,7
DA:74,7
DA:76,0
DA:79,1
DA:84,0
DA:93,0
DA:94,0
DA:95,0
DA:97,0
DA:100,1
DA:105,0
DA:109,0
DA:110,0
DA:111,0
DA:113,0
LF:44
LH:30
BRF:0
BRH:0
end_of_record
TN:
SF:src/validators/CourseValidator.ts
FN:8,(anonymous_9)
FN:9,(anonymous_10)
FN:9,(anonymous_11)
FN:27,(anonymous_12)
FN:31,(anonymous_13)
FN:47,(anonymous_14)
FN:51,(anonymous_15)
FN:65,(anonymous_16)
FN:65,(anonymous_17)
FNF:9
FNH:9
FNDA:1,(anonymous_9)
FNDA:4,(anonymous_10)
FNDA:4,(anonymous_11)
FNDA:7,(anonymous_12)
FNDA:7,(anonymous_13)
FNDA:7,(anonymous_14)
FNDA:7,(anonymous_15)
FNDA:18,(anonymous_16)
FNDA:18,(anonymous_17)
DA:1,1
DA:3,1
DA:4,1
DA:5,1
DA:8,1
DA:9,4
DA:10,4
DA:20,4
DA:21,4
DA:22,4
DA:24,0
DA:27,1
DA:31,7
DA:32,7
DA:40,7
DA:41,7
DA:42,7
DA:44,0
DA:47,1
DA:51,7
DA:52,7
DA:58,7
DA:59,7
DA:60,7
DA:62,0
DA:65,18
DA:66,18
DA:69,18
DA:70,18
DA:71,18
DA:73,0
LF:31
LH:27
BRF:0
BRH:0
end_of_record
TN:
SF:src/validators/DepartmentValidator.ts
FN:7,(anonymous_2)
FN:8,(anonymous_3)
FN:20,(anonymous_4)
FNF:3
FNH:2
FNDA:1,(anonymous_2)
FNDA:1,(anonymous_3)
FNDA:0,(anonymous_4)
DA:1,1
DA:3,1
DA:4,1
DA:7,1
DA:8,1
DA:9,1
DA:13,1
DA:14,1
DA:15,1
DA:17,0
DA:20,1
DA:21,0
DA:24,0
DA:27,0
DA:28,0
DA:29,0
DA:30,0
DA:32,0
LF:18
LH:10
BRF:0
BRH:0
end_of_record
TN:
SF:src/validators/StreamValidator.ts
FN:7,(anonymous_2)
FN:8,(anonymous_3)
FN:23,(anonymous_4)
FN:35,(anonymous_5)
FN:59,(anonymous_6)
FNF:5
FNH:4
FNDA:1,(anonymous_2)
FNDA:2,(anonymous_3)
FNDA:2,(anonymous_4)
FNDA:1,(anonymous_5)
FNDA:0,(anonymous_6)
DA:1,1
DA:3,1
DA:4,1
DA:7,1
DA:8,1
DA:9,2
DA:10,2
DA:18,2
DA:20,0
DA:23,1
DA:24,2
DA:28,2
DA:29,2
DA:30,2
DA:32,0
DA:35,1
DA:36,1
DA:48,1
DA:51,1
DA:52,1
DA:53,1
DA:54,1
DA:56,0
DA:59,1
DA:60,0
DA:63,0
DA:66,0
DA:67,0
DA:68,0
DA:69,0
DA:71,0
LF:31
LH:21
BRF:0
BRH:0
end_of_record
TN:
SF:src/validators/validator.ts
FN:6,(anonymous_1)
FN:7,(anonymous_2)
FN:17,(anonymous_3)
FNF:3
FNH:3
FNDA:4,(anonymous_1)
FNDA:66,(anonymous_2)
FNDA:65,(anonymous_3)
DA:3,1
DA:4,1
DA:6,1
DA:7,4
DA:11,66
DA:12,0
DA:14,66
DA:17,4
DA:21,65
DA:22,65
DA:23,0
DA:25,65
LF:12
LH:10
BRDA:11,0,0,0
BRDA:22,1,0,0
BRF:2
BRH:0
end_of_record
