{"/home/tejas/Desktop/slcm/user/src/error.ts": {"path":"/home/tejas/Desktop/slcm/user/src/error.ts","statementMap":{"0":{"start":{"line":6,"column":8},"end":{"line":6,"column":null}},"1":{"start":{"line":7,"column":8},"end":{"line":7,"column":null}},"2":{"start":{"line":8,"column":8},"end":{"line":8,"column":null}},"3":{"start":{"line":12,"column":0},"end":{"line":12,"column":null}}},"fnMap":{"0":{"name":"(anonymous_0)","decl":{"start":{"line":5,"column":4},"end":{"line":5,"column":16}},"loc":{"start":{"line":5,"column":67},"end":{"line":9,"column":5}}}},"branchMap":{},"s":{"0":1,"1":1,"2":1,"3":1},"f":{"0":1},"b":{}}
,"/home/tejas/Desktop/slcm/user/src/models/User.ts": {"path":"/home/tejas/Desktop/slcm/user/src/models/User.ts","statementMap":{"0":{"start":{"line":1,"column":0},"end":{"line":1,"column":31}},"1":{"start":{"line":2,"column":0},"end":{"line":2,"column":27}},"2":{"start":{"line":5,"column":0},"end":{"line":5,"column":null}},"3":{"start":{"line":6,"column":4},"end":{"line":6,"column":null}},"4":{"start":{"line":7,"column":4},"end":{"line":7,"column":null}},"5":{"start":{"line":8,"column":4},"end":{"line":8,"column":null}},"6":{"start":{"line":11,"column":0},"end":{"line":11,"column":null}},"7":{"start":{"line":12,"column":4},"end":{"line":12,"column":null}},"8":{"start":{"line":13,"column":4},"end":{"line":13,"column":null}},"9":{"start":{"line":14,"column":4},"end":{"line":14,"column":null}},"10":{"start":{"line":49,"column":19},"end":{"line":143,"column":2}},"11":{"start":{"line":145,"column":0},"end":{"line":152,"column":null}},"12":{"start":{"line":146,"column":4},"end":{"line":148,"column":null}},"13":{"start":{"line":147,"column":8},"end":{"line":147,"column":null}},"14":{"start":{"line":149,"column":17},"end":{"line":149,"column":41}},"15":{"start":{"line":150,"column":17},"end":{"line":150,"column":55}},"16":{"start":{"line":151,"column":4},"end":{"line":151,"column":null}},"17":{"start":{"line":154,"column":0},"end":{"line":157,"column":null}},"18":{"start":{"line":155,"column":17},"end":{"line":155,"column":43}},"19":{"start":{"line":156,"column":4},"end":{"line":156,"column":null}},"20":{"start":{"line":159,"column":0},"end":{"line":159,"column":null}}},"fnMap":{"0":{"name":"(anonymous_8)","decl":{"start":{"line":5,"column":0},"end":{"line":5,"column":12}},"loc":{"start":{"line":5,"column":18},"end":{"line":9,"column":1}}},"1":{"name":"(anonymous_9)","decl":{"start":{"line":11,"column":0},"end":{"line":11,"column":12}},"loc":{"start":{"line":11,"column":16},"end":{"line":15,"column":1}}},"2":{"name":"(anonymous_10)","decl":{"start":{"line":145,"column":43},"end":{"line":145,"column":59}},"loc":{"start":{"line":145,"column":63},"end":{"line":152,"column":2}}},"3":{"name":"(anonymous_12)","decl":{"start":{"line":154,"column":35},"end":{"line":154,"column":51}},"loc":{"start":{"line":154,"column":74},"end":{"line":157,"column":null}}}},"branchMap":{"0":{"loc":{"start":{"line":5,"column":12},"end":{"line":5,"column":null}},"type":"binary-expr","locations":[{"start":{"line":5,"column":12},"end":{"line":5,"column":18}},{"start":{"line":5,"column":12},"end":{"line":5,"column":null}}]},"1":{"loc":{"start":{"line":11,"column":12},"end":{"line":11,"column":null}},"type":"binary-expr","locations":[{"start":{"line":11,"column":12},"end":{"line":11,"column":16}},{"start":{"line":11,"column":12},"end":{"line":11,"column":null}}]},"2":{"loc":{"start":{"line":146,"column":4},"end":{"line":148,"column":null}},"type":"if","locations":[{"start":{"line":146,"column":4},"end":{"line":148,"column":null}}]}},"s":{"0":1,"1":1,"2":1,"3":1,"4":1,"5":1,"6":1,"7":1,"8":1,"9":1,"10":1,"11":1,"12":0,"13":0,"14":0,"15":0,"16":0,"17":1,"18":0,"19":0,"20":1},"f":{"0":1,"1":1,"2":0,"3":0},"b":{"0":[1,1],"1":[1,1],"2":[0]}}
,"/home/tejas/Desktop/slcm/user/src/repo/User.ts": {"path":"/home/tejas/Desktop/slcm/user/src/repo/User.ts","statementMap":{"0":{"start":{"line":1,"column":0},"end":{"line":1,"column":32}},"1":{"start":{"line":2,"column":0},"end":{"line":2,"column":34}},"2":{"start":{"line":3,"column":0},"end":{"line":3,"column":48}},"3":{"start":{"line":6,"column":0},"end":{"line":74,"column":null}},"4":{"start":{"line":7,"column":4},"end":{"line":17,"column":null}},"5":{"start":{"line":7,"column":52},"end":{"line":17,"column":null}},"6":{"start":{"line":8,"column":21},"end":{"line":9,"column":null}},"7":{"start":{"line":11,"column":8},"end":{"line":16,"column":null}},"8":{"start":{"line":12,"column":12},"end":{"line":12,"column":null}},"9":{"start":{"line":14,"column":12},"end":{"line":14,"column":null}},"10":{"start":{"line":15,"column":12},"end":{"line":15,"column":null}},"11":{"start":{"line":18,"column":4},"end":{"line":20,"column":null}},"12":{"start":{"line":18,"column":51},"end":{"line":20,"column":null}},"13":{"start":{"line":19,"column":8},"end":{"line":19,"column":null}},"14":{"start":{"line":21,"column":4},"end":{"line":34,"column":null}},"15":{"start":{"line":21,"column":71},"end":{"line":34,"column":null}},"16":{"start":{"line":22,"column":8},"end":{"line":33,"column":null}},"17":{"start":{"line":24,"column":12},"end":{"line":28,"column":null}},"18":{"start":{"line":25,"column":16},"end":{"line":25,"column":null}},"19":{"start":{"line":27,"column":16},"end":{"line":27,"column":null}},"20":{"start":{"line":29,"column":12},"end":{"line":29,"column":null}},"21":{"start":{"line":31,"column":12},"end":{"line":31,"column":null}},"22":{"start":{"line":32,"column":12},"end":{"line":32,"column":null}},"23":{"start":{"line":35,"column":4},"end":{"line":48,"column":null}},"24":{"start":{"line":35,"column":71},"end":{"line":48,"column":null}},"25":{"start":{"line":36,"column":8},"end":{"line":47,"column":null}},"26":{"start":{"line":38,"column":12},"end":{"line":42,"column":null}},"27":{"start":{"line":39,"column":16},"end":{"line":39,"column":null}},"28":{"start":{"line":41,"column":16},"end":{"line":41,"column":null}},"29":{"start":{"line":43,"column":12},"end":{"line":43,"column":null}},"30":{"start":{"line":45,"column":12},"end":{"line":45,"column":null}},"31":{"start":{"line":46,"column":12},"end":{"line":46,"column":null}},"32":{"start":{"line":49,"column":4},"end":{"line":57,"column":null}},"33":{"start":{"line":49,"column":56},"end":{"line":57,"column":null}},"34":{"start":{"line":50,"column":21},"end":{"line":51,"column":null}},"35":{"start":{"line":53,"column":8},"end":{"line":55,"column":null}},"36":{"start":{"line":54,"column":12},"end":{"line":54,"column":null}},"37":{"start":{"line":56,"column":8},"end":{"line":56,"column":null}},"38":{"start":{"line":58,"column":4},"end":{"line":62,"column":null}},"39":{"start":{"line":58,"column":58},"end":{"line":62,"column":null}},"40":{"start":{"line":59,"column":21},"end":{"line":59,"column":45}},"41":{"start":{"line":60,"column":8},"end":{"line":60,"column":null}},"42":{"start":{"line":61,"column":8},"end":{"line":61,"column":null}},"43":{"start":{"line":63,"column":4},"end":{"line":70,"column":null}},"44":{"start":{"line":63,"column":71},"end":{"line":70,"column":null}},"45":{"start":{"line":64,"column":8},"end":{"line":69,"column":null}},"46":{"start":{"line":71,"column":4},"end":{"line":73,"column":null}},"47":{"start":{"line":71,"column":57},"end":{"line":73,"column":null}},"48":{"start":{"line":72,"column":8},"end":{"line":72,"column":null}},"49":{"start":{"line":6,"column":6},"end":{"line":74,"column":null}},"50":{"start":{"line":76,"column":0},"end":{"line":76,"column":null}}},"fnMap":{"0":{"name":"(anonymous_9)","decl":{"start":{"line":6,"column":0},"end":{"line":6,"column":6}},"loc":{"start":{"line":6,"column":0},"end":{"line":74,"column":1}}},"1":{"name":"(anonymous_10)","decl":{"start":{"line":7,"column":23},"end":{"line":7,"column":30}},"loc":{"start":{"line":7,"column":52},"end":{"line":17,"column":null}}},"2":{"name":"(anonymous_11)","decl":{"start":{"line":7,"column":52},"end":{"line":7,"column":null}},"loc":{"start":{"line":7,"column":52},"end":{"line":17,"column":5}}},"3":{"name":"(anonymous_12)","decl":{"start":{"line":18,"column":22},"end":{"line":18,"column":29}},"loc":{"start":{"line":18,"column":51},"end":{"line":20,"column":null}}},"4":{"name":"(anonymous_13)","decl":{"start":{"line":18,"column":51},"end":{"line":18,"column":null}},"loc":{"start":{"line":18,"column":51},"end":{"line":20,"column":5}}},"5":{"name":"(anonymous_14)","decl":{"start":{"line":21,"column":22},"end":{"line":21,"column":29}},"loc":{"start":{"line":21,"column":71},"end":{"line":34,"column":null}}},"6":{"name":"(anonymous_15)","decl":{"start":{"line":21,"column":71},"end":{"line":21,"column":null}},"loc":{"start":{"line":21,"column":71},"end":{"line":34,"column":5}}},"7":{"name":"(anonymous_16)","decl":{"start":{"line":35,"column":22},"end":{"line":35,"column":29}},"loc":{"start":{"line":35,"column":71},"end":{"line":48,"column":null}}},"8":{"name":"(anonymous_17)","decl":{"start":{"line":35,"column":71},"end":{"line":35,"column":null}},"loc":{"start":{"line":35,"column":71},"end":{"line":48,"column":5}}},"9":{"name":"(anonymous_18)","decl":{"start":{"line":49,"column":27},"end":{"line":49,"column":34}},"loc":{"start":{"line":49,"column":56},"end":{"line":57,"column":null}}},"10":{"name":"(anonymous_19)","decl":{"start":{"line":49,"column":56},"end":{"line":49,"column":null}},"loc":{"start":{"line":49,"column":56},"end":{"line":57,"column":5}}},"11":{"name":"(anonymous_20)","decl":{"start":{"line":58,"column":18},"end":{"line":58,"column":25}},"loc":{"start":{"line":58,"column":58},"end":{"line":62,"column":null}}},"12":{"name":"(anonymous_21)","decl":{"start":{"line":58,"column":58},"end":{"line":58,"column":null}},"loc":{"start":{"line":58,"column":58},"end":{"line":62,"column":5}}},"13":{"name":"(anonymous_22)","decl":{"start":{"line":63,"column":20},"end":{"line":63,"column":27}},"loc":{"start":{"line":63,"column":71},"end":{"line":70,"column":null}}},"14":{"name":"(anonymous_23)","decl":{"start":{"line":63,"column":71},"end":{"line":63,"column":null}},"loc":{"start":{"line":63,"column":71},"end":{"line":70,"column":5}}},"15":{"name":"(anonymous_24)","decl":{"start":{"line":71,"column":21},"end":{"line":71,"column":28}},"loc":{"start":{"line":71,"column":57},"end":{"line":73,"column":null}}},"16":{"name":"(anonymous_25)","decl":{"start":{"line":71,"column":57},"end":{"line":71,"column":null}},"loc":{"start":{"line":71,"column":57},"end":{"line":73,"column":5}}}},"branchMap":{"0":{"loc":{"start":{"line":21,"column":44},"end":{"line":21,"column":67}},"type":"default-arg","locations":[{"start":{"line":21,"column":62},"end":{"line":21,"column":67}}]},"1":{"loc":{"start":{"line":24,"column":12},"end":{"line":28,"column":null}},"type":"if","locations":[{"start":{"line":24,"column":12},"end":{"line":28,"column":null}},{"start":{"line":26,"column":19},"end":{"line":28,"column":null}}]},"2":{"loc":{"start":{"line":35,"column":44},"end":{"line":35,"column":67}},"type":"default-arg","locations":[{"start":{"line":35,"column":62},"end":{"line":35,"column":67}}]},"3":{"loc":{"start":{"line":38,"column":12},"end":{"line":42,"column":null}},"type":"if","locations":[{"start":{"line":38,"column":12},"end":{"line":42,"column":null}},{"start":{"line":40,"column":19},"end":{"line":42,"column":null}}]},"4":{"loc":{"start":{"line":53,"column":8},"end":{"line":55,"column":null}},"type":"if","locations":[{"start":{"line":53,"column":8},"end":{"line":55,"column":null}}]},"5":{"loc":{"start":{"line":61,"column":14},"end":{"line":61,"column":26}},"type":"cond-expr","locations":[{"start":{"line":61,"column":18},"end":{"line":61,"column":20}},{"start":{"line":61,"column":14},"end":{"line":61,"column":26}}]},"6":{"loc":{"start":{"line":61,"column":14},"end":{"line":61,"column":20}},"type":"binary-expr","locations":[{"start":{"line":61,"column":14},"end":{"line":61,"column":20}},{"start":{"line":61,"column":14},"end":{"line":61,"column":20}}]}},"s":{"0":1,"1":1,"2":1,"3":1,"4":0,"5":0,"6":0,"7":0,"8":0,"9":0,"10":0,"11":0,"12":0,"13":0,"14":0,"15":0,"16":0,"17":0,"18":0,"19":0,"20":0,"21":0,"22":0,"23":0,"24":0,"25":0,"26":0,"27":0,"28":0,"29":0,"30":0,"31":0,"32":0,"33":0,"34":0,"35":0,"36":0,"37":0,"38":0,"39":0,"40":0,"41":0,"42":0,"43":0,"44":0,"45":0,"46":0,"47":0,"48":0,"49":1,"50":1},"f":{"0":0,"1":0,"2":0,"3":0,"4":0,"5":0,"6":0,"7":0,"8":0,"9":0,"10":0,"11":0,"12":0,"13":0,"14":0,"15":0,"16":0},"b":{"0":[0],"1":[0,0],"2":[0],"3":[0,0],"4":[0],"5":[0,0],"6":[0,0]}}
,"/home/tejas/Desktop/slcm/user/src/services/ApiCalls.ts": {"path":"/home/tejas/Desktop/slcm/user/src/services/ApiCalls.ts","statementMap":{"0":{"start":{"line":1,"column":0},"end":{"line":1,"column":25}},"1":{"start":{"line":2,"column":0},"end":{"line":2,"column":32}},"2":{"start":{"line":8,"column":0},"end":{"line":26,"column":null}},"3":{"start":{"line":9,"column":4},"end":{"line":17,"column":null}},"4":{"start":{"line":9,"column":52},"end":{"line":17,"column":null}},"5":{"start":{"line":10,"column":8},"end":{"line":13,"column":null}},"6":{"start":{"line":11,"column":29},"end":{"line":11,"column":63}},"7":{"start":{"line":12,"column":12},"end":{"line":12,"column":null}},"8":{"start":{"line":15,"column":25},"end":{"line":15,"column":67}},"9":{"start":{"line":16,"column":8},"end":{"line":16,"column":null}},"10":{"start":{"line":18,"column":4},"end":{"line":25,"column":null}},"11":{"start":{"line":18,"column":56},"end":{"line":25,"column":null}},"12":{"start":{"line":19,"column":8},"end":{"line":22,"column":null}},"13":{"start":{"line":20,"column":29},"end":{"line":20,"column":67}},"14":{"start":{"line":21,"column":12},"end":{"line":21,"column":null}},"15":{"start":{"line":23,"column":25},"end":{"line":23,"column":71}},"16":{"start":{"line":24,"column":8},"end":{"line":24,"column":null}},"17":{"start":{"line":8,"column":21},"end":{"line":26,"column":null}},"18":{"start":{"line":8,"column":21},"end":{"line":8,"column":null}}},"fnMap":{"0":{"name":"(anonymous_9)","decl":{"start":{"line":8,"column":0},"end":{"line":8,"column":21}},"loc":{"start":{"line":8,"column":0},"end":{"line":26,"column":1}}},"1":{"name":"(anonymous_10)","decl":{"start":{"line":9,"column":22},"end":{"line":9,"column":29}},"loc":{"start":{"line":9,"column":52},"end":{"line":17,"column":null}}},"2":{"name":"(anonymous_11)","decl":{"start":{"line":9,"column":52},"end":{"line":9,"column":null}},"loc":{"start":{"line":9,"column":52},"end":{"line":17,"column":5}}},"3":{"name":"(anonymous_12)","decl":{"start":{"line":18,"column":26},"end":{"line":18,"column":33}},"loc":{"start":{"line":18,"column":56},"end":{"line":25,"column":null}}},"4":{"name":"(anonymous_13)","decl":{"start":{"line":18,"column":56},"end":{"line":18,"column":null}},"loc":{"start":{"line":18,"column":56},"end":{"line":25,"column":5}}}},"branchMap":{"0":{"loc":{"start":{"line":10,"column":8},"end":{"line":13,"column":null}},"type":"if","locations":[{"start":{"line":10,"column":8},"end":{"line":13,"column":null}}]},"1":{"loc":{"start":{"line":19,"column":8},"end":{"line":22,"column":null}},"type":"if","locations":[{"start":{"line":19,"column":8},"end":{"line":22,"column":null}}]}},"s":{"0":1,"1":1,"2":1,"3":0,"4":0,"5":0,"6":0,"7":0,"8":0,"9":0,"10":0,"11":0,"12":0,"13":0,"14":0,"15":0,"16":0,"17":1,"18":1},"f":{"0":0,"1":0,"2":0,"3":0,"4":0},"b":{"0":[0],"1":[0]}}
,"/home/tejas/Desktop/slcm/user/src/services/AuthService.ts": {"path":"/home/tejas/Desktop/slcm/user/src/services/AuthService.ts","statementMap":{"0":{"start":{"line":1,"column":0},"end":{"line":1,"column":32}},"1":{"start":{"line":2,"column":0},"end":{"line":2,"column":34}},"2":{"start":{"line":3,"column":0},"end":{"line":3,"column":48}},"3":{"start":{"line":4,"column":0},"end":{"line":4,"column":35}},"4":{"start":{"line":5,"column":0},"end":{"line":5,"column":37}},"5":{"start":{"line":6,"column":0},"end":{"line":6,"column":35}},"6":{"start":{"line":7,"column":0},"end":{"line":7,"column":33}},"7":{"start":{"line":10,"column":0},"end":{"line":223,"column":null}},"8":{"start":{"line":12,"column":25},"end":{"line":12,"column":35}},"9":{"start":{"line":13,"column":25},"end":{"line":13,"column":30}},"10":{"start":{"line":18,"column":4},"end":{"line":90,"column":null}},"11":{"start":{"line":18,"column":37},"end":{"line":90,"column":null}},"12":{"start":{"line":32,"column":12},"end":{"line":32,"column":16}},"13":{"start":{"line":34,"column":8},"end":{"line":53,"column":null}},"14":{"start":{"line":35,"column":12},"end":{"line":39,"column":null}},"15":{"start":{"line":36,"column":16},"end":{"line":38,"column":null}},"16":{"start":{"line":39,"column":17},"end":{"line":39,"column":null}},"17":{"start":{"line":40,"column":12},"end":{"line":44,"column":null}},"18":{"start":{"line":41,"column":16},"end":{"line":43,"column":null}},"19":{"start":{"line":45,"column":15},"end":{"line":53,"column":null}},"20":{"start":{"line":46,"column":12},"end":{"line":52,"column":null}},"21":{"start":{"line":47,"column":16},"end":{"line":49,"column":null}},"22":{"start":{"line":51,"column":16},"end":{"line":51,"column":null}},"23":{"start":{"line":54,"column":8},"end":{"line":56,"column":null}},"24":{"start":{"line":55,"column":12},"end":{"line":55,"column":null}},"25":{"start":{"line":57,"column":8},"end":{"line":59,"column":null}},"26":{"start":{"line":58,"column":12},"end":{"line":58,"column":null}},"27":{"start":{"line":60,"column":24},"end":{"line":75,"column":10}},"28":{"start":{"line":76,"column":8},"end":{"line":89,"column":null}},"29":{"start":{"line":91,"column":4},"end":{"line":107,"column":null}},"30":{"start":{"line":91,"column":67},"end":{"line":107,"column":null}},"31":{"start":{"line":92,"column":28},"end":{"line":100,"column":10}},"32":{"start":{"line":101,"column":8},"end":{"line":106,"column":null}},"33":{"start":{"line":108,"column":4},"end":{"line":124,"column":null}},"34":{"start":{"line":108,"column":47},"end":{"line":124,"column":null}},"35":{"start":{"line":109,"column":19},"end":{"line":109,"column":64}},"36":{"start":{"line":110,"column":8},"end":{"line":115,"column":null}},"37":{"start":{"line":111,"column":12},"end":{"line":111,"column":null}},"38":{"start":{"line":112,"column":12},"end":{"line":114,"column":null}},"39":{"start":{"line":113,"column":16},"end":{"line":113,"column":null}},"40":{"start":{"line":116,"column":22},"end":{"line":116,"column":36}},"41":{"start":{"line":117,"column":23},"end":{"line":117,"column":60}},"42":{"start":{"line":118,"column":8},"end":{"line":118,"column":null}},"43":{"start":{"line":119,"column":8},"end":{"line":123,"column":null}},"44":{"start":{"line":125,"column":4},"end":{"line":139,"column":null}},"45":{"start":{"line":125,"column":52},"end":{"line":139,"column":null}},"46":{"start":{"line":126,"column":21},"end":{"line":126,"column":73}},"47":{"start":{"line":127,"column":28},"end":{"line":127,"column":38}},"48":{"start":{"line":128,"column":8},"end":{"line":137,"column":null}},"49":{"start":{"line":132,"column":12},"end":{"line":136,"column":null}},"50":{"start":{"line":138,"column":8},"end":{"line":138,"column":null}},"51":{"start":{"line":140,"column":4},"end":{"line":150,"column":null}},"52":{"start":{"line":140,"column":77},"end":{"line":150,"column":null}},"53":{"start":{"line":141,"column":21},"end":{"line":141,"column":73}},"54":{"start":{"line":142,"column":8},"end":{"line":142,"column":null}},"55":{"start":{"line":146,"column":8},"end":{"line":148,"column":null}},"56":{"start":{"line":148,"column":28},"end":{"line":148,"column":44}},"57":{"start":{"line":149,"column":8},"end":{"line":149,"column":null}},"58":{"start":{"line":151,"column":4},"end":{"line":166,"column":null}},"59":{"start":{"line":151,"column":57},"end":{"line":166,"column":null}},"60":{"start":{"line":152,"column":19},"end":{"line":152,"column":70}},"61":{"start":{"line":153,"column":8},"end":{"line":158,"column":null}},"62":{"start":{"line":154,"column":12},"end":{"line":154,"column":null}},"63":{"start":{"line":155,"column":12},"end":{"line":157,"column":null}},"64":{"start":{"line":156,"column":16},"end":{"line":156,"column":null}},"65":{"start":{"line":161,"column":30},"end":{"line":161,"column":64}},"66":{"start":{"line":162,"column":8},"end":{"line":164,"column":null}},"67":{"start":{"line":163,"column":12},"end":{"line":163,"column":null}},"68":{"start":{"line":165,"column":8},"end":{"line":165,"column":null}},"69":{"start":{"line":167,"column":4},"end":{"line":219,"column":null}},"70":{"start":{"line":167,"column":45},"end":{"line":219,"column":null}},"71":{"start":{"line":168,"column":31},"end":{"line":168,"column":67}},"72":{"start":{"line":169,"column":35},"end":{"line":169,"column":75}},"73":{"start":{"line":170,"column":8},"end":{"line":217,"column":null}},"74":{"start":{"line":171,"column":12},"end":{"line":216,"column":null}},"75":{"start":{"line":172,"column":16},"end":{"line":178,"column":null}},"76":{"start":{"line":173,"column":20},"end":{"line":177,"column":null}},"77":{"start":{"line":179,"column":33},"end":{"line":181,"column":22}},"78":{"start":{"line":180,"column":34},"end":{"line":180,"column":62}},"79":{"start":{"line":182,"column":16},"end":{"line":188,"column":null}},"80":{"start":{"line":183,"column":20},"end":{"line":187,"column":null}},"81":{"start":{"line":189,"column":16},"end":{"line":189,"column":null}},"82":{"start":{"line":190,"column":16},"end":{"line":196,"column":null}},"83":{"start":{"line":191,"column":20},"end":{"line":195,"column":null}},"84":{"start":{"line":197,"column":19},"end":{"line":216,"column":null}},"85":{"start":{"line":198,"column":16},"end":{"line":204,"column":null}},"86":{"start":{"line":199,"column":20},"end":{"line":203,"column":null}},"87":{"start":{"line":205,"column":37},"end":{"line":206,"column":null}},"88":{"start":{"line":206,"column":30},"end":{"line":206,"column":63}},"89":{"start":{"line":208,"column":16},"end":{"line":214,"column":null}},"90":{"start":{"line":209,"column":20},"end":{"line":213,"column":null}},"91":{"start":{"line":215,"column":16},"end":{"line":215,"column":null}},"92":{"start":{"line":218,"column":8},"end":{"line":218,"column":null}},"93":{"start":{"line":220,"column":4},"end":{"line":222,"column":null}},"94":{"start":{"line":220,"column":57},"end":{"line":222,"column":null}},"95":{"start":{"line":221,"column":8},"end":{"line":221,"column":null}},"96":{"start":{"line":10,"column":6},"end":{"line":223,"column":null}},"97":{"start":{"line":225,"column":0},"end":{"line":225,"column":null}}},"fnMap":{"0":{"name":"(anonymous_10)","decl":{"start":{"line":11,"column":4},"end":{"line":11,"column":null}},"loc":{"start":{"line":13,"column":38},"end":{"line":14,"column":8}}},"1":{"name":"(anonymous_11)","decl":{"start":{"line":18,"column":17},"end":{"line":18,"column":24}},"loc":{"start":{"line":18,"column":37},"end":{"line":90,"column":null}}},"2":{"name":"(anonymous_12)","decl":{"start":{"line":18,"column":37},"end":{"line":18,"column":null}},"loc":{"start":{"line":18,"column":37},"end":{"line":90,"column":5}}},"3":{"name":"(anonymous_13)","decl":{"start":{"line":91,"column":15},"end":{"line":91,"column":22}},"loc":{"start":{"line":91,"column":67},"end":{"line":107,"column":null}}},"4":{"name":"(anonymous_14)","decl":{"start":{"line":91,"column":67},"end":{"line":91,"column":null}},"loc":{"start":{"line":91,"column":67},"end":{"line":107,"column":5}}},"5":{"name":"(anonymous_15)","decl":{"start":{"line":108,"column":20},"end":{"line":108,"column":27}},"loc":{"start":{"line":108,"column":47},"end":{"line":124,"column":null}}},"6":{"name":"(anonymous_16)","decl":{"start":{"line":108,"column":47},"end":{"line":108,"column":null}},"loc":{"start":{"line":108,"column":47},"end":{"line":124,"column":5}}},"7":{"name":"(anonymous_17)","decl":{"start":{"line":125,"column":23},"end":{"line":125,"column":30}},"loc":{"start":{"line":125,"column":52},"end":{"line":139,"column":null}}},"8":{"name":"(anonymous_18)","decl":{"start":{"line":125,"column":52},"end":{"line":125,"column":null}},"loc":{"start":{"line":125,"column":52},"end":{"line":139,"column":5}}},"9":{"name":"(anonymous_19)","decl":{"start":{"line":140,"column":27},"end":{"line":140,"column":34}},"loc":{"start":{"line":140,"column":77},"end":{"line":150,"column":null}}},"10":{"name":"(anonymous_20)","decl":{"start":{"line":140,"column":77},"end":{"line":140,"column":null}},"loc":{"start":{"line":140,"column":77},"end":{"line":150,"column":5}}},"11":{"name":"(anonymous_21)","decl":{"start":{"line":148,"column":19},"end":{"line":148,"column":20}},"loc":{"start":{"line":148,"column":28},"end":{"line":148,"column":44}}},"12":{"name":"(anonymous_22)","decl":{"start":{"line":151,"column":12},"end":{"line":151,"column":19}},"loc":{"start":{"line":151,"column":57},"end":{"line":166,"column":null}}},"13":{"name":"(anonymous_23)","decl":{"start":{"line":151,"column":57},"end":{"line":151,"column":null}},"loc":{"start":{"line":151,"column":57},"end":{"line":166,"column":5}}},"14":{"name":"(anonymous_24)","decl":{"start":{"line":167,"column":22},"end":{"line":167,"column":29}},"loc":{"start":{"line":167,"column":45},"end":{"line":219,"column":null}}},"15":{"name":"(anonymous_25)","decl":{"start":{"line":167,"column":45},"end":{"line":167,"column":null}},"loc":{"start":{"line":167,"column":45},"end":{"line":219,"column":5}}},"16":{"name":"(anonymous_26)","decl":{"start":{"line":170,"column":22},"end":{"line":170,"column":23}},"loc":{"start":{"line":170,"column":38},"end":{"line":217,"column":9}}},"17":{"name":"(anonymous_27)","decl":{"start":{"line":180,"column":20},"end":{"line":180,"column":21}},"loc":{"start":{"line":180,"column":34},"end":{"line":180,"column":62}}},"18":{"name":"(anonymous_28)","decl":{"start":{"line":206,"column":20},"end":{"line":206,"column":21}},"loc":{"start":{"line":206,"column":30},"end":{"line":206,"column":63}}},"19":{"name":"(anonymous_29)","decl":{"start":{"line":220,"column":21},"end":{"line":220,"column":28}},"loc":{"start":{"line":220,"column":57},"end":{"line":222,"column":null}}},"20":{"name":"(anonymous_30)","decl":{"start":{"line":220,"column":57},"end":{"line":220,"column":null}},"loc":{"start":{"line":220,"column":57},"end":{"line":222,"column":5}}}},"branchMap":{"0":{"loc":{"start":{"line":34,"column":8},"end":{"line":53,"column":null}},"type":"if","locations":[{"start":{"line":34,"column":8},"end":{"line":53,"column":null}},{"start":{"line":45,"column":15},"end":{"line":53,"column":null}}]},"1":{"loc":{"start":{"line":35,"column":12},"end":{"line":39,"column":null}},"type":"if","locations":[{"start":{"line":35,"column":12},"end":{"line":39,"column":null}},{"start":{"line":39,"column":17},"end":{"line":39,"column":null}}]},"2":{"loc":{"start":{"line":40,"column":12},"end":{"line":44,"column":null}},"type":"if","locations":[{"start":{"line":40,"column":12},"end":{"line":44,"column":null}}]},"3":{"loc":{"start":{"line":45,"column":15},"end":{"line":53,"column":null}},"type":"if","locations":[{"start":{"line":45,"column":15},"end":{"line":53,"column":null}}]},"4":{"loc":{"start":{"line":46,"column":12},"end":{"line":52,"column":null}},"type":"if","locations":[{"start":{"line":46,"column":12},"end":{"line":52,"column":null}},{"start":{"line":50,"column":19},"end":{"line":52,"column":null}}]},"5":{"loc":{"start":{"line":54,"column":8},"end":{"line":56,"column":null}},"type":"if","locations":[{"start":{"line":54,"column":8},"end":{"line":56,"column":null}}]},"6":{"loc":{"start":{"line":57,"column":8},"end":{"line":59,"column":null}},"type":"if","locations":[{"start":{"line":57,"column":8},"end":{"line":59,"column":null}}]},"7":{"loc":{"start":{"line":68,"column":22},"end":{"line":68,"column":57}},"type":"cond-expr","locations":[{"start":{"line":68,"column":35},"end":{"line":68,"column":45}},{"start":{"line":68,"column":48},"end":{"line":68,"column":57}}]},"8":{"loc":{"start":{"line":69,"column":26},"end":{"line":69,"column":70}},"type":"cond-expr","locations":[{"start":{"line":69,"column":43},"end":{"line":69,"column":58}},{"start":{"line":69,"column":61},"end":{"line":69,"column":70}}]},"9":{"loc":{"start":{"line":110,"column":8},"end":{"line":115,"column":null}},"type":"if","locations":[{"start":{"line":110,"column":8},"end":{"line":115,"column":null}}]},"10":{"loc":{"start":{"line":112,"column":12},"end":{"line":114,"column":null}},"type":"if","locations":[{"start":{"line":112,"column":12},"end":{"line":114,"column":null}}]},"11":{"loc":{"start":{"line":128,"column":8},"end":{"line":137,"column":null}},"type":"if","locations":[{"start":{"line":128,"column":8},"end":{"line":137,"column":null}}]},"12":{"loc":{"start":{"line":129,"column":12},"end":{"line":130,"column":67}},"type":"binary-expr","locations":[{"start":{"line":129,"column":12},"end":{"line":129,"column":33}},{"start":{"line":130,"column":12},"end":{"line":130,"column":67}}]},"13":{"loc":{"start":{"line":153,"column":8},"end":{"line":158,"column":null}},"type":"if","locations":[{"start":{"line":153,"column":8},"end":{"line":158,"column":null}}]},"14":{"loc":{"start":{"line":155,"column":12},"end":{"line":157,"column":null}},"type":"if","locations":[{"start":{"line":155,"column":12},"end":{"line":157,"column":null}}]},"15":{"loc":{"start":{"line":162,"column":8},"end":{"line":164,"column":null}},"type":"if","locations":[{"start":{"line":162,"column":8},"end":{"line":164,"column":null}}]},"16":{"loc":{"start":{"line":171,"column":12},"end":{"line":216,"column":null}},"type":"if","locations":[{"start":{"line":171,"column":12},"end":{"line":216,"column":null}},{"start":{"line":197,"column":19},"end":{"line":216,"column":null}}]},"17":{"loc":{"start":{"line":172,"column":16},"end":{"line":178,"column":null}},"type":"if","locations":[{"start":{"line":172,"column":16},"end":{"line":178,"column":null}}]},"18":{"loc":{"start":{"line":179,"column":33},"end":{"line":181,"column":22}},"type":"cond-expr","locations":[{"start":{"line":181,"column":17},"end":{"line":181,"column":19}},{"start":{"line":181,"column":17},"end":{"line":181,"column":22}}]},"19":{"loc":{"start":{"line":179,"column":33},"end":{"line":181,"column":19}},"type":"binary-expr","locations":[{"start":{"line":179,"column":33},"end":{"line":181,"column":19}},{"start":{"line":181,"column":17},"end":{"line":181,"column":19}}]},"20":{"loc":{"start":{"line":182,"column":16},"end":{"line":188,"column":null}},"type":"if","locations":[{"start":{"line":182,"column":16},"end":{"line":188,"column":null}}]},"21":{"loc":{"start":{"line":190,"column":16},"end":{"line":196,"column":null}},"type":"if","locations":[{"start":{"line":190,"column":16},"end":{"line":196,"column":null}}]},"22":{"loc":{"start":{"line":197,"column":19},"end":{"line":216,"column":null}},"type":"if","locations":[{"start":{"line":197,"column":19},"end":{"line":216,"column":null}}]},"23":{"loc":{"start":{"line":198,"column":16},"end":{"line":204,"column":null}},"type":"if","locations":[{"start":{"line":198,"column":16},"end":{"line":204,"column":null}}]},"24":{"loc":{"start":{"line":208,"column":16},"end":{"line":214,"column":null}},"type":"if","locations":[{"start":{"line":208,"column":16},"end":{"line":214,"column":null}}]}},"s":{"0":1,"1":1,"2":1,"3":1,"4":1,"5":1,"6":1,"7":1,"8":2,"9":2,"10":2,"11":1,"12":1,"13":1,"14":1,"15":0,"16":1,"17":1,"18":0,"19":0,"20":0,"21":0,"22":0,"23":1,"24":0,"25":1,"26":0,"27":1,"28":1,"29":2,"30":0,"31":0,"32":0,"33":2,"34":0,"35":0,"36":0,"37":0,"38":0,"39":0,"40":0,"41":0,"42":0,"43":0,"44":2,"45":0,"46":0,"47":0,"48":0,"49":0,"50":0,"51":2,"52":0,"53":0,"54":0,"55":0,"56":0,"57":0,"58":2,"59":1,"60":1,"61":1,"62":1,"63":1,"64":1,"65":0,"66":0,"67":0,"68":0,"69":2,"70":0,"71":0,"72":0,"73":0,"74":0,"75":0,"76":0,"77":0,"78":0,"79":0,"80":0,"81":0,"82":0,"83":0,"84":0,"85":0,"86":0,"87":0,"88":0,"89":0,"90":0,"91":0,"92":0,"93":2,"94":0,"95":0,"96":1,"97":1},"f":{"0":2,"1":1,"2":1,"3":0,"4":0,"5":0,"6":0,"7":0,"8":0,"9":0,"10":0,"11":0,"12":1,"13":1,"14":0,"15":0,"16":0,"17":0,"18":0,"19":0,"20":0},"b":{"0":[1,0],"1":[0,1],"2":[0],"3":[0],"4":[0,0],"5":[0],"6":[0],"7":[1,0],"8":[0,1],"9":[0],"10":[0],"11":[0],"12":[0,0],"13":[1],"14":[1],"15":[0],"16":[0,0],"17":[0],"18":[0,0],"19":[0,0],"20":[0],"21":[0],"22":[0],"23":[0],"24":[0]}}
}
