TN:
SF:src/error.ts
FN:5,(anonymous_0)
FNF:1
FNH:1
FNDA:1,(anonymous_0)
DA:6,1
DA:7,1
DA:8,1
DA:12,1
LF:4
LH:4
BRF:0
BRH:0
end_of_record
TN:
SF:src/models/User.ts
FN:5,(anonymous_8)
FN:11,(anonymous_9)
FN:145,(anonymous_10)
FN:154,(anonymous_12)
FNF:4
FNH:2
FNDA:1,(anonymous_8)
FNDA:1,(anonymous_9)
FNDA:0,(anonymous_10)
FNDA:0,(anonymous_12)
DA:1,1
DA:2,1
DA:5,1
DA:6,1
DA:7,1
DA:8,1
DA:11,1
DA:12,1
DA:13,1
DA:14,1
DA:49,1
DA:145,1
DA:146,0
DA:147,0
DA:149,0
DA:150,0
DA:151,0
DA:154,1
DA:155,0
DA:156,0
DA:159,1
LF:21
LH:14
BRDA:5,0,0,1
BRDA:5,0,1,1
BRDA:11,1,0,1
BRDA:11,1,1,1
BRDA:146,2,0,0
BRF:5
BRH:4
end_of_record
TN:
SF:src/repo/User.ts
FN:6,(anonymous_9)
FN:7,(anonymous_10)
FN:7,(anonymous_11)
FN:18,(anonymous_12)
FN:18,(anonymous_13)
FN:21,(anonymous_14)
FN:21,(anonymous_15)
FN:35,(anonymous_16)
FN:35,(anonymous_17)
FN:49,(anonymous_18)
FN:49,(anonymous_19)
FN:58,(anonymous_20)
FN:58,(anonymous_21)
FN:63,(anonymous_22)
FN:63,(anonymous_23)
FN:71,(anonymous_24)
FN:71,(anonymous_25)
FNF:17
FNH:0
FNDA:0,(anonymous_9)
FNDA:0,(anonymous_10)
FNDA:0,(anonymous_11)
FNDA:0,(anonymous_12)
FNDA:0,(anonymous_13)
FNDA:0,(anonymous_14)
FNDA:0,(anonymous_15)
FNDA:0,(anonymous_16)
FNDA:0,(anonymous_17)
FNDA:0,(anonymous_18)
FNDA:0,(anonymous_19)
FNDA:0,(anonymous_20)
FNDA:0,(anonymous_21)
FNDA:0,(anonymous_22)
FNDA:0,(anonymous_23)
FNDA:0,(anonymous_24)
FNDA:0,(anonymous_25)
DA:1,1
DA:2,1
DA:3,1
DA:6,1
DA:7,0
DA:8,0
DA:11,0
DA:12,0
DA:14,0
DA:15,0
DA:18,0
DA:19,0
DA:21,0
DA:22,0
DA:24,0
DA:25,0
DA:27,0
DA:29,0
DA:31,0
DA:32,0
DA:35,0
DA:36,0
DA:38,0
DA:39,0
DA:41,0
DA:43,0
DA:45,0
DA:46,0
DA:49,0
DA:50,0
DA:53,0
DA:54,0
DA:56,0
DA:58,0
DA:59,0
DA:60,0
DA:61,0
DA:63,0
DA:64,0
DA:71,0
DA:72,0
DA:76,1
LF:42
LH:5
BRDA:21,0,0,0
BRDA:24,1,0,0
BRDA:24,1,1,0
BRDA:35,2,0,0
BRDA:38,3,0,0
BRDA:38,3,1,0
BRDA:53,4,0,0
BRDA:61,5,0,0
BRDA:61,5,1,0
BRDA:61,6,0,0
BRDA:61,6,1,0
BRF:11
BRH:0
end_of_record
TN:
SF:src/services/ApiCalls.ts
FN:8,(anonymous_9)
FN:9,(anonymous_10)
FN:9,(anonymous_11)
FN:18,(anonymous_12)
FN:18,(anonymous_13)
FNF:5
FNH:0
FNDA:0,(anonymous_9)
FNDA:0,(anonymous_10)
FNDA:0,(anonymous_11)
FNDA:0,(anonymous_12)
FNDA:0,(anonymous_13)
DA:1,1
DA:2,1
DA:8,1
DA:9,0
DA:10,0
DA:11,0
DA:12,0
DA:15,0
DA:16,0
DA:18,0
DA:19,0
DA:20,0
DA:21,0
DA:23,0
DA:24,0
LF:15
LH:3
BRDA:10,0,0,0
BRDA:19,1,0,0
BRF:2
BRH:0
end_of_record
TN:
SF:src/services/AuthService.ts
FN:11,(anonymous_10)
FN:18,(anonymous_11)
FN:18,(anonymous_12)
FN:91,(anonymous_13)
FN:91,(anonymous_14)
FN:108,(anonymous_15)
FN:108,(anonymous_16)
FN:125,(anonymous_17)
FN:125,(anonymous_18)
FN:140,(anonymous_19)
FN:140,(anonymous_20)
FN:148,(anonymous_21)
FN:151,(anonymous_22)
FN:151,(anonymous_23)
FN:167,(anonymous_24)
FN:167,(anonymous_25)
FN:170,(anonymous_26)
FN:180,(anonymous_27)
FN:206,(anonymous_28)
FN:220,(anonymous_29)
FN:220,(anonymous_30)
FNF:21
FNH:5
FNDA:2,(anonymous_10)
FNDA:1,(anonymous_11)
FNDA:1,(anonymous_12)
FNDA:0,(anonymous_13)
FNDA:0,(anonymous_14)
FNDA:0,(anonymous_15)
FNDA:0,(anonymous_16)
FNDA:0,(anonymous_17)
FNDA:0,(anonymous_18)
FNDA:0,(anonymous_19)
FNDA:0,(anonymous_20)
FNDA:0,(anonymous_21)
FNDA:1,(anonymous_22)
FNDA:1,(anonymous_23)
FNDA:0,(anonymous_24)
FNDA:0,(anonymous_25)
FNDA:0,(anonymous_26)
FNDA:0,(anonymous_27)
FNDA:0,(anonymous_28)
FNDA:0,(anonymous_29)
FNDA:0,(anonymous_30)
DA:1,1
DA:2,1
DA:3,1
DA:4,1
DA:5,1
DA:6,1
DA:7,1
DA:10,1
DA:12,2
DA:13,2
DA:18,2
DA:32,1
DA:34,1
DA:35,1
DA:36,0
DA:39,1
DA:40,1
DA:41,0
DA:45,0
DA:46,0
DA:47,0
DA:51,0
DA:54,1
DA:55,0
DA:57,1
DA:58,0
DA:60,1
DA:76,1
DA:91,2
DA:92,0
DA:101,0
DA:108,2
DA:109,0
DA:110,0
DA:111,0
DA:112,0
DA:113,0
DA:116,0
DA:117,0
DA:118,0
DA:119,0
DA:125,2
DA:126,0
DA:127,0
DA:128,0
DA:132,0
DA:138,0
DA:140,2
DA:141,0
DA:142,0
DA:146,0
DA:148,0
DA:149,0
DA:151,2
DA:152,1
DA:153,1
DA:154,1
DA:155,1
DA:156,1
DA:161,0
DA:162,0
DA:163,0
DA:165,0
DA:167,2
DA:168,0
DA:169,0
DA:170,0
DA:171,0
DA:172,0
DA:173,0
DA:179,0
DA:180,0
DA:182,0
DA:183,0
DA:189,0
DA:190,0
DA:191,0
DA:197,0
DA:198,0
DA:199,0
DA:205,0
DA:206,0
DA:208,0
DA:209,0
DA:215,0
DA:218,0
DA:220,2
DA:221,0
DA:225,1
LF:89
LH:33
BRDA:34,0,0,1
BRDA:34,0,1,0
BRDA:35,1,0,0
BRDA:35,1,1,1
BRDA:40,2,0,0
BRDA:45,3,0,0
BRDA:46,4,0,0
BRDA:46,4,1,0
BRDA:54,5,0,0
BRDA:57,6,0,0
BRDA:68,7,0,1
BRDA:68,7,1,0
BRDA:69,8,0,0
BRDA:69,8,1,1
BRDA:110,9,0,0
BRDA:112,10,0,0
BRDA:128,11,0,0
BRDA:129,12,0,0
BRDA:129,12,1,0
BRDA:153,13,0,1
BRDA:155,14,0,1
BRDA:162,15,0,0
BRDA:171,16,0,0
BRDA:171,16,1,0
BRDA:172,17,0,0
BRDA:179,18,0,0
BRDA:179,18,1,0
BRDA:179,19,0,0
BRDA:179,19,1,0
BRDA:182,20,0,0
BRDA:190,21,0,0
BRDA:197,22,0,0
BRDA:198,23,0,0
BRDA:208,24,0,0
BRF:34
BRH:6
end_of_record
